#
# There is insufficient memory for the Java Runtime Environment to continue.
# Native memory allocation (mmap) failed to map 89128960 bytes for G1 virtual space
# Possible reasons:
#   The system is out of physical RAM or swap space
#   The process is running with CompressedOops enabled, and the Java Heap may be blocking the growth of the native heap
# Possible solutions:
#   Reduce memory load on the system
#   Increase physical memory or swap space
#   Check if swap backing store is full
#   Decrease Java heap size (-Xmx/-Xms)
#   Decrease number of Java threads
#   Decrease Java thread stack sizes (-Xss)
#   Set larger code cache with -XX:ReservedCodeCacheSize=
#   JVM is running with Unscaled Compressed Oops mode in which the Java heap is
#     placed in the first 4GB address space. The Java Heap base address is the
#     maximum limit for the native heap growth. Please use -XX:HeapBaseMinAddress
#     to set the Java Heap base and to place the Java Heap above 4GB virtual address.
# This output file may be truncated or incomplete.
#
#  Out of Memory Error (os_windows.cpp:3825), pid=15216, tid=3572
#
# JRE version: OpenJDK Runtime Environment (17.0.10) (build 17.0.10+0--11609105)
# Java VM: OpenJDK 64-Bit Server VM (17.0.10+0--11609105, mixed mode, tiered, compressed oops, compressed class ptrs, g1 gc, windows-amd64)
# No core dump will be written. Minidumps are not enabled by default on client versions of Windows
#

---------------  S U M M A R Y ------------

Command Line: --add-opens=java.base/java.util=ALL-UNNAMED --add-opens=java.base/java.lang=ALL-UNNAMED --add-opens=java.base/java.lang.invoke=ALL-UNNAMED --add-opens=java.prefs/java.util.prefs=ALL-UNNAMED --add-opens=java.base/java.nio.charset=ALL-UNNAMED --add-opens=java.base/java.net=ALL-UNNAMED --add-opens=java.base/java.util.concurrent.atomic=ALL-UNNAMED -Xmx2048m -Dfile.encoding=UTF-8 -Duser.country=US -Duser.language=en -Duser.variant -javaagent:C:\Users\HP\.gradle\wrapper\dists\gradle-8.7-bin\bhs2wmbdwecv87pi65oeuq5iu\gradle-8.7\lib\agents\gradle-instrumentation-agent-8.7.jar org.gradle.launcher.daemon.bootstrap.GradleDaemon 8.7

Host: 11th Gen Intel(R) Core(TM) i5-1135G7 @ 2.40GHz, 8 cores, 7G,  Windows 10 , 64 bit Build 19041 (10.0.19041.3636)
Time: Tue Jun 25 09:07:17 2024 Sri Lanka Standard Time elapsed time: 13.104942 seconds (0d 0h 0m 13s)

---------------  T H R E A D  ---------------

Current thread (0x000001a95479de20):  VMThread "VM Thread" [stack: 0x000000287bd00000,0x000000287be00000] [id=3572]

Stack: [0x000000287bd00000,0x000000287be00000]
Native frames: (J=compiled Java code, j=interpreted, Vv=VM code, C=native code)
V  [jvm.dll+0x688de9]
V  [jvm.dll+0x8423da]
V  [jvm.dll+0x84401e]
V  [jvm.dll+0x844683]
V  [jvm.dll+0x24be0f]
V  [jvm.dll+0x685bb9]
V  [jvm.dll+0x67a46a]
V  [jvm.dll+0x30cbab]
V  [jvm.dll+0x314056]
V  [jvm.dll+0x363dce]
V  [jvm.dll+0x363fff]
V  [jvm.dll+0x2e2978]
V  [jvm.dll+0x2e0b54]
V  [jvm.dll+0x2e015c]
V  [jvm.dll+0x32502b]
V  [jvm.dll+0x848d7b]
V  [jvm.dll+0x849ac1]
V  [jvm.dll+0x849fdd]
V  [jvm.dll+0x84a3b4]
V  [jvm.dll+0x84a480]
V  [jvm.dll+0x7f0c7a]
V  [jvm.dll+0x687c65]
C  [ucrtbase.dll+0x21bb2]
C  [KERNEL32.DLL+0x17344]
C  [ntdll.dll+0x4cc91]

VM_Operation (0x000000287d4f46c0): G1CollectForAllocation, mode: safepoint, requested by thread 0x000001a95a95ee60


---------------  P R O C E S S  ---------------

Threads class SMR info:
_java_thread_list=0x000001a95d22ca60, length=47, elements={
0x000001a93ac4f600, 0x000001a95905c620, 0x000001a959062250, 0x000001a95907e000,
0x000001a95907e8d0, 0x000001a9590831c0, 0x000001a959083a90, 0x000001a959084690,
0x000001a959085050, 0x000001a959085960, 0x000001a9591905b0, 0x000001a9592e9060,
0x000001a959a99370, 0x000001a959d74500, 0x000001a95a16fa60, 0x000001a95a228de0,
0x000001a959f617c0, 0x000001a95a917800, 0x000001a95a95ee60, 0x000001a959ed1c80,
0x000001a959ed0330, 0x000001a959ece4d0, 0x000001a959ed1260, 0x000001a959ed0d50,
0x000001a959ecfe20, 0x000001a959ed0840, 0x000001a959eceef0, 0x000001a959ecf400,
0x000001a95b21a300, 0x000001a95b21a810, 0x000001a95b220d50, 0x000001a95b21d5a0,
0x000001a95b21dab0, 0x000001a95b21fe20, 0x000001a95b220330, 0x000001a95b21d090,
0x000001a95b21dfc0, 0x000001a95b21e4d0, 0x000001a95b220840, 0x000001a95b219df0,
0x000001a95b21c160, 0x000001a95b21e9e0, 0x000001a95b221770, 0x000001a95b21eef0,
0x000001a95b21c670, 0x000001a95b21ad20, 0x000001a95b21b230
}

Java Threads: ( => current thread )
  0x000001a93ac4f600 JavaThread "main" [_thread_blocked, id=6036, stack(0x000000287b700000,0x000000287b800000)]
  0x000001a95905c620 JavaThread "Reference Handler" daemon [_thread_blocked, id=13984, stack(0x000000287be00000,0x000000287bf00000)]
  0x000001a959062250 JavaThread "Finalizer" daemon [_thread_blocked, id=4080, stack(0x000000287bf00000,0x000000287c000000)]
  0x000001a95907e000 JavaThread "Signal Dispatcher" daemon [_thread_blocked, id=17556, stack(0x000000287c000000,0x000000287c100000)]
  0x000001a95907e8d0 JavaThread "Attach Listener" daemon [_thread_blocked, id=21320, stack(0x000000287c100000,0x000000287c200000)]
  0x000001a9590831c0 JavaThread "Service Thread" daemon [_thread_blocked, id=15676, stack(0x000000287c200000,0x000000287c300000)]
  0x000001a959083a90 JavaThread "Monitor Deflation Thread" daemon [_thread_blocked, id=11688, stack(0x000000287c300000,0x000000287c400000)]
  0x000001a959084690 JavaThread "C2 CompilerThread0" daemon [_thread_blocked, id=15432, stack(0x000000287c400000,0x000000287c500000)]
  0x000001a959085050 JavaThread "C1 CompilerThread0" daemon [_thread_blocked, id=18568, stack(0x000000287c500000,0x000000287c600000)]
  0x000001a959085960 JavaThread "Sweeper thread" daemon [_thread_blocked, id=19908, stack(0x000000287c600000,0x000000287c700000)]
  0x000001a9591905b0 JavaThread "Common-Cleaner" daemon [_thread_blocked, id=8444, stack(0x000000287c700000,0x000000287c800000)]
  0x000001a9592e9060 JavaThread "Notification Thread" daemon [_thread_blocked, id=21112, stack(0x000000287c800000,0x000000287c900000)]
  0x000001a959a99370 JavaThread "Daemon health stats" [_thread_blocked, id=14364, stack(0x000000287ce00000,0x000000287cf00000)]
  0x000001a959d74500 JavaThread "Incoming local TCP Connector on port 61510" [_thread_in_native, id=21136, stack(0x000000287cf00000,0x000000287d000000)]
  0x000001a95a16fa60 JavaThread "Daemon periodic checks" [_thread_blocked, id=6380, stack(0x000000287d000000,0x000000287d100000)]
  0x000001a95a228de0 JavaThread "Daemon" [_thread_blocked, id=21240, stack(0x000000287d100000,0x000000287d200000)]
  0x000001a959f617c0 JavaThread "Handler for socket connection from /127.0.0.1:61510 to /127.0.0.1:61511" [_thread_in_native, id=2664, stack(0x000000287d200000,0x000000287d300000)]
  0x000001a95a917800 JavaThread "Cancel handler" [_thread_blocked, id=14800, stack(0x000000287d300000,0x000000287d400000)]
  0x000001a95a95ee60 JavaThread "Daemon worker" [_thread_blocked, id=15436, stack(0x000000287d400000,0x000000287d500000)]
  0x000001a959ed1c80 JavaThread "Asynchronous log dispatcher for DefaultDaemonConnection: socket connection from /127.0.0.1:61510 to /127.0.0.1:61511" [_thread_blocked, id=2352, stack(0x000000287d500000,0x000000287d600000)]
  0x000001a959ed0330 JavaThread "Stdin handler" [_thread_blocked, id=18960, stack(0x000000287d600000,0x000000287d700000)]
  0x000001a959ece4d0 JavaThread "Daemon client event forwarder" [_thread_blocked, id=13428, stack(0x000000287d700000,0x000000287d800000)]
  0x000001a959ed1260 JavaThread "Cache worker for journal cache (C:\Users\HP\.gradle\caches\journal-1)" [_thread_blocked, id=7228, stack(0x000000287dc00000,0x000000287dd00000)]
  0x000001a959ed0d50 JavaThread "File lock request listener" [_thread_in_native, id=16860, stack(0x000000287dd00000,0x000000287de00000)]
  0x000001a959ecfe20 JavaThread "Cache worker for file hash cache (C:\Users\HP\.gradle\caches\8.7\fileHashes)" [_thread_blocked, id=8716, stack(0x000000287de00000,0x000000287df00000)]
  0x000001a959ed0840 JavaThread "Cache worker for file hash cache (C:\Users\HP\AndroidStudioProjects\LoginApp\.gradle\8.7\fileHashes)" [_thread_blocked, id=19020, stack(0x000000287df00000,0x000000287e000000)]
  0x000001a959eceef0 JavaThread "File watcher server" daemon [_thread_blocked, id=10200, stack(0x000000287e000000,0x000000287e100000)]
  0x000001a959ecf400 JavaThread "File watcher consumer" daemon [_thread_blocked, id=10540, stack(0x000000287e100000,0x000000287e200000)]
  0x000001a95b21a300 JavaThread "Cache worker for checksums cache (C:\Users\HP\AndroidStudioProjects\LoginApp\.gradle\8.7\checksums)" [_thread_blocked, id=15884, stack(0x000000287e200000,0x000000287e300000)]
  0x000001a95b21a810 JavaThread "Cache worker for cache directory md-supplier (C:\Users\HP\.gradle\caches\8.7\md-supplier)" [_thread_blocked, id=6328, stack(0x000000287e300000,0x000000287e400000)]
  0x000001a95b220d50 JavaThread "Cache worker for cache directory md-rule (C:\Users\HP\.gradle\caches\8.7\md-rule)" [_thread_blocked, id=17296, stack(0x000000287e400000,0x000000287e500000)]
  0x000001a95b21d5a0 JavaThread "Cache worker for file content cache (C:\Users\HP\.gradle\caches\8.7\fileContent)" [_thread_blocked, id=9352, stack(0x000000287e500000,0x000000287e600000)]
  0x000001a95b21dab0 JavaThread "Cache worker for Build Output Cleanup Cache (C:\Users\HP\AndroidStudioProjects\LoginApp\.gradle\buildOutputCleanup)" [_thread_blocked, id=4028, stack(0x000000287e700000,0x000000287e800000)]
  0x000001a95b21fe20 JavaThread "Unconstrained build operations" [_thread_blocked, id=10696, stack(0x000000287e800000,0x000000287e900000)]
  0x000001a95b220330 JavaThread "Unconstrained build operations Thread 2" [_thread_blocked, id=19588, stack(0x000000287e900000,0x000000287ea00000)]
  0x000001a95b21d090 JavaThread "Unconstrained build operations Thread 3" [_thread_blocked, id=13196, stack(0x000000287ea00000,0x000000287eb00000)]
  0x000001a95b21dfc0 JavaThread "Unconstrained build operations Thread 4" [_thread_blocked, id=11812, stack(0x000000287eb00000,0x000000287ec00000)]
  0x000001a95b21e4d0 JavaThread "Unconstrained build operations Thread 5" [_thread_blocked, id=11824, stack(0x000000287ec00000,0x000000287ed00000)]
  0x000001a95b220840 JavaThread "Unconstrained build operations Thread 6" [_thread_blocked, id=18564, stack(0x000000287ed00000,0x000000287ee00000)]
  0x000001a95b219df0 JavaThread "Unconstrained build operations Thread 7" [_thread_blocked, id=12212, stack(0x000000287ee00000,0x000000287ef00000)]
  0x000001a95b21c160 JavaThread "Unconstrained build operations Thread 8" [_thread_blocked, id=17760, stack(0x000000287ef00000,0x000000287f000000)]
  0x000001a95b21e9e0 JavaThread "Unconstrained build operations Thread 9" [_thread_blocked, id=8572, stack(0x000000287f000000,0x000000287f100000)]
  0x000001a95b221770 JavaThread "Unconstrained build operations Thread 10" [_thread_blocked, id=13240, stack(0x000000287f100000,0x000000287f200000)]
  0x000001a95b21eef0 JavaThread "Unconstrained build operations Thread 11" [_thread_blocked, id=19088, stack(0x000000287f200000,0x000000287f300000)]
  0x000001a95b21c670 JavaThread "Unconstrained build operations Thread 12" [_thread_blocked, id=18232, stack(0x000000287f300000,0x000000287f400000)]
  0x000001a95b21ad20 JavaThread "Unconstrained build operations Thread 13" [_thread_blocked, id=19264, stack(0x000000287f400000,0x000000287f500000)]
  0x000001a95b21b230 JavaThread "Unconstrained build operations Thread 14" [_thread_blocked, id=11404, stack(0x000000287f500000,0x000000287f600000)]

Other Threads:
=>0x000001a95479de20 VMThread "VM Thread" [stack: 0x000000287bd00000,0x000000287be00000] [id=3572]
  0x000001a93ac503d0 WatcherThread [stack: 0x000000287c900000,0x000000287ca00000] [id=2140]
  0x000001a93acad6f0 GCTaskThread "GC Thread#0" [stack: 0x000000287b800000,0x000000287b900000] [id=5724]
  0x000001a95954cfb0 GCTaskThread "GC Thread#1" [stack: 0x000000287ca00000,0x000000287cb00000] [id=11128]
  0x000001a959c7b890 GCTaskThread "GC Thread#2" [stack: 0x000000287cb00000,0x000000287cc00000] [id=6800]
  0x000001a959c7bb50 GCTaskThread "GC Thread#3" [stack: 0x000000287cc00000,0x000000287cd00000] [id=13420]
  0x000001a95a6f7e10 GCTaskThread "GC Thread#4" [stack: 0x000000287cd00000,0x000000287ce00000] [id=21448]
  0x000001a95a82ff90 GCTaskThread "GC Thread#5" [stack: 0x000000287d800000,0x000000287d900000] [id=14208]
  0x000001a95a832290 GCTaskThread "GC Thread#6" [stack: 0x000000287d900000,0x000000287da00000] [id=20052]
  0x000001a95a1bac60 GCTaskThread "GC Thread#7" [stack: 0x000000287da00000,0x000000287db00000] [id=16488]
  0x000001a93acbe550 ConcurrentGCThread "G1 Main Marker" [stack: 0x000000287b900000,0x000000287ba00000] [id=19776]
  0x000001a93acbf620 ConcurrentGCThread "G1 Conc#0" [stack: 0x000000287ba00000,0x000000287bb00000] [id=20680]
  0x000001a95aff9c60 ConcurrentGCThread "G1 Conc#1" [stack: 0x000000287db00000,0x000000287dc00000] [id=15628]
  0x000001a93ad06100 ConcurrentGCThread "G1 Refine#0" [stack: 0x000000287bb00000,0x000000287bc00000] [id=13576]
  0x000001a95b239a80 ConcurrentGCThread "G1 Refine#1" [stack: 0x000000287e600000,0x000000287e700000] [id=13320]
  0x000001a93ad06a40 ConcurrentGCThread "G1 Service" [stack: 0x000000287bc00000,0x000000287bd00000] [id=20084]

Threads with active compile tasks:
C2 CompilerThread0    13143 6652       4       jdk.internal.loader.URLClassPath::getResource (74 bytes)
C1 CompilerThread0    13143 6702   !   3       org.gradle.internal.event.DefaultListenerManager$EventBroadcast::endNotification (145 bytes)

VM state: at safepoint (normal execution)

VM Mutex/Monitor currently owned by a thread:  ([mutex/lock_event])
[0x000001a93ac4a7a0] Threads_lock - owner thread: 0x000001a95479de20
[0x000001a93ac4a8c0] Heap_lock - owner thread: 0x000001a95a95ee60

Heap address: 0x0000000080000000, size: 2048 MB, Compressed Oops mode: 32-bit

CDS archive(s) not mapped
Compressed class space mapped at: 0x0000000100000000-0x0000000140000000, reserved size: 1073741824
Narrow klass base: 0x0000000000000000, Narrow klass shift: 3, Narrow klass range: 0x140000000

GC Precious Log:
 CPUs: 8 total, 8 available
 Memory: 7932M
 Large Page Support: Disabled
 NUMA Support: Disabled
 Compressed Oops: Enabled (32-bit)
 Heap Region Size: 1M
 Heap Min Capacity: 8M
 Heap Initial Capacity: 124M
 Heap Max Capacity: 2G
 Pre-touch: Disabled
 Parallel Workers: 8
 Concurrent Workers: 2
 Concurrent Refinement Workers: 8
 Periodic GC: Disabled

Heap:
 garbage-first heap   total 130048K, used 63804K [0x0000000080000000, 0x0000000100000000)
  region size 1024K, 1 young (1024K), 1 survivors (1024K)
 Metaspace       used 59522K, committed 60160K, reserved 1114112K
  class space    used 8163K, committed 8448K, reserved 1048576K

Heap Regions: E=young(eden), S=young(survivor), O=old, HS=humongous(starts), HC=humongous(continues), CS=collection set, F=free, OA=open archive, CA=closed archive, TAMS=top-at-mark-start (previous, next)
|   0|0x0000000080000000, 0x0000000080100000, 0x0000000080100000|100%|HS|  |TAMS 0x0000000080100000, 0x0000000080000000| Complete 
|   1|0x0000000080100000, 0x0000000080200000, 0x0000000080200000|100%|HC|  |TAMS 0x0000000080200000, 0x0000000080100000| Complete 
|   2|0x0000000080200000, 0x0000000080300000, 0x0000000080300000|100%|HC|  |TAMS 0x0000000080300000, 0x0000000080200000| Complete 
|   3|0x0000000080300000, 0x0000000080400000, 0x0000000080400000|100%|HC|  |TAMS 0x0000000080400000, 0x0000000080300000| Complete 
|   4|0x0000000080400000, 0x0000000080500000, 0x0000000080500000|100%| O|  |TAMS 0x0000000080500000, 0x0000000080400000| Untracked 
|   5|0x0000000080500000, 0x0000000080600000, 0x0000000080600000|100%| O|  |TAMS 0x0000000080600000, 0x0000000080500000| Untracked 
|   6|0x0000000080600000, 0x0000000080700000, 0x0000000080700000|100%| O|  |TAMS 0x0000000080700000, 0x0000000080600000| Untracked 
|   7|0x0000000080700000, 0x0000000080800000, 0x0000000080800000|100%| O|  |TAMS 0x0000000080800000, 0x0000000080700000| Untracked 
|   8|0x0000000080800000, 0x0000000080900000, 0x0000000080900000|100%| O|  |TAMS 0x0000000080900000, 0x0000000080800000| Untracked 
|   9|0x0000000080900000, 0x0000000080a00000, 0x0000000080a00000|100%| O|  |TAMS 0x0000000080a00000, 0x0000000080900000| Untracked 
|  10|0x0000000080a00000, 0x0000000080aa9200, 0x0000000080b00000| 66%| O|  |TAMS 0x0000000080aa9200, 0x0000000080a00000| Untracked 
|  11|0x0000000080b00000, 0x0000000080c00000, 0x0000000080c00000|100%| O|  |TAMS 0x0000000080c00000, 0x0000000080b00000| Untracked 
|  12|0x0000000080c00000, 0x0000000080d00000, 0x0000000080d00000|100%| O|  |TAMS 0x0000000080d00000, 0x0000000080c00000| Untracked 
|  13|0x0000000080d00000, 0x0000000080e00000, 0x0000000080e00000|100%| O|  |TAMS 0x0000000080e00000, 0x0000000080d00000| Untracked 
|  14|0x0000000080e00000, 0x0000000080f00000, 0x0000000080f00000|100%| O|  |TAMS 0x0000000080f00000, 0x0000000080e00000| Untracked 
|  15|0x0000000080f00000, 0x0000000081000000, 0x0000000081000000|100%| O|  |TAMS 0x0000000081000000, 0x0000000080f00000| Untracked 
|  16|0x0000000081000000, 0x0000000081100000, 0x0000000081100000|100%| O|  |TAMS 0x0000000081100000, 0x0000000081000000| Untracked 
|  17|0x0000000081100000, 0x0000000081200000, 0x0000000081200000|100%| O|  |TAMS 0x0000000081200000, 0x0000000081100000| Untracked 
|  18|0x0000000081200000, 0x0000000081300000, 0x0000000081300000|100%| O|  |TAMS 0x0000000081300000, 0x0000000081200000| Untracked 
|  19|0x0000000081300000, 0x0000000081400000, 0x0000000081400000|100%| O|  |TAMS 0x0000000081400000, 0x0000000081300000| Untracked 
|  20|0x0000000081400000, 0x0000000081500000, 0x0000000081500000|100%| O|  |TAMS 0x0000000081500000, 0x0000000081400000| Untracked 
|  21|0x0000000081500000, 0x0000000081600000, 0x0000000081600000|100%| O|  |TAMS 0x0000000081600000, 0x0000000081500000| Untracked 
|  22|0x0000000081600000, 0x0000000081700000, 0x0000000081700000|100%| O|  |TAMS 0x0000000081700000, 0x0000000081600000| Untracked 
|  23|0x0000000081700000, 0x0000000081800000, 0x0000000081800000|100%|HS|  |TAMS 0x0000000081700000, 0x0000000081700000| Complete 
|  24|0x0000000081800000, 0x0000000081900000, 0x0000000081900000|100%| O|  |TAMS 0x0000000081900000, 0x0000000081800000| Untracked 
|  25|0x0000000081900000, 0x0000000081a00000, 0x0000000081a00000|100%| O|  |TAMS 0x0000000081a00000, 0x0000000081900000| Untracked 
|  26|0x0000000081a00000, 0x0000000081b00000, 0x0000000081b00000|100%| O|  |TAMS 0x0000000081b00000, 0x0000000081a00000| Untracked 
|  27|0x0000000081b00000, 0x0000000081c00000, 0x0000000081c00000|100%| O|  |TAMS 0x0000000081c00000, 0x0000000081b00000| Untracked 
|  28|0x0000000081c00000, 0x0000000081d00000, 0x0000000081d00000|100%| O|  |TAMS 0x0000000081d00000, 0x0000000081c00000| Untracked 
|  29|0x0000000081d00000, 0x0000000081d00000, 0x0000000081e00000|  0%| F|  |TAMS 0x0000000081d00000, 0x0000000081d00000| Untracked 
|  30|0x0000000081e00000, 0x0000000081f00000, 0x0000000081f00000|100%| O|  |TAMS 0x0000000081f00000, 0x0000000081e00000| Untracked 
|  31|0x0000000081f00000, 0x0000000082000000, 0x0000000082000000|100%| O|  |TAMS 0x0000000082000000, 0x0000000081f00000| Untracked 
|  32|0x0000000082000000, 0x0000000082100000, 0x0000000082100000|100%| O|  |TAMS 0x0000000082100000, 0x0000000082000000| Untracked 
|  33|0x0000000082100000, 0x0000000082200000, 0x0000000082200000|100%| O|  |TAMS 0x0000000082200000, 0x0000000082100000| Untracked 
|  34|0x0000000082200000, 0x0000000082300000, 0x0000000082300000|100%| O|  |TAMS 0x0000000082300000, 0x0000000082200000| Untracked 
|  35|0x0000000082300000, 0x0000000082400000, 0x0000000082400000|100%| O|  |TAMS 0x0000000082400000, 0x0000000082300000| Untracked 
|  36|0x0000000082400000, 0x0000000082500000, 0x0000000082500000|100%| O|  |TAMS 0x0000000082500000, 0x0000000082400000| Untracked 
|  37|0x0000000082500000, 0x0000000082600000, 0x0000000082600000|100%| O|  |TAMS 0x0000000082600000, 0x0000000082500000| Untracked 
|  38|0x0000000082600000, 0x0000000082700000, 0x0000000082700000|100%| O|  |TAMS 0x0000000082700000, 0x0000000082600000| Untracked 
|  39|0x0000000082700000, 0x0000000082800000, 0x0000000082800000|100%| O|  |TAMS 0x0000000082800000, 0x0000000082700000| Untracked 
|  40|0x0000000082800000, 0x0000000082900000, 0x0000000082900000|100%| O|  |TAMS 0x0000000082900000, 0x0000000082800000| Untracked 
|  41|0x0000000082900000, 0x0000000082a00000, 0x0000000082a00000|100%|HS|  |TAMS 0x0000000082a00000, 0x0000000082900000| Complete 
|  42|0x0000000082a00000, 0x0000000082b00000, 0x0000000082b00000|100%|HS|  |TAMS 0x0000000082b00000, 0x0000000082a00000| Complete 
|  43|0x0000000082b00000, 0x0000000082c00000, 0x0000000082c00000|100%|HS|  |TAMS 0x0000000082c00000, 0x0000000082b00000| Complete 
|  44|0x0000000082c00000, 0x0000000082d00000, 0x0000000082d00000|100%|HC|  |TAMS 0x0000000082d00000, 0x0000000082c00000| Complete 
|  45|0x0000000082d00000, 0x0000000082e00000, 0x0000000082e00000|100%|HS|  |TAMS 0x0000000082e00000, 0x0000000082d00000| Complete 
|  46|0x0000000082e00000, 0x0000000082f00000, 0x0000000082f00000|100%|HC|  |TAMS 0x0000000082f00000, 0x0000000082e00000| Complete 
|  47|0x0000000082f00000, 0x0000000083000000, 0x0000000083000000|100%|HS|  |TAMS 0x0000000083000000, 0x0000000082f00000| Complete 
|  48|0x0000000083000000, 0x0000000083100000, 0x0000000083100000|100%|HS|  |TAMS 0x0000000083100000, 0x0000000083000000| Complete 
|  49|0x0000000083100000, 0x0000000083200000, 0x0000000083200000|100%|HC|  |TAMS 0x0000000083200000, 0x0000000083100000| Complete 
|  50|0x0000000083200000, 0x0000000083300000, 0x0000000083300000|100%|HC|  |TAMS 0x0000000083300000, 0x0000000083200000| Complete 
|  51|0x0000000083300000, 0x0000000083400000, 0x0000000083400000|100%|HC|  |TAMS 0x0000000083400000, 0x0000000083300000| Complete 
|  52|0x0000000083400000, 0x0000000083500000, 0x0000000083500000|100%|HS|  |TAMS 0x0000000083500000, 0x0000000083400000| Complete 
|  53|0x0000000083500000, 0x0000000083600000, 0x0000000083600000|100%| O|  |TAMS 0x0000000083600000, 0x0000000083500000| Untracked 
|  54|0x0000000083600000, 0x0000000083700000, 0x0000000083700000|100%|HS|  |TAMS 0x0000000083700000, 0x0000000083600000| Complete 
|  55|0x0000000083700000, 0x0000000083800000, 0x0000000083800000|100%| O|  |TAMS 0x0000000083800000, 0x0000000083700000| Untracked 
|  56|0x0000000083800000, 0x0000000083837800, 0x0000000083900000| 21%| O|  |TAMS 0x0000000083800000, 0x0000000083800000| Untracked 
|  57|0x0000000083900000, 0x0000000083900000, 0x0000000083a00000|  0%| F|  |TAMS 0x0000000083900000, 0x0000000083900000| Untracked 
|  58|0x0000000083a00000, 0x0000000083a00000, 0x0000000083b00000|  0%| F|  |TAMS 0x0000000083a00000, 0x0000000083a00000| Untracked 
|  59|0x0000000083b00000, 0x0000000083b00000, 0x0000000083c00000|  0%| F|  |TAMS 0x0000000083b00000, 0x0000000083b00000| Untracked 
|  60|0x0000000083c00000, 0x0000000083d00000, 0x0000000083d00000|100%| O|  |TAMS 0x0000000083d00000, 0x0000000083c00000| Untracked 
|  61|0x0000000083d00000, 0x0000000083e00000, 0x0000000083e00000|100%| O|  |TAMS 0x0000000083e00000, 0x0000000083d00000| Untracked 
|  62|0x0000000083e00000, 0x0000000083f00000, 0x0000000083f00000|100%| O|  |TAMS 0x0000000083f00000, 0x0000000083e00000| Untracked 
|  63|0x0000000083f00000, 0x0000000084000000, 0x0000000084000000|100%| O|  |TAMS 0x0000000083f15000, 0x0000000083f00000| Untracked 
|  64|0x0000000084000000, 0x0000000084000000, 0x0000000084100000|  0%| F|  |TAMS 0x0000000084000000, 0x0000000084000000| Untracked 
|  65|0x0000000084100000, 0x0000000084100000, 0x0000000084200000|  0%| F|  |TAMS 0x0000000084100000, 0x0000000084100000| Untracked 
|  66|0x0000000084200000, 0x0000000084200000, 0x0000000084300000|  0%| F|  |TAMS 0x0000000084200000, 0x0000000084200000| Untracked 
|  67|0x0000000084300000, 0x0000000084300000, 0x0000000084400000|  0%| F|  |TAMS 0x0000000084300000, 0x0000000084300000| Untracked 
|  68|0x0000000084400000, 0x0000000084400000, 0x0000000084500000|  0%| F|  |TAMS 0x0000000084400000, 0x0000000084400000| Untracked 
|  69|0x0000000084500000, 0x0000000084500000, 0x0000000084600000|  0%| F|  |TAMS 0x0000000084500000, 0x0000000084500000| Untracked 
|  70|0x0000000084600000, 0x0000000084600000, 0x0000000084700000|  0%| F|  |TAMS 0x0000000084600000, 0x0000000084600000| Untracked 
|  71|0x0000000084700000, 0x0000000084700000, 0x0000000084800000|  0%| F|  |TAMS 0x0000000084700000, 0x0000000084700000| Untracked 
|  72|0x0000000084800000, 0x0000000084800000, 0x0000000084900000|  0%| F|  |TAMS 0x0000000084800000, 0x0000000084800000| Untracked 
|  73|0x0000000084900000, 0x0000000084900000, 0x0000000084a00000|  0%| F|  |TAMS 0x0000000084900000, 0x0000000084900000| Untracked 
|  74|0x0000000084a00000, 0x0000000084a00000, 0x0000000084b00000|  0%| F|  |TAMS 0x0000000084a00000, 0x0000000084a00000| Untracked 
|  75|0x0000000084b00000, 0x0000000084b00000, 0x0000000084c00000|  0%| F|  |TAMS 0x0000000084b00000, 0x0000000084b00000| Untracked 
|  76|0x0000000084c00000, 0x0000000084c00000, 0x0000000084d00000|  0%| F|  |TAMS 0x0000000084c00000, 0x0000000084c00000| Untracked 
|  77|0x0000000084d00000, 0x0000000084d00000, 0x0000000084e00000|  0%| F|  |TAMS 0x0000000084d00000, 0x0000000084d00000| Untracked 
|  78|0x0000000084e00000, 0x0000000084e00000, 0x0000000084f00000|  0%| F|  |TAMS 0x0000000084e00000, 0x0000000084e00000| Untracked 
|  79|0x0000000084f00000, 0x0000000084f00000, 0x0000000085000000|  0%| F|  |TAMS 0x0000000084f00000, 0x0000000084f00000| Untracked 
|  80|0x0000000085000000, 0x0000000085000000, 0x0000000085100000|  0%| F|  |TAMS 0x0000000085000000, 0x0000000085000000| Untracked 
|  81|0x0000000085100000, 0x0000000085100000, 0x0000000085200000|  0%| F|  |TAMS 0x0000000085100000, 0x0000000085100000| Untracked 
|  82|0x0000000085200000, 0x0000000085200000, 0x0000000085300000|  0%| F|  |TAMS 0x0000000085200000, 0x0000000085200000| Untracked 
|  83|0x0000000085300000, 0x0000000085300000, 0x0000000085400000|  0%| F|  |TAMS 0x0000000085300000, 0x0000000085300000| Untracked 
|  84|0x0000000085400000, 0x0000000085400000, 0x0000000085500000|  0%| F|  |TAMS 0x0000000085400000, 0x0000000085400000| Untracked 
|  85|0x0000000085500000, 0x0000000085500000, 0x0000000085600000|  0%| F|  |TAMS 0x0000000085500000, 0x0000000085500000| Untracked 
|  86|0x0000000085600000, 0x0000000085600000, 0x0000000085700000|  0%| F|  |TAMS 0x0000000085600000, 0x0000000085600000| Untracked 
|  87|0x0000000085700000, 0x0000000085700000, 0x0000000085800000|  0%| F|  |TAMS 0x0000000085700000, 0x0000000085700000| Untracked 
|  88|0x0000000085800000, 0x0000000085800000, 0x0000000085900000|  0%| F|  |TAMS 0x0000000085800000, 0x0000000085800000| Untracked 
|  89|0x0000000085900000, 0x0000000085900000, 0x0000000085a00000|  0%| F|  |TAMS 0x0000000085900000, 0x0000000085900000| Untracked 
|  90|0x0000000085a00000, 0x0000000085a00000, 0x0000000085b00000|  0%| F|  |TAMS 0x0000000085a00000, 0x0000000085a00000| Untracked 
|  91|0x0000000085b00000, 0x0000000085b00000, 0x0000000085c00000|  0%| F|  |TAMS 0x0000000085b00000, 0x0000000085b00000| Untracked 
|  92|0x0000000085c00000, 0x0000000085c00000, 0x0000000085d00000|  0%| F|  |TAMS 0x0000000085c00000, 0x0000000085c00000| Untracked 
|  93|0x0000000085d00000, 0x0000000085d00000, 0x0000000085e00000|  0%| F|  |TAMS 0x0000000085d00000, 0x0000000085d00000| Untracked 
|  94|0x0000000085e00000, 0x0000000085e00000, 0x0000000085f00000|  0%| F|  |TAMS 0x0000000085e00000, 0x0000000085e00000| Untracked 
|  95|0x0000000085f00000, 0x0000000085f00000, 0x0000000086000000|  0%| F|  |TAMS 0x0000000085f00000, 0x0000000085f00000| Untracked 
|  96|0x0000000086000000, 0x0000000086000000, 0x0000000086100000|  0%| F|  |TAMS 0x0000000086000000, 0x0000000086000000| Untracked 
|  97|0x0000000086100000, 0x0000000086100000, 0x0000000086200000|  0%| F|  |TAMS 0x0000000086100000, 0x0000000086100000| Untracked 
|  98|0x0000000086200000, 0x0000000086200000, 0x0000000086300000|  0%| F|  |TAMS 0x0000000086200000, 0x0000000086200000| Untracked 
|  99|0x0000000086300000, 0x0000000086300000, 0x0000000086400000|  0%| F|  |TAMS 0x0000000086300000, 0x0000000086300000| Untracked 
| 100|0x0000000086400000, 0x0000000086400000, 0x0000000086500000|  0%| F|  |TAMS 0x0000000086400000, 0x0000000086400000| Untracked 
| 101|0x0000000086500000, 0x0000000086500000, 0x0000000086600000|  0%| F|  |TAMS 0x0000000086500000, 0x0000000086500000| Untracked 
| 102|0x0000000086600000, 0x0000000086600000, 0x0000000086700000|  0%| F|  |TAMS 0x0000000086600000, 0x0000000086600000| Untracked 
| 103|0x0000000086700000, 0x0000000086700000, 0x0000000086800000|  0%| F|  |TAMS 0x0000000086700000, 0x0000000086700000| Untracked 
| 104|0x0000000086800000, 0x000000008686e928, 0x0000000086900000| 43%| S|CS|TAMS 0x0000000086800000, 0x0000000086800000| Complete 
| 105|0x0000000086900000, 0x0000000086900000, 0x0000000086a00000|  0%| F|  |TAMS 0x0000000086900000, 0x0000000086900000| Untracked 
| 106|0x0000000086a00000, 0x0000000086a00000, 0x0000000086b00000|  0%| F|  |TAMS 0x0000000086a00000, 0x0000000086a00000| Untracked 
| 107|0x0000000086b00000, 0x0000000086b00000, 0x0000000086c00000|  0%| F|  |TAMS 0x0000000086b00000, 0x0000000086b00000| Untracked 
| 108|0x0000000086c00000, 0x0000000086c00000, 0x0000000086d00000|  0%| F|  |TAMS 0x0000000086c00000, 0x0000000086c00000| Untracked 
| 109|0x0000000086d00000, 0x0000000086d00000, 0x0000000086e00000|  0%| F|  |TAMS 0x0000000086d00000, 0x0000000086d00000| Untracked 
| 110|0x0000000086e00000, 0x0000000086e00000, 0x0000000086f00000|  0%| F|  |TAMS 0x0000000086e00000, 0x0000000086e00000| Untracked 
| 111|0x0000000086f00000, 0x0000000086f00000, 0x0000000087000000|  0%| F|  |TAMS 0x0000000086f00000, 0x0000000086f00000| Untracked 
| 112|0x0000000087000000, 0x0000000087000000, 0x0000000087100000|  0%| F|  |TAMS 0x0000000087000000, 0x0000000087000000| Untracked 
| 113|0x0000000087100000, 0x0000000087100000, 0x0000000087200000|  0%| F|  |TAMS 0x0000000087100000, 0x0000000087100000| Untracked 
| 114|0x0000000087200000, 0x0000000087200000, 0x0000000087300000|  0%| F|  |TAMS 0x0000000087200000, 0x0000000087200000| Untracked 
| 115|0x0000000087300000, 0x0000000087300000, 0x0000000087400000|  0%| F|  |TAMS 0x0000000087300000, 0x0000000087300000| Untracked 
| 116|0x0000000087400000, 0x0000000087400000, 0x0000000087500000|  0%| F|  |TAMS 0x0000000087400000, 0x0000000087400000| Untracked 
| 117|0x0000000087500000, 0x0000000087500000, 0x0000000087600000|  0%| F|  |TAMS 0x0000000087500000, 0x0000000087500000| Untracked 
| 118|0x0000000087600000, 0x0000000087600000, 0x0000000087700000|  0%| F|  |TAMS 0x0000000087600000, 0x0000000087600000| Untracked 
| 119|0x0000000087700000, 0x0000000087700000, 0x0000000087800000|  0%| F|  |TAMS 0x0000000087700000, 0x0000000087700000| Untracked 
| 120|0x0000000087800000, 0x0000000087800000, 0x0000000087900000|  0%| F|  |TAMS 0x0000000087800000, 0x0000000087800000| Untracked 
| 121|0x0000000087900000, 0x0000000087900000, 0x0000000087a00000|  0%| F|  |TAMS 0x0000000087900000, 0x0000000087900000| Untracked 
| 122|0x0000000087a00000, 0x0000000087a00000, 0x0000000087b00000|  0%| F|  |TAMS 0x0000000087a00000, 0x0000000087a00000| Untracked 
| 123|0x0000000087b00000, 0x0000000087b00000, 0x0000000087c00000|  0%| F|  |TAMS 0x0000000087b00000, 0x0000000087b00000| Untracked 
|2045|0x00000000ffd00000, 0x00000000ffe00000, 0x00000000ffe00000|100%| O|  |TAMS 0x00000000ffe00000, 0x00000000ffd00000| Untracked 
|2046|0x00000000ffe00000, 0x00000000fff00000, 0x00000000fff00000|100%| O|  |TAMS 0x00000000fff00000, 0x00000000ffe00000| Untracked 
|2047|0x00000000fff00000, 0x0000000100000000, 0x0000000100000000|100%| O|  |TAMS 0x0000000100000000, 0x00000000fff00000| Untracked 

Card table byte_map: [0x000001a94d860000,0x000001a94dc60000] _byte_map_base: 0x000001a94d460000

Marking Bits (Prev, Next): (CMBitMap*) 0x000001a93acadc20, (CMBitMap*) 0x000001a93acadc60
 Prev Bits: [0x000001a94e060000, 0x000001a950060000)
 Next Bits: [0x000001a950060000, 0x000001a952060000)

Polling page: 0x000001a938b10000

Metaspace:

Usage:
  Non-class:     50.16 MB used.
      Class:      7.97 MB used.
       Both:     58.13 MB used.

Virtual space:
  Non-class space:       64.00 MB reserved,      50.50 MB ( 79%) committed,  1 nodes.
      Class space:        1.00 GB reserved,       8.25 MB ( <1%) committed,  1 nodes.
             Both:        1.06 GB reserved,      58.75 MB (  5%) committed. 

Chunk freelists:
   Non-Class:  13.55 MB
       Class:  7.64 MB
        Both:  21.19 MB

MaxMetaspaceSize: unlimited
CompressedClassSpaceSize: 1.00 GB
Initial GC threshold: 21.00 MB
Current GC threshold: 96.25 MB
CDS: off
MetaspaceReclaimPolicy: balanced
 - commit_granule_bytes: 65536.
 - commit_granule_words: 8192.
 - virtual_space_node_default_size: 8388608.
 - enlarge_chunks_in_place: 1.
 - new_chunks_are_fully_committed: 0.
 - uncommit_free_chunks: 1.
 - use_allocation_guard: 0.
 - handle_deallocations: 1.


Internal statistics:

num_allocs_failed_limit: 6.
num_arena_births: 696.
num_arena_deaths: 0.
num_vsnodes_births: 2.
num_vsnodes_deaths: 0.
num_space_committed: 940.
num_space_uncommitted: 0.
num_chunks_returned_to_freelist: 6.
num_chunks_taken_from_freelist: 2744.
num_chunk_merges: 6.
num_chunk_splits: 1794.
num_chunks_enlarged: 1195.
num_inconsistent_stats: 0.

CodeHeap 'non-profiled nmethods': size=120000Kb used=3155Kb max_used=3155Kb free=116844Kb
 bounds [0x000001a945c00000, 0x000001a945f20000, 0x000001a94d130000]
CodeHeap 'profiled nmethods': size=120000Kb used=12526Kb max_used=12526Kb free=107473Kb
 bounds [0x000001a93e130000, 0x000001a93ed70000, 0x000001a945660000]
CodeHeap 'non-nmethods': size=5760Kb used=1641Kb max_used=1680Kb free=4118Kb
 bounds [0x000001a945660000, 0x000001a9458d0000, 0x000001a945c00000]
 total_blobs=7338 nmethods=6634 adapters=616
 compilation: enabled
              stopped_count=0, restarted_count=0
 full_count=0

Compilation events (20 events):
Event: 13.048 Thread 0x000001a959085050 nmethod 6685 0x000001a93ed63990 code [0x000001a93ed63b40, 0x000001a93ed63eb8]
Event: 13.048 Thread 0x000001a959085050 6686       3       sun.reflect.generics.tree.MethodTypeSignature::<init> (26 bytes)
Event: 13.049 Thread 0x000001a959085050 nmethod 6686 0x000001a93ed64010 code [0x000001a93ed641c0, 0x000001a93ed64498]
Event: 13.050 Thread 0x000001a959085050 6689       3       java.util.TreeMap::values (25 bytes)
Event: 13.051 Thread 0x000001a959085050 nmethod 6689 0x000001a93ed64590 code [0x000001a93ed64740, 0x000001a93ed64ab8]
Event: 13.051 Thread 0x000001a959085050 6690       3       org.objectweb.asm.Frame::addInitializedType (77 bytes)
Event: 13.052 Thread 0x000001a959085050 nmethod 6690 0x000001a93ed64c10 code [0x000001a93ed64de0, 0x000001a93ed65308]
Event: 13.079 Thread 0x000001a959085050 6692       3       org.gradle.model.internal.asm.ClassVisitorScope::addGetter (11 bytes)
Event: 13.079 Thread 0x000001a959085050 nmethod 6692 0x000001a93ed65490 code [0x000001a93ed65640, 0x000001a93ed65808]
Event: 13.080 Thread 0x000001a959085050 6693       3       java.lang.Class::getEnclosingClass (70 bytes)
Event: 13.081 Thread 0x000001a959085050 nmethod 6693 0x000001a93ed65910 code [0x000001a93ed65b40, 0x000001a93ed66258]
Event: 13.081 Thread 0x000001a959085050 6694       3       org.gradle.internal.dispatch.ProxyDispatchAdapter$DispatchingInvocationHandler::invoke (184 bytes)
Event: 13.083 Thread 0x000001a959085050 nmethod 6694 0x000001a93ed66510 code [0x000001a93ed669e0, 0x000001a93ed68ee8]
Event: 13.083 Thread 0x000001a959085050 6695       3       sun.reflect.generics.reflectiveObjects.LazyReflectiveObjectGenerator::reifyBounds (51 bytes)
Event: 13.084 Thread 0x000001a959085050 nmethod 6695 0x000001a93ed69a90 code [0x000001a93ed69c80, 0x000001a93ed6a4c8]
Event: 13.090 Thread 0x000001a959085050 6697       3       java.util.concurrent.locks.ReentrantLock::isHeldByCurrentThread (8 bytes)
Event: 13.090 Thread 0x000001a959085050 nmethod 6697 0x000001a93ed6a790 code [0x000001a93ed6a940, 0x000001a93ed6ab58]
Event: 13.090 Thread 0x000001a959085050 6701       3       org.gradle.internal.event.DefaultListenerManager$EventBroadcast::doStartNotification (48 bytes)
Event: 13.091 Thread 0x000001a959085050 nmethod 6701 0x000001a93ed6ac10 code [0x000001a93ed6ae40, 0x000001a93ed6b848]
Event: 13.091 Thread 0x000001a959085050 6702   !   3       org.gradle.internal.event.DefaultListenerManager$EventBroadcast::endNotification (145 bytes)

GC Heap History (20 events):
Event: 10.363 GC heap after
{Heap after GC invocations=13 (full 0):
 garbage-first heap   total 71680K, used 33529K [0x0000000080000000, 0x0000000100000000)
  region size 1024K, 3 young (3072K), 3 survivors (3072K)
 Metaspace       used 48426K, committed 48896K, reserved 1114112K
  class space    used 6629K, committed 6848K, reserved 1048576K
}
Event: 10.789 GC heap before
{Heap before GC invocations=13 (full 0):
 garbage-first heap   total 71680K, used 56057K [0x0000000080000000, 0x0000000100000000)
  region size 1024K, 26 young (26624K), 3 survivors (3072K)
 Metaspace       used 51547K, committed 52032K, reserved 1114112K
  class space    used 7143K, committed 7360K, reserved 1048576K
}
Event: 10.794 GC heap after
{Heap after GC invocations=14 (full 0):
 garbage-first heap   total 71680K, used 35009K [0x0000000080000000, 0x0000000100000000)
  region size 1024K, 3 young (3072K), 3 survivors (3072K)
 Metaspace       used 51547K, committed 52032K, reserved 1114112K
  class space    used 7143K, committed 7360K, reserved 1048576K
}
Event: 10.913 GC heap before
{Heap before GC invocations=14 (full 0):
 garbage-first heap   total 71680K, used 41153K [0x0000000080000000, 0x0000000100000000)
  region size 1024K, 11 young (11264K), 3 survivors (3072K)
 Metaspace       used 52298K, committed 52736K, reserved 1114112K
  class space    used 7263K, committed 7424K, reserved 1048576K
}
Event: 10.917 GC heap after
{Heap after GC invocations=15 (full 0):
 garbage-first heap   total 86016K, used 35693K [0x0000000080000000, 0x0000000100000000)
  region size 1024K, 3 young (3072K), 3 survivors (3072K)
 Metaspace       used 52298K, committed 52736K, reserved 1114112K
  class space    used 7263K, committed 7424K, reserved 1048576K
}
Event: 11.779 GC heap before
{Heap before GC invocations=15 (full 0):
 garbage-first heap   total 86016K, used 69485K [0x0000000080000000, 0x0000000100000000)
  region size 1024K, 34 young (34816K), 3 survivors (3072K)
 Metaspace       used 55841K, committed 56384K, reserved 1114112K
  class space    used 7657K, committed 7936K, reserved 1048576K
}
Event: 11.785 GC heap after
{Heap after GC invocations=16 (full 0):
 garbage-first heap   total 86016K, used 38851K [0x0000000080000000, 0x0000000100000000)
  region size 1024K, 5 young (5120K), 5 survivors (5120K)
 Metaspace       used 55841K, committed 56384K, reserved 1114112K
  class space    used 7657K, committed 7936K, reserved 1048576K
}
Event: 12.077 GC heap before
{Heap before GC invocations=16 (full 0):
 garbage-first heap   total 86016K, used 66499K [0x0000000080000000, 0x0000000100000000)
  region size 1024K, 33 young (33792K), 5 survivors (5120K)
 Metaspace       used 56535K, committed 57088K, reserved 1114112K
  class space    used 7746K, committed 8000K, reserved 1048576K
}
Event: 12.085 GC heap after
{Heap after GC invocations=17 (full 0):
 garbage-first heap   total 86016K, used 41980K [0x0000000080000000, 0x0000000100000000)
  region size 1024K, 4 young (4096K), 4 survivors (4096K)
 Metaspace       used 56535K, committed 57088K, reserved 1114112K
  class space    used 7746K, committed 8000K, reserved 1048576K
}
Event: 12.214 GC heap before
{Heap before GC invocations=17 (full 0):
 garbage-first heap   total 86016K, used 52220K [0x0000000080000000, 0x0000000100000000)
  region size 1024K, 15 young (15360K), 4 survivors (4096K)
 Metaspace       used 56883K, committed 57408K, reserved 1114112K
  class space    used 7786K, committed 8064K, reserved 1048576K
}
Event: 12.218 GC heap after
{Heap after GC invocations=18 (full 0):
 garbage-first heap   total 86016K, used 42814K [0x0000000080000000, 0x0000000100000000)
  region size 1024K, 2 young (2048K), 2 survivors (2048K)
 Metaspace       used 56883K, committed 57408K, reserved 1114112K
  class space    used 7786K, committed 8064K, reserved 1048576K
}
Event: 12.806 GC heap before
{Heap before GC invocations=19 (full 0):
 garbage-first heap   total 86016K, used 77630K [0x0000000080000000, 0x0000000100000000)
  region size 1024K, 24 young (24576K), 2 survivors (2048K)
 Metaspace       used 57975K, committed 58560K, reserved 1114112K
  class space    used 7978K, committed 8256K, reserved 1048576K
}
Event: 12.810 GC heap after
{Heap after GC invocations=20 (full 0):
 garbage-first heap   total 89088K, used 62771K [0x0000000080000000, 0x0000000100000000)
  region size 1024K, 4 young (4096K), 4 survivors (4096K)
 Metaspace       used 57975K, committed 58560K, reserved 1114112K
  class space    used 7978K, committed 8256K, reserved 1048576K
}
Event: 12.819 GC heap before
{Heap before GC invocations=20 (full 0):
 garbage-first heap   total 89088K, used 62771K [0x0000000080000000, 0x0000000100000000)
  region size 1024K, 5 young (5120K), 4 survivors (4096K)
 Metaspace       used 58059K, committed 58624K, reserved 1114112K
  class space    used 7988K, committed 8256K, reserved 1048576K
}
Event: 12.822 GC heap after
{Heap after GC invocations=21 (full 0):
 garbage-first heap   total 89088K, used 62621K [0x0000000080000000, 0x0000000100000000)
  region size 1024K, 1 young (1024K), 1 survivors (1024K)
 Metaspace       used 58059K, committed 58624K, reserved 1114112K
  class space    used 7988K, committed 8256K, reserved 1048576K
}
Event: 12.881 GC heap before
{Heap before GC invocations=21 (full 0):
 garbage-first heap   total 89088K, used 66717K [0x0000000080000000, 0x0000000100000000)
  region size 1024K, 7 young (7168K), 1 survivors (1024K)
 Metaspace       used 58402K, committed 59008K, reserved 1114112K
  class space    used 8012K, committed 8320K, reserved 1048576K
}
Event: 12.882 GC heap after
{Heap after GC invocations=22 (full 0):
 garbage-first heap   total 89088K, used 62832K [0x0000000080000000, 0x0000000100000000)
  region size 1024K, 1 young (1024K), 1 survivors (1024K)
 Metaspace       used 58402K, committed 59008K, reserved 1114112K
  class space    used 8012K, committed 8320K, reserved 1048576K
}
Event: 13.033 GC heap before
{Heap before GC invocations=23 (full 0):
 garbage-first heap   total 114688K, used 73072K [0x0000000080000000, 0x0000000100000000)
  region size 1024K, 11 young (11264K), 1 survivors (1024K)
 Metaspace       used 59146K, committed 59776K, reserved 1114112K
  class space    used 8110K, committed 8384K, reserved 1048576K
}
Event: 13.035 GC heap after
{Heap after GC invocations=24 (full 0):
 garbage-first heap   total 114688K, used 64172K [0x0000000080000000, 0x0000000100000000)
  region size 1024K, 1 young (1024K), 1 survivors (1024K)
 Metaspace       used 59146K, committed 59776K, reserved 1114112K
  class space    used 8110K, committed 8384K, reserved 1048576K
}
Event: 13.092 GC heap before
{Heap before GC invocations=24 (full 0):
 garbage-first heap   total 114688K, used 67244K [0x0000000080000000, 0x0000000100000000)
  region size 1024K, 5 young (5120K), 1 survivors (1024K)
 Metaspace       used 59522K, committed 60160K, reserved 1114112K
  class space    used 8163K, committed 8448K, reserved 1048576K
}

Dll operation events (3 events):
Event: 0.060 Loaded shared library C:\Program Files\Android\Android Studio\jbr\bin\java.dll
Event: 0.902 Loaded shared library C:\Program Files\Android\Android Studio\jbr\bin\zip.dll
Event: 3.622 Loaded shared library C:\Program Files\Android\Android Studio\jbr\bin\verify.dll

Deoptimization events (20 events):
Event: 12.771 Thread 0x000001a95a95ee60 DEOPT PACKING pc=0x000001a945dc26c4 sp=0x000000287d4f6b80
Event: 12.771 Thread 0x000001a95a95ee60 DEOPT UNPACKING pc=0x000001a9456ba1a3 sp=0x000000287d4f6a98 mode 2
Event: 12.771 Thread 0x000001a95a95ee60 Uncommon trap: trap_request=0xffffffc6 fr.pc=0x000001a945cd8a8c relative=0x0000000000000c8c
Event: 12.771 Thread 0x000001a95a95ee60 Uncommon trap: reason=bimorphic_or_optimized_type_check action=maybe_recompile pc=0x000001a945cd8a8c method=java.util.Properties$LineReader.readLine()I @ 479 c2
Event: 12.771 Thread 0x000001a95a95ee60 DEOPT PACKING pc=0x000001a945cd8a8c sp=0x000000287d4f6c50
Event: 12.771 Thread 0x000001a95a95ee60 DEOPT UNPACKING pc=0x000001a9456ba1a3 sp=0x000000287d4f6bd8 mode 2
Event: 12.771 Thread 0x000001a95a95ee60 Uncommon trap: trap_request=0xffffffde fr.pc=0x000001a945dc26c4 relative=0x0000000000000844
Event: 12.771 Thread 0x000001a95a95ee60 Uncommon trap: reason=class_check action=maybe_recompile pc=0x000001a945dc26c4 method=java.io.BufferedInputStream.read1([BII)I @ 39 c2
Event: 12.771 Thread 0x000001a95a95ee60 DEOPT PACKING pc=0x000001a945dc26c4 sp=0x000000287d4f6b30
Event: 12.771 Thread 0x000001a95a95ee60 DEOPT UNPACKING pc=0x000001a9456ba1a3 sp=0x000000287d4f6a48 mode 2
Event: 12.771 Thread 0x000001a95a95ee60 Uncommon trap: trap_request=0xffffffde fr.pc=0x000001a945dc26c4 relative=0x0000000000000844
Event: 12.771 Thread 0x000001a95a95ee60 Uncommon trap: reason=class_check action=maybe_recompile pc=0x000001a945dc26c4 method=java.io.BufferedInputStream.read1([BII)I @ 39 c2
Event: 12.771 Thread 0x000001a95a95ee60 DEOPT PACKING pc=0x000001a945dc26c4 sp=0x000000287d4f6b80
Event: 12.771 Thread 0x000001a95a95ee60 DEOPT UNPACKING pc=0x000001a9456ba1a3 sp=0x000000287d4f6a98 mode 2
Event: 12.848 Thread 0x000001a95a95ee60 Uncommon trap: trap_request=0xffffffde fr.pc=0x000001a945edfe8c relative=0x0000000000005f0c
Event: 12.848 Thread 0x000001a95a95ee60 Uncommon trap: reason=class_check action=maybe_recompile pc=0x000001a945edfe8c method=java.util.jar.JarFile.getManifestFromReference()Ljava/util/jar/Manifest; @ 152 c2
Event: 12.848 Thread 0x000001a95a95ee60 DEOPT PACKING pc=0x000001a945edfe8c sp=0x000000287d4f6320
Event: 12.848 Thread 0x000001a95a95ee60 DEOPT UNPACKING pc=0x000001a9456ba1a3 sp=0x000000287d4f61e0 mode 2
Event: 13.027 Thread 0x000001a95a95ee60 DEOPT PACKING pc=0x000001a93e57a3ce sp=0x000000287d4f6cc0
Event: 13.027 Thread 0x000001a95a95ee60 DEOPT UNPACKING pc=0x000001a9456bace3 sp=0x000000287d4f6188 mode 0

Classes unloaded (0 events):
No events

Classes redefined (0 events):
No events

Internal exceptions (20 events):
Event: 11.242 Thread 0x000001a95a95ee60 Exception <a 'java/lang/NoSuchMethodError'{0x0000000084074b68}: 'java.lang.Object java.lang.invoke.DirectMethodHandle$Holder.invokeSpecial(java.lang.Object, java.lang.Object, java.lang.Object, java.lang.Object, java.lang.Object, long)'> (0x0000000084074b68) 
thrown [s\src\hotspot\share\interpreter\linkResolver.cpp, line 771]
Event: 11.244 Thread 0x000001a95a95ee60 Exception <a 'java/lang/NoSuchMethodError'{0x0000000084097e50}: 'void java.lang.invoke.DirectMethodHandle$Holder.invokeStatic(java.lang.Object, java.lang.Object, java.lang.Object, int, java.lang.Object)'> (0x0000000084097e50) 
thrown [s\src\hotspot\share\interpreter\linkResolver.cpp, line 771]
Event: 11.901 Thread 0x000001a95a95ee60 Exception <a 'java/lang/NoSuchMethodError'{0x0000000084db7410}: 'java.lang.Object java.lang.invoke.DirectMethodHandle$Holder.newInvokeSpecial(java.lang.Object, java.lang.Object, java.lang.Object, java.lang.Object, int, java.lang.Object)'> (0x0000000084db7410) 
thrown [s\src\hotspot\share\interpreter\linkResolver.cpp, line 771]
Event: 11.901 Thread 0x000001a95a95ee60 Exception <a 'java/lang/NoSuchMethodError'{0x0000000084dbc768}: 'java.lang.Object java.lang.invoke.Invokers$Holder.linkToTargetMethod(java.lang.Object, java.lang.Object, java.lang.Object, int, java.lang.Object, java.lang.Object)'> (0x0000000084dbc768) 
thrown [s\src\hotspot\share\interpreter\linkResolver.cpp, line 771]
Event: 12.131 Thread 0x000001a95a95ee60 Exception <a 'java/lang/NoSuchMethodError'{0x0000000084f783c8}: 'long java.lang.invoke.DirectMethodHandle$Holder.invokeVirtual(java.lang.Object, java.lang.Object)'> (0x0000000084f783c8) 
thrown [s\src\hotspot\share\interpreter\linkResolver.cpp, line 771]
Event: 12.135 Thread 0x000001a959ece4d0 Exception <a 'java/lang/NoSuchMethodError'{0x0000000084fb8150}: static Lorg/gradle/internal/build/event/types/DefaultOperationFinishedProgressEvent;.<clinit>()V> (0x0000000084fb8150) 
thrown [s\src\hotspot\share\prims\jni.cpp, line 1108]
Event: 12.136 Thread 0x000001a959ece4d0 Exception <a 'java/lang/NoSuchMethodError'{0x0000000084fe2a28}: static Lorg/gradle/internal/build/event/types/DefaultProjectConfigurationSuccessResult;.<clinit>()V> (0x0000000084fe2a28) 
thrown [s\src\hotspot\share\prims\jni.cpp, line 1108]
Event: 12.137 Thread 0x000001a959ece4d0 Exception <a 'java/lang/NoSuchMethodError'{0x0000000084fe7408}: static Lorg/gradle/internal/build/event/types/AbstractProjectConfigurationResult;.<clinit>()V> (0x0000000084fe7408) 
thrown [s\src\hotspot\share\prims\jni.cpp, line 1108]
Event: 12.137 Thread 0x000001a959ece4d0 Exception <a 'java/lang/NoSuchMethodError'{0x0000000084fe8b50}: static Lorg/gradle/internal/build/event/types/AbstractOperationResult;.<clinit>()V> (0x0000000084fe8b50) 
thrown [s\src\hotspot\share\prims\jni.cpp, line 1108]
Event: 12.137 Thread 0x000001a959ece4d0 Exception <a 'java/lang/NoSuchMethodError'{0x0000000084fe9fa0}: static Lorg/gradle/internal/build/event/types/AbstractResult;.<clinit>()V> (0x0000000084fe9fa0) 
thrown [s\src\hotspot\share\prims\jni.cpp, line 1108]
Event: 12.138 Thread 0x000001a959ece4d0 Exception <a 'java/lang/NoSuchMethodError'{0x0000000084e06588}: static Lorg/gradle/internal/build/event/types/DefaultPluginApplicationResult;.<clinit>()V> (0x0000000084e06588) 
thrown [s\src\hotspot\share\prims\jni.cpp, line 1108]
Event: 12.139 Thread 0x000001a959ece4d0 Exception <a 'java/lang/NoSuchMethodError'{0x0000000084e68ef0}: static Lorg/gradle/internal/build/event/types/DefaultBinaryPluginIdentifier;.<clinit>()V> (0x0000000084e68ef0) 
thrown [s\src\hotspot\share\prims\jni.cpp, line 1108]
Event: 12.141 Thread 0x000001a959ece4d0 Exception <a 'java/lang/NoSuchMethodError'{0x0000000084e83060}: static Lorg/gradle/internal/build/event/types/DefaultScriptPluginIdentifier;.<clinit>()V> (0x0000000084e83060) 
thrown [s\src\hotspot\share\prims\jni.cpp, line 1108]
Event: 12.204 Thread 0x000001a95a95ee60 Implicit null exception at 0x000001a945e76212 to 0x000001a945e768f0
Event: 12.204 Thread 0x000001a95a95ee60 Implicit null exception at 0x000001a945e77814 to 0x000001a945e77e8c
Event: 12.327 Thread 0x000001a95a95ee60 Exception <a 'java/lang/NoSuchMethodError'{0x0000000085181838}: 'void java.lang.invoke.Invokers$Holder.invoke_MT(java.lang.Object, java.lang.Object, java.lang.Object, java.lang.Object)'> (0x0000000085181838) 
thrown [s\src\hotspot\share\interpreter\linkResolver.cpp, line 771]
Event: 12.336 Thread 0x000001a95a95ee60 Exception <a 'java/lang/NoSuchMethodError'{0x0000000085003f28}: 'java.lang.Object java.lang.invoke.DirectMethodHandle$Holder.invokeSpecial(java.lang.Object, java.lang.Object, java.lang.Object, int, java.lang.Object, java.lang.Object)'> (0x0000000085003f28) 
thrown [s\src\hotspot\share\interpreter\linkResolver.cpp, line 771]
Event: 12.595 Thread 0x000001a95a95ee60 Exception <a 'java/lang/ClassNotFoundException'{0x00000000846e4638}: sun/misc/SharedSecrets> (0x00000000846e4638) 
thrown [s\src\hotspot\share\classfile\systemDictionary.cpp, line 256]
Event: 12.595 Thread 0x000001a95a95ee60 Exception <a 'java/lang/ClassNotFoundException'{0x00000000846e5c10}: org/gradle/api/internal/plugins/DefaultObjectConfigurationActionBeanInfo> (0x00000000846e5c10) 
thrown [s\src\hotspot\share\classfile\systemDictionary.cpp, line 256]
Event: 12.596 Thread 0x000001a95a95ee60 Exception <a 'java/lang/ClassNotFoundException'{0x00000000846fbe80}: org/gradle/api/internal/plugins/DefaultObjectConfigurationActionCustomizer> (0x00000000846fbe80) 
thrown [s\src\hotspot\share\classfile\systemDictionary.cpp, line 256]

VM Operations (20 events):
Event: 12.085 Executing VM operation: G1CollectForAllocation done
Event: 12.214 Executing VM operation: G1TryInitiateConcMark
Event: 12.218 Executing VM operation: G1TryInitiateConcMark done
Event: 12.254 Executing VM operation: G1PauseRemark
Event: 12.258 Executing VM operation: G1PauseRemark done
Event: 12.280 Executing VM operation: G1PauseCleanup
Event: 12.280 Executing VM operation: G1PauseCleanup done
Event: 12.806 Executing VM operation: G1CollectForAllocation
Event: 12.810 Executing VM operation: G1CollectForAllocation done
Event: 12.819 Executing VM operation: G1CollectForAllocation
Event: 12.822 Executing VM operation: G1CollectForAllocation done
Event: 12.881 Executing VM operation: G1TryInitiateConcMark
Event: 12.882 Executing VM operation: G1TryInitiateConcMark done
Event: 12.924 Executing VM operation: G1PauseRemark
Event: 12.928 Executing VM operation: G1PauseRemark done
Event: 12.949 Executing VM operation: G1PauseCleanup
Event: 12.949 Executing VM operation: G1PauseCleanup done
Event: 13.033 Executing VM operation: G1CollectForAllocation
Event: 13.035 Executing VM operation: G1CollectForAllocation done
Event: 13.091 Executing VM operation: G1CollectForAllocation

Events (20 events):
Event: 11.798 Thread 0x000001a95b219df0 Thread added: 0x000001a95b219df0
Event: 11.919 Thread 0x000001a95b21c160 Thread added: 0x000001a95b21c160
Event: 11.921 Thread 0x000001a95b21e9e0 Thread added: 0x000001a95b21e9e0
Event: 11.923 Thread 0x000001a95b221770 Thread added: 0x000001a95b221770
Event: 11.924 Thread 0x000001a95b21eef0 Thread added: 0x000001a95b21eef0
Event: 11.926 Thread 0x000001a95b21c670 Thread added: 0x000001a95b21c670
Event: 11.928 Thread 0x000001a95b21ad20 Thread added: 0x000001a95b21ad20
Event: 11.930 Thread 0x000001a95b21b230 Thread added: 0x000001a95b21b230
Event: 12.132 loading class java/util/stream/SortedOps$RefSortingSink
Event: 12.133 loading class java/util/stream/SortedOps$RefSortingSink done
Event: 12.140 loading class java/time/Ser
Event: 12.140 loading class java/time/Ser done
Event: 12.333 loading class java/lang/ProcessBuilder
Event: 12.334 loading class java/lang/ProcessBuilder done
Event: 12.594 loading class sun/misc/SharedSecrets
Event: 12.594 loading class sun/misc/SharedSecrets done
Event: 12.598 loading class jdk/internal/reflect/UnsafeObjectFieldAccessorImpl
Event: 12.599 loading class jdk/internal/reflect/UnsafeObjectFieldAccessorImpl done
Event: 12.996 loading class java/util/regex/Pattern$1
Event: 12.996 loading class java/util/regex/Pattern$1 done


Dynamic libraries:
0x00007ff649120000 - 0x00007ff64912a000 	C:\Program Files\Android\Android Studio\jbr\bin\java.exe
0x00007ff99d2b0000 - 0x00007ff99d4a8000 	C:\WINDOWS\SYSTEM32\ntdll.dll
0x00007ff99b9d0000 - 0x00007ff99ba8d000 	C:\WINDOWS\System32\KERNEL32.DLL
0x00007ff99a970000 - 0x00007ff99ac66000 	C:\WINDOWS\System32\KERNELBASE.dll
0x00007ff99b090000 - 0x00007ff99b190000 	C:\WINDOWS\System32\ucrtbase.dll
0x00007ff995d00000 - 0x00007ff995d1b000 	C:\Program Files\Android\Android Studio\jbr\bin\VCRUNTIME140.dll
0x00007ff996040000 - 0x00007ff996057000 	C:\Program Files\Android\Android Studio\jbr\bin\jli.dll
0x00007ff99c2c0000 - 0x00007ff99c45f000 	C:\WINDOWS\System32\USER32.dll
0x00007ff99af10000 - 0x00007ff99af32000 	C:\WINDOWS\System32\win32u.dll
0x00007ff99b430000 - 0x00007ff99b45b000 	C:\WINDOWS\System32\GDI32.dll
0x00007ff99ad40000 - 0x00007ff99ae57000 	C:\WINDOWS\System32\gdi32full.dll
0x00007ff99aca0000 - 0x00007ff99ad3d000 	C:\WINDOWS\System32\msvcp_win.dll
0x00007ff983320000 - 0x00007ff9835ba000 	C:\WINDOWS\WinSxS\amd64_microsoft.windows.common-controls_6595b64144ccf1df_6.0.19041.4355_none_60b8b9eb71f62e16\COMCTL32.dll
0x00007ff99b460000 - 0x00007ff99b4fe000 	C:\WINDOWS\System32\msvcrt.dll
0x00007ff99b2f0000 - 0x00007ff99b31f000 	C:\WINDOWS\System32\IMM32.DLL
0x00007ff994160000 - 0x00007ff99416c000 	C:\Program Files\Android\Android Studio\jbr\bin\vcruntime140_1.dll
0x00007ff901810000 - 0x00007ff90189d000 	C:\Program Files\Android\Android Studio\jbr\bin\msvcp140.dll
0x00007ff920410000 - 0x00007ff921093000 	C:\Program Files\Android\Android Studio\jbr\bin\server\jvm.dll
0x00007ff99c210000 - 0x00007ff99c2c0000 	C:\WINDOWS\System32\ADVAPI32.dll
0x00007ff99b680000 - 0x00007ff99b720000 	C:\WINDOWS\System32\sechost.dll
0x00007ff99c9c0000 - 0x00007ff99cae3000 	C:\WINDOWS\System32\RPCRT4.dll
0x00007ff99ac70000 - 0x00007ff99ac97000 	C:\WINDOWS\System32\bcrypt.dll
0x00007ff9796c0000 - 0x00007ff9796c9000 	C:\WINDOWS\SYSTEM32\WSOCK32.dll
0x00007ff999ef0000 - 0x00007ff999f3b000 	C:\WINDOWS\SYSTEM32\POWRPROF.dll
0x00007ff993720000 - 0x00007ff99372a000 	C:\WINDOWS\SYSTEM32\VERSION.dll
0x00007ff97b320000 - 0x00007ff97b347000 	C:\WINDOWS\SYSTEM32\WINMM.dll
0x00007ff99caf0000 - 0x00007ff99cb5b000 	C:\WINDOWS\System32\WS2_32.dll
0x00007ff999d60000 - 0x00007ff999d72000 	C:\WINDOWS\SYSTEM32\UMPDC.dll
0x00007ff999180000 - 0x00007ff999192000 	C:\WINDOWS\SYSTEM32\kernel.appcore.dll
0x00007ff997fd0000 - 0x00007ff997fda000 	C:\Program Files\Android\Android Studio\jbr\bin\jimage.dll
0x00007ff998e90000 - 0x00007ff999074000 	C:\WINDOWS\SYSTEM32\DBGHELP.DLL
0x00007ff96ed10000 - 0x00007ff96ed44000 	C:\WINDOWS\SYSTEM32\dbgcore.DLL
0x00007ff99b000000 - 0x00007ff99b082000 	C:\WINDOWS\System32\bcryptPrimitives.dll
0x00007ff9960c0000 - 0x00007ff9960ce000 	C:\Program Files\Android\Android Studio\jbr\bin\instrument.dll
0x00007ff996440000 - 0x00007ff996465000 	C:\Program Files\Android\Android Studio\jbr\bin\java.dll
0x00007ff9965f0000 - 0x00007ff996608000 	C:\Program Files\Android\Android Studio\jbr\bin\zip.dll
0x00007ff99ba90000 - 0x00007ff99c1fc000 	C:\WINDOWS\System32\SHELL32.dll
0x00007ff998620000 - 0x00007ff998dbd000 	C:\WINDOWS\SYSTEM32\windows.storage.dll
0x00007ff99cbc0000 - 0x00007ff99cf13000 	C:\WINDOWS\System32\combase.dll
0x00007ff99a390000 - 0x00007ff99a3be000 	C:\WINDOWS\SYSTEM32\Wldp.dll
0x00007ff99b5b0000 - 0x00007ff99b67d000 	C:\WINDOWS\System32\OLEAUT32.dll
0x00007ff99b500000 - 0x00007ff99b5ad000 	C:\WINDOWS\System32\SHCORE.dll
0x00007ff99b320000 - 0x00007ff99b375000 	C:\WINDOWS\System32\shlwapi.dll
0x00007ff99a8a0000 - 0x00007ff99a8c4000 	C:\WINDOWS\SYSTEM32\profapi.dll
0x00007ff996420000 - 0x00007ff996439000 	C:\Program Files\Android\Android Studio\jbr\bin\net.dll
0x00007ff997150000 - 0x00007ff99725a000 	C:\WINDOWS\SYSTEM32\WINHTTP.dll
0x00007ff99a0f0000 - 0x00007ff99a15a000 	C:\WINDOWS\system32\mswsock.dll
0x00007ff9962d0000 - 0x00007ff9962e6000 	C:\Program Files\Android\Android Studio\jbr\bin\nio.dll
0x00007ff9960d0000 - 0x00007ff9960e0000 	C:\Program Files\Android\Android Studio\jbr\bin\verify.dll
0x00007ff984030000 - 0x00007ff984057000 	C:\Users\HP\.gradle\native\c067742578af261105cb4f569cf0c3c89f3d7b1fecec35dd04571415982c5e48\windows-amd64\native-platform.dll
0x00007ff901130000 - 0x00007ff901274000 	C:\Users\HP\.gradle\native\38dada09dfb8b06ba9b0570ebf7e218e3eb74d4ef43ca46872605cf95ebc2f47\windows-amd64\native-platform-file-events.dll
0x00007ff9962c0000 - 0x00007ff9962c9000 	C:\Program Files\Android\Android Studio\jbr\bin\management.dll
0x00007ff9960e0000 - 0x00007ff9960eb000 	C:\Program Files\Android\Android Studio\jbr\bin\management_ext.dll
0x00007ff99c200000 - 0x00007ff99c208000 	C:\WINDOWS\System32\PSAPI.DLL
0x00007ff99a2e0000 - 0x00007ff99a2f8000 	C:\WINDOWS\SYSTEM32\CRYPTSP.dll
0x00007ff9999a0000 - 0x00007ff9999d4000 	C:\WINDOWS\system32\rsaenh.dll
0x00007ff99a810000 - 0x00007ff99a83e000 	C:\WINDOWS\SYSTEM32\USERENV.dll
0x00007ff99a300000 - 0x00007ff99a30c000 	C:\WINDOWS\SYSTEM32\CRYPTBASE.dll
0x00007ff999d80000 - 0x00007ff999dbb000 	C:\WINDOWS\SYSTEM32\IPHLPAPI.DLL
0x00007ff99c460000 - 0x00007ff99c468000 	C:\WINDOWS\System32\NSI.dll
0x00007ff98f3c0000 - 0x00007ff98f3d7000 	C:\WINDOWS\SYSTEM32\dhcpcsvc6.DLL
0x00007ff98ff50000 - 0x00007ff98ff6d000 	C:\WINDOWS\SYSTEM32\dhcpcsvc.DLL
0x00007ff999dc0000 - 0x00007ff999e8a000 	C:\WINDOWS\SYSTEM32\DNSAPI.dll
0x00007ff996410000 - 0x00007ff996419000 	C:\Program Files\Android\Android Studio\jbr\bin\extnet.dll
0x00007ff997c00000 - 0x00007ff997c07000 	C:\WINDOWS\system32\wshunix.dll

dbghelp: loaded successfully - version: 4.0.5 - missing functions: none
symbol engine: initialized successfully - sym options: 0x614 - pdb path: .;C:\Program Files\Android\Android Studio\jbr\bin;C:\WINDOWS\SYSTEM32;C:\WINDOWS\WinSxS\amd64_microsoft.windows.common-controls_6595b64144ccf1df_6.0.19041.4355_none_60b8b9eb71f62e16;C:\Program Files\Android\Android Studio\jbr\bin\server;C:\Users\HP\.gradle\native\c067742578af261105cb4f569cf0c3c89f3d7b1fecec35dd04571415982c5e48\windows-amd64;C:\Users\HP\.gradle\native\38dada09dfb8b06ba9b0570ebf7e218e3eb74d4ef43ca46872605cf95ebc2f47\windows-amd64

VM Arguments:
jvm_args: --add-opens=java.base/java.util=ALL-UNNAMED --add-opens=java.base/java.lang=ALL-UNNAMED --add-opens=java.base/java.lang.invoke=ALL-UNNAMED --add-opens=java.prefs/java.util.prefs=ALL-UNNAMED --add-opens=java.base/java.nio.charset=ALL-UNNAMED --add-opens=java.base/java.net=ALL-UNNAMED --add-opens=java.base/java.util.concurrent.atomic=ALL-UNNAMED -Xmx2048m -Dfile.encoding=UTF-8 -Duser.country=US -Duser.language=en -Duser.variant -javaagent:C:\Users\HP\.gradle\wrapper\dists\gradle-8.7-bin\bhs2wmbdwecv87pi65oeuq5iu\gradle-8.7\lib\agents\gradle-instrumentation-agent-8.7.jar 
java_command: org.gradle.launcher.daemon.bootstrap.GradleDaemon 8.7
java_class_path (initial): C:\Users\HP\.gradle\wrapper\dists\gradle-8.7-bin\bhs2wmbdwecv87pi65oeuq5iu\gradle-8.7\lib\gradle-launcher-8.7.jar
Launcher Type: SUN_STANDARD

[Global flags]
     intx CICompilerCount                          = 4                                         {product} {ergonomic}
     uint ConcGCThreads                            = 2                                         {product} {ergonomic}
     uint G1ConcRefinementThreads                  = 8                                         {product} {ergonomic}
   size_t G1HeapRegionSize                         = 1048576                                   {product} {ergonomic}
    uintx GCDrainStackTargetSize                   = 64                                        {product} {ergonomic}
   size_t InitialHeapSize                          = 130023424                                 {product} {ergonomic}
   size_t MarkStackSize                            = 4194304                                   {product} {ergonomic}
   size_t MaxHeapSize                              = 2147483648                                {product} {command line}
   size_t MaxNewSize                               = 1287651328                                {product} {ergonomic}
   size_t MinHeapDeltaBytes                        = 1048576                                   {product} {ergonomic}
   size_t MinHeapSize                              = 8388608                                   {product} {ergonomic}
    uintx NonNMethodCodeHeapSize                   = 5839372                                {pd product} {ergonomic}
    uintx NonProfiledCodeHeapSize                  = 122909434                              {pd product} {ergonomic}
    uintx ProfiledCodeHeapSize                     = 122909434                              {pd product} {ergonomic}
    uintx ReservedCodeCacheSize                    = 251658240                              {pd product} {ergonomic}
     bool SegmentedCodeCache                       = true                                      {product} {ergonomic}
   size_t SoftMaxHeapSize                          = 2147483648                             {manageable} {ergonomic}
     bool UseCompressedClassPointers               = true                           {product lp64_product} {ergonomic}
     bool UseCompressedOops                        = true                           {product lp64_product} {ergonomic}
     bool UseG1GC                                  = true                                      {product} {ergonomic}
     bool UseLargePagesIndividualAllocation        = false                                  {pd product} {ergonomic}

Logging:
Log output configuration:
 #0: stdout all=warning uptime,level,tags
 #1: stderr all=off uptime,level,tags

Environment Variables:
PATH=C:\Program Files (x86)\SIEMENS\S7-PCT\bin;C:\Program Files (x86)\Common Files\Siemens\Sqlany;C:\Program Files (x86)\Siemens\Step7\S7bin;C:\Program Files\Common Files\Siemens\Automation\Simatic OAM\bin;C:\Program Files (x86)\NVIDIA Corporation\PhysX\Common;C:\Program Files (x86)\Common Files\Intel\Shared Libraries\redist\intel64\compiler;C:\WINDOWS\system32;C:\WINDOWS;C:\WINDOWS\System32\Wbem;C:\WINDOWS\System32\WindowsPowerShell\v1.0\;C:\WINDOWS\System32\OpenSSH\;C:\MinGW\bin;C:\Program Files\dotnet\;C:\Program Files\Microsoft SQL Server\Client SDK\ODBC\110\Tools\Binn\;C:\Program Files (x86)\Microsoft SQL Server\120\Tools\Binn\;C:\Program Files\Microsoft SQL Server\120\Tools\Binn\;C:\Program Files\Microsoft SQL Server\120\DTS\Binn\;C:\Program Files (x86)\Windows Kits\8.1\Windows Performance Toolkit\;C:\Program Files\nodejs\;C:\Program Files\PKWARE\pkzipc;C:\Program Files\Git\cmd;C:\Users\HP\AppData\Local\Programs\Python\Python310\Scripts\;C:\Users\HP\AppData\Local\Programs\Python\Python310\;C:\Users\HP\AppData\Local\Microsoft\WindowsApps;;C:\Users\HP\AppData\Local\Programs\Microsoft VS Code\bin;C:\Users\HP\AppData\Roaming\npm;C:\altera\13.0\modelsim_ase\win32aloem
USERNAME=HP
OS=Windows_NT
PROCESSOR_IDENTIFIER=Intel64 Family 6 Model 140 Stepping 1, GenuineIntel
TMP=C:\Users\HP\AppData\Local\Temp
TEMP=C:\Users\HP\AppData\Local\Temp



Periodic native trim disabled

JNI global refs:
JNI global refs: 27, weak refs: 4

JNI global refs memory usage: 843, weak refs: 841

OOME stack traces (most recent first):
Classloader memory used:
Loader org.gradle.internal.classloader.VisitableURLClassLoader                         : 3503K
Loader bootstrap                                                                       : 2460K
Loader org.gradle.initialization.MixInLegacyTypesClassLoader                           : 1113K
Loader org.gradle.internal.classloader.VisitableURLClassLoader$InstrumentingVisitableURLClassLoader: 233K
Loader jdk.internal.loader.ClassLoaders$PlatformClassLoader                            : 65517B
Loader jdk.internal.loader.ClassLoaders$AppClassLoader                                 : 28433B
Loader jdk.internal.reflect.DelegatingClassLoader                                      : 22214B
Loader org.gradle.internal.classloader.VisitableURLClassLoader                         : 15854B

Classes loaded by more than one classloader:
Class Program                                                                         : loaded 4 times (x 72B)
Class com.google.common.collect.SingletonImmutableList                                : loaded 2 times (x 167B)
Class org.gradle.internal.classpath.ClassPath                                         : loaded 2 times (x 68B)
Class org.gradle.api.internal.classpath.DefaultModuleRegistry                         : loaded 2 times (x 84B)
Class Settings_gradle$1$1                                                             : loaded 2 times (x 72B)
Class com.google.common.collect.ListMultimap                                          : loaded 2 times (x 68B)
Class com.google.common.base.CharMatcher$JavaDigit                                    : loaded 2 times (x 109B)
Class com.google.common.base.CharMatcher$Digit                                        : loaded 2 times (x 110B)
Class com.google.common.collect.AbstractMultimap                                      : loaded 2 times (x 121B)
Class org.gradle.api.Action                                                           : loaded 2 times (x 68B)
Class com.google.common.collect.ImmutableEntry                                        : loaded 2 times (x 80B)
Class com.google.common.collect.Lists$StringAsImmutableList                           : loaded 2 times (x 167B)
Class com.google.common.base.CharMatcher                                              : loaded 2 times (x 109B)
Class com.google.common.base.CharMatcher$IsNot                                        : loaded 2 times (x 109B)
Class com.google.common.base.Splitter                                                 : loaded 2 times (x 70B)
Class org.gradle.api.internal.DefaultClassPathProvider                                : loaded 2 times (x 74B)
Class org.gradle.internal.installation.GradleInstallation$1                           : loaded 2 times (x 73B)
Class com.google.common.base.CharMatcher$BitSetMatcher                                : loaded 2 times (x 110B)
Class com.google.common.collect.ImmutableMap$IteratorBasedImmutableMap                : loaded 2 times (x 123B)
Class com.google.common.collect.ImmutableMap                                          : loaded 2 times (x 118B)
Class com.google.common.base.Converter                                                : loaded 2 times (x 88B)
Class com.google.common.collect.ImmutableSet$EmptySetBuilderImpl                      : loaded 2 times (x 74B)
Class com.google.common.base.Predicate                                                : loaded 2 times (x 68B)
Class org.gradle.internal.classloader.FilteringClassLoader                            : loaded 2 times (x 103B)
Class com.google.common.collect.RegularImmutableSet                                   : loaded 2 times (x 146B)
Class org.gradle.internal.classpath.DefaultClassPath$ImmutableUniqueList$Builder      : loaded 2 times (x 73B)
Class com.google.common.collect.Maps$8                                                : loaded 2 times (x 80B)
Class com.google.common.base.PatternCompiler                                          : loaded 2 times (x 68B)
Class com.google.common.base.CharMatcher$InRange                                      : loaded 2 times (x 109B)
Class com.google.common.collect.BiMap                                                 : loaded 2 times (x 68B)
Class com.google.common.collect.Lists                                                 : loaded 2 times (x 69B)
Class com.google.common.math.IntMath$1                                                : loaded 2 times (x 69B)
Class org.gradle.internal.classloader.ClassLoaderVisitor                              : loaded 2 times (x 74B)
Class com.google.common.math.MathPreconditions                                        : loaded 2 times (x 69B)
Class org.gradle.internal.service.DefaultServiceLocator                               : loaded 2 times (x 81B)
Class org.gradle.internal.service.UnknownServiceException                             : loaded 2 times (x 81B)
Class com.google.common.collect.ArrayListMultimap                                     : loaded 2 times (x 170B)
Class com.google.common.base.Strings                                                  : loaded 2 times (x 69B)
Class org.gradle.internal.classloader.DefaultClassLoaderFactory                       : loaded 2 times (x 80B)
Class com.google.common.collect.UnmodifiableIterator                                  : loaded 2 times (x 78B)
Class com.google.common.base.Platform$JdkPatternCompiler                              : loaded 2 times (x 73B)
Class com.google.common.base.CharMatcher$SingleWidth                                  : loaded 2 times (x 110B)
Class com.google.common.collect.Hashing                                               : loaded 2 times (x 69B)
Class com.google.common.base.JdkPattern                                               : loaded 2 times (x 73B)
Class com.google.common.collect.Multimap                                              : loaded 2 times (x 68B)
Class org.gradle.internal.classloader.VisitableURLClassLoader$Spec                    : loaded 2 times (x 72B)
Class org.gradle.api.GradleException                                                  : loaded 2 times (x 80B)
Class com.google.common.base.CharMatcher$JavaLetterOrDigit                            : loaded 2 times (x 109B)
Class org.gradle.api.internal.classpath.ModuleRegistry                                : loaded 2 times (x 68B)
Class com.google.common.collect.ImmutableCollection                                   : loaded 2 times (x 123B)
Class org.gradle.api.internal.ClassPathProvider                                       : loaded 2 times (x 68B)
Class com.google.common.collect.RegularImmutableMap$Values                            : loaded 2 times (x 167B)
Class org.gradle.internal.classloader.ClasspathUtil$1                                 : loaded 2 times (x 74B)
Class com.google.common.collect.ImmutableEnumMap                                      : loaded 2 times (x 123B)
Class com.google.common.collect.ImmutableList$ReverseImmutableList                    : loaded 2 times (x 168B)
Class org.gradle.internal.classloader.ClassLoaderFactory                              : loaded 2 times (x 68B)
Class com.google.common.collect.ObjectArrays                                          : loaded 2 times (x 69B)
Class com.google.common.collect.ImmutableList                                         : loaded 2 times (x 166B)
Class org.gradle.api.internal.classpath.ManifestUtil                                  : loaded 2 times (x 69B)
Class org.gradle.api.specs.Spec                                                       : loaded 2 times (x 68B)
Class com.google.common.base.CharMatcher$Whitespace                                   : loaded 2 times (x 110B)
Class com.google.common.collect.RegularImmutableMap$BucketOverflowException           : loaded 2 times (x 80B)
Class com.google.common.base.Preconditions                                            : loaded 2 times (x 69B)
Class com.google.common.base.Function                                                 : loaded 2 times (x 68B)
Class org.gradle.internal.IoActions                                                   : loaded 2 times (x 69B)
Class com.google.common.collect.RegularImmutableMap$KeySet                            : loaded 2 times (x 148B)
Class com.google.common.collect.CollectPreconditions                                  : loaded 2 times (x 69B)
Class com.google.common.collect.Maps                                                  : loaded 2 times (x 69B)
Class com.google.common.collect.RegularImmutableMap                                   : loaded 2 times (x 119B)
Class com.google.common.collect.AbstractIndexedListIterator                           : loaded 2 times (x 94B)
Class com.google.common.base.CharMatcher$None                                         : loaded 2 times (x 110B)
Class org.gradle.api.internal.classpath.EffectiveClassPath                            : loaded 2 times (x 88B)
Class com.google.common.collect.UnmodifiableListIterator                              : loaded 2 times (x 93B)
Class com.google.common.collect.ImmutableList$1                                       : loaded 2 times (x 95B)
Class com.google.common.base.Splitter$Strategy                                        : loaded 2 times (x 68B)
Class com.google.common.collect.ImmutableMapEntrySet$RegularEntrySet                  : loaded 2 times (x 149B)
Class org.gradle.internal.installation.CurrentGradleInstallation                      : loaded 2 times (x 71B)
Class org.gradle.internal.agents.InstrumentingClassLoader                             : loaded 2 times (x 68B)
Class org.gradle.internal.installation.CurrentGradleInstallationLocator               : loaded 2 times (x 69B)
Class org.gradle.api.internal.classpath.Module                                        : loaded 2 times (x 68B)
Class com.google.common.base.Splitter$1$1                                             : loaded 2 times (x 84B)
Class com.google.common.collect.ImmutableSet$JdkBackedSetBuilderImpl                  : loaded 2 times (x 74B)
Class com.google.common.collect.ImmutableSet$RegularSetBuilderImpl                    : loaded 2 times (x 75B)
Class org.gradle.internal.service.CachingServiceLocator                               : loaded 2 times (x 80B)
Class org.gradle.internal.classpath.DefaultClassPath                                  : loaded 2 times (x 88B)
Class com.google.common.base.Splitter$SplittingIterator                               : loaded 2 times (x 82B)
Class Build_gradle$1                                                                  : loaded 2 times (x 76B)
Class com.google.common.base.CharMatcher$Is                                           : loaded 2 times (x 109B)
Class com.google.common.base.Platform                                                 : loaded 2 times (x 69B)
Class com.google.common.collect.RegularImmutableAsList                                : loaded 2 times (x 176B)
Class com.google.common.collect.ImmutableMapEntrySet                                  : loaded 2 times (x 149B)
Class com.google.common.collect.ImmutableBiMapFauxverideShim                          : loaded 2 times (x 118B)
Class org.gradle.internal.classloader.SystemClassLoaderSpec                           : loaded 2 times (x 69B)
Class com.google.common.collect.SingletonImmutableSet                                 : loaded 2 times (x 144B)
Class [Lcom.google.common.base.AbstractIterator$State;                                : loaded 2 times (x 67B)
Class com.google.common.collect.ImmutableMap$Builder                                  : loaded 2 times (x 80B)
Class com.google.common.base.AbstractIterator                                         : loaded 2 times (x 78B)
Class com.google.common.base.AbstractIterator$1                                       : loaded 2 times (x 69B)
Class com.google.common.base.CharMatcher$1                                            : loaded 2 times (x 111B)
Class com.google.common.base.CharMatcher$Ascii                                        : loaded 2 times (x 110B)
Class org.gradle.api.UncheckedIOException                                             : loaded 2 times (x 80B)
Class com.google.common.base.CharMatcher$And                                          : loaded 2 times (x 110B)
Class com.google.common.collect.IndexedImmutableSet                                   : loaded 2 times (x 148B)
Class com.google.common.collect.AbstractListMultimap                                  : loaded 2 times (x 170B)
Class com.google.common.base.CharMatcher$Any                                          : loaded 2 times (x 110B)
Class org.gradle.internal.installation.GradleInstallation                             : loaded 2 times (x 73B)
Class com.google.common.collect.ArrayListMultimapGwtSerializationDependencies         : loaded 2 times (x 170B)
Class com.google.common.base.CharMatcher$RangesMatcher                                : loaded 2 times (x 110B)
Class com.google.common.collect.ImmutableList$SubList                                 : loaded 2 times (x 168B)
Class org.gradle.internal.classloader.ClasspathUtil                                   : loaded 2 times (x 69B)
Class com.google.common.base.Splitter$1                                               : loaded 2 times (x 75B)
Class com.google.common.collect.Maps$BiMapConverter                                   : loaded 2 times (x 88B)
Class org.gradle.api.internal.DefaultClassPathRegistry                                : loaded 2 times (x 74B)
Class com.google.common.collect.ImmutableSet$SetBuilderImpl                           : loaded 2 times (x 74B)
Class org.gradle.api.internal.classpath.DefaultModuleRegistry$DefaultModule           : loaded 2 times (x 84B)
Class com.google.common.base.CharMatcher$JavaIsoControl                               : loaded 2 times (x 110B)
Class com.google.common.collect.ImmutableMap$1                                        : loaded 2 times (x 79B)
Class com.google.common.base.CharMatcher$Or                                           : loaded 2 times (x 110B)
Class org.gradle.kotlin.dsl.VersionCatalogAccessorsKt                                 : loaded 2 times (x 69B)
Class com.google.common.collect.Iterables                                             : loaded 2 times (x 69B)
Class com.google.common.base.CharMatcher$JavaLowerCase                                : loaded 2 times (x 109B)
Class org.gradle.api.internal.classpath.UnknownModuleException                        : loaded 2 times (x 80B)
Class com.google.common.collect.Maps$EntryTransformer                                 : loaded 2 times (x 68B)
Class com.google.common.collect.ImmutableCollection$Builder                           : loaded 2 times (x 74B)
Class com.google.common.base.CommonPattern                                            : loaded 2 times (x 72B)
Class org.gradle.internal.service.ServiceLookupException                              : loaded 2 times (x 80B)
Class org.gradle.cache.GlobalCache                                                    : loaded 2 times (x 68B)
Class com.google.common.base.CharMatcher$NegatedFastMatcher                           : loaded 2 times (x 111B)
Class [Lorg.gradle.api.internal.ClassPathProvider;                                    : loaded 2 times (x 67B)
Class org.gradle.util.internal.GUtil                                                  : loaded 2 times (x 69B)
Class com.google.common.math.IntMath                                                  : loaded 2 times (x 69B)
Class org.gradle.internal.classloader.ClassLoaderSpec                                 : loaded 2 times (x 69B)
Class com.google.common.base.NullnessCasts                                            : loaded 2 times (x 69B)
Class com.google.common.collect.AbstractMapEntry                                      : loaded 2 times (x 79B)
Class com.google.common.base.CharMatcher$Negated                                      : loaded 2 times (x 111B)
Class com.google.common.collect.ImmutableSet$Builder                                  : loaded 2 times (x 83B)
Class com.google.common.base.CharMatcher$ForPredicate                                 : loaded 2 times (x 110B)
Class com.google.common.collect.ImmutableMap$MapViewOfValuesAsSingletonSets           : loaded 2 times (x 123B)
Class com.google.common.collect.SortedMapDifference                                   : loaded 2 times (x 68B)
Class org.gradle.internal.classloader.VisitableURLClassLoader                         : loaded 2 times (x 115B)
Class com.google.common.collect.ImmutableBiMap                                        : loaded 2 times (x 141B)
Class org.gradle.internal.Cast                                                        : loaded 2 times (x 69B)
Class Build_gradle                                                                    : loaded 2 times (x 70B)
Class org.gradle.api.internal.ClassPathRegistry                                       : loaded 2 times (x 68B)
Class com.google.common.collect.ImmutableSet                                          : loaded 2 times (x 143B)
Class org.gradle.internal.classloader.VisitableURLClassLoader$InstrumentingVisitableURLClassLoader: loaded 2 times (x 121B)
Class org.gradle.internal.classloader.ClassLoaderHierarchy                            : loaded 2 times (x 68B)
Class com.google.common.base.AbstractIterator$State                                   : loaded 2 times (x 77B)
Class com.google.common.base.CharMatcher$NamedFastMatcher                             : loaded 2 times (x 110B)
Class org.gradle.internal.InternalTransformer                                         : loaded 2 times (x 68B)
Class org.gradle.internal.service.ServiceLocator                                      : loaded 2 times (x 68B)
Class Settings_gradle$1                                                               : loaded 2 times (x 72B)
Class com.google.common.collect.ImmutableMapEntry                                     : loaded 2 times (x 83B)
Class com.google.common.base.CharMatcher$Invisible                                    : loaded 2 times (x 110B)
Class com.google.common.base.CharMatcher$FastMatcher                                  : loaded 2 times (x 109B)
Class org.gradle.internal.classpath.DefaultClassPath$ImmutableUniqueList              : loaded 2 times (x 159B)
Class com.google.common.base.CharMatcher$JavaLetter                                   : loaded 2 times (x 109B)
Class org.gradle.internal.classpath.TransformedClassPath                              : loaded 2 times (x 94B)
Class com.google.common.collect.MapDifference                                         : loaded 2 times (x 68B)
Class Settings_gradle                                                                 : loaded 2 times (x 126B)
Class com.google.common.collect.Platform                                              : loaded 2 times (x 69B)
Class com.google.common.collect.ImmutableAsList                                       : loaded 2 times (x 169B)
Class com.google.common.base.CharMatcher$AnyOf                                        : loaded 2 times (x 110B)
Class com.google.common.base.CharMatcher$IsEither                                     : loaded 2 times (x 109B)
Class com.google.common.collect.RegularImmutableList                                  : loaded 2 times (x 172B)
Class com.google.common.base.CharMatcher$JavaUpperCase                                : loaded 2 times (x 109B)
Class com.google.common.collect.Multiset                                              : loaded 2 times (x 68B)
Class com.google.common.collect.ImmutableSet$CachingAsList                            : loaded 2 times (x 145B)
Class com.google.common.collect.ImmutableMapEntry$NonTerminalImmutableMapEntry        : loaded 2 times (x 83B)
Class com.google.common.collect.AbstractMapBasedMultimap                              : loaded 2 times (x 137B)


---------------  S Y S T E M  ---------------

OS:
 Windows 10 , 64 bit Build 19041 (10.0.19041.3636)
OS uptime: 4 days 16:25 hours

CPU: total 8 (initial active 8) (4 cores per cpu, 2 threads per core) family 6 model 140 stepping 1 microcode 0x86, cx8, cmov, fxsr, ht, mmx, 3dnowpref, sse, sse2, sse3, ssse3, sse4.1, sse4.2, popcnt, lzcnt, tsc, tscinvbit, avx, avx2, aes, erms, clmul, bmi1, bmi2, adx, avx512f, avx512dq, avx512cd, avx512bw, avx512vl, sha, fma, vzeroupper, avx512_vpopcntdq, avx512_vpclmulqdq, avx512_vaes, avx512_vnni, clflush, clflushopt, clwb, avx512_vbmi2, avx512_vbmi
Processor Information for all 8 processors :
  Max Mhz: 2419, Current Mhz: 2419, Mhz Limit: 2419

Memory: 4k page, system-wide physical 7932M (180M free)
TotalPageFile size 14076M (AvailPageFile size 25M)
current process WorkingSet (physical memory assigned to process): 233M, peak: 233M
current process commit charge ("private bytes"): 335M, peak: 421M

vm_info: OpenJDK 64-Bit Server VM (17.0.10+0--11609105) for windows-amd64 JRE (17.0.10+0--11609105), built on Mar 21 2024 19:10:56 by "androidbuild" with MS VC++ 16.10 / 16.11 (VS2019)

END.
