#
# There is insufficient memory for the Java Runtime Environment to continue.
# Native memory allocation (mmap) failed to map 10485760 bytes for G1 virtual space
# Possible reasons:
#   The system is out of physical RAM or swap space
#   The process is running with CompressedOops enabled, and the Java Heap may be blocking the growth of the native heap
# Possible solutions:
#   Reduce memory load on the system
#   Increase physical memory or swap space
#   Check if swap backing store is full
#   Decrease Java heap size (-Xmx/-Xms)
#   Decrease number of Java threads
#   Decrease Java thread stack sizes (-Xss)
#   Set larger code cache with -XX:ReservedCodeCacheSize=
#   JVM is running with Unscaled Compressed Oops mode in which the Java heap is
#     placed in the first 4GB address space. The Java Heap base address is the
#     maximum limit for the native heap growth. Please use -XX:HeapBaseMinAddress
#     to set the Java Heap base and to place the Java Heap above 4GB virtual address.
# This output file may be truncated or incomplete.
#
#  Out of Memory Error (os_windows.cpp:3825), pid=14716, tid=2956
#
# JRE version: OpenJDK Runtime Environment (17.0.10) (build 17.0.10+0--11609105)
# Java VM: OpenJDK 64-Bit Server VM (17.0.10+0--11609105, mixed mode, tiered, compressed oops, compressed class ptrs, g1 gc, windows-amd64)
# No core dump will be written. Minidumps are not enabled by default on client versions of Windows
#

---------------  S U M M A R Y ------------

Command Line: --add-opens=java.base/java.util=ALL-UNNAMED --add-opens=java.base/java.lang=ALL-UNNAMED --add-opens=java.base/java.lang.invoke=ALL-UNNAMED --add-opens=java.prefs/java.util.prefs=ALL-UNNAMED --add-opens=java.base/java.nio.charset=ALL-UNNAMED --add-opens=java.base/java.net=ALL-UNNAMED --add-opens=java.base/java.util.concurrent.atomic=ALL-UNNAMED -Xmx2048m -Dfile.encoding=UTF-8 -Duser.country=US -Duser.language=en -Duser.variant -javaagent:C:\Users\HP\.gradle\wrapper\dists\gradle-8.7-bin\bhs2wmbdwecv87pi65oeuq5iu\gradle-8.7\lib\agents\gradle-instrumentation-agent-8.7.jar org.gradle.launcher.daemon.bootstrap.GradleDaemon 8.7

Host: 11th Gen Intel(R) Core(TM) i5-1135G7 @ 2.40GHz, 8 cores, 7G,  Windows 10 , 64 bit Build 19041 (10.0.19041.3636)
Time: Tue Jun 25 09:04:15 2024 Sri Lanka Standard Time elapsed time: 9.729521 seconds (0d 0h 0m 9s)

---------------  T H R E A D  ---------------

Current thread (0x000001a52d800af0):  VMThread "VM Thread" [stack: 0x0000000e9b900000,0x0000000e9ba00000] [id=2956]

Stack: [0x0000000e9b900000,0x0000000e9ba00000]
Native frames: (J=compiled Java code, j=interpreted, Vv=VM code, C=native code)
V  [jvm.dll+0x688de9]
V  [jvm.dll+0x8423da]
V  [jvm.dll+0x84401e]
V  [jvm.dll+0x844683]
V  [jvm.dll+0x24be0f]
V  [jvm.dll+0x685bb9]
V  [jvm.dll+0x67a46a]
V  [jvm.dll+0x30cbab]
V  [jvm.dll+0x314056]
V  [jvm.dll+0x363dce]
V  [jvm.dll+0x363fff]
V  [jvm.dll+0x2e2978]
V  [jvm.dll+0x2e5a66]
V  [jvm.dll+0x2f027a]
V  [jvm.dll+0x325240]
V  [jvm.dll+0x848d7b]
V  [jvm.dll+0x849ac1]
V  [jvm.dll+0x849fdd]
V  [jvm.dll+0x84a3b4]
V  [jvm.dll+0x84a480]
V  [jvm.dll+0x7f0c7a]
V  [jvm.dll+0x687c65]
C  [ucrtbase.dll+0x21bb2]
C  [KERNEL32.DLL+0x17344]
C  [ntdll.dll+0x4cc91]

VM_Operation (0x0000000e9b5ff880): G1PauseRemark, mode: safepoint, requested by thread 0x000001a5139fdae0


---------------  P R O C E S S  ---------------

Threads class SMR info:
_java_thread_list=0x000001a536648180, length=49, elements={
0x000001a513991950, 0x000001a52d963620, 0x000001a52d969390, 0x000001a52d987810,
0x000001a52d9880e0, 0x000001a52d98abc0, 0x000001a52d98d4a0, 0x000001a52d98e150,
0x000001a52d98ef20, 0x000001a52d995820, 0x000001a52da87d30, 0x000001a52dc26e80,
0x000001a533328870, 0x000001a53367ac90, 0x000001a533327030, 0x000001a533713620,
0x000001a533953020, 0x000001a53397ec40, 0x000001a53397d2f0, 0x000001a53365b360,
0x000001a53365a430, 0x000001a53365a940, 0x000001a53365ae50, 0x000001a533659f20,
0x000001a53379a0c0, 0x000001a53379ba10, 0x000001a5337a0600, 0x000001a53379fbe0,
0x000001a53379bf20, 0x000001a53379f6d0, 0x000001a53379c430, 0x000001a53379e290,
0x000001a53379aae0, 0x000001a53379c940, 0x000001a53379ce50, 0x000001a53379b500,
0x000001a5337a1530, 0x000001a53379d360, 0x000001a5337a00f0, 0x000001a53379e7a0,
0x000001a53379ecb0, 0x000001a53379d870, 0x000001a53379a5d0, 0x000001a53379dd80,
0x000001a53379f1c0, 0x000001a53379aff0, 0x000001a5337a0b10, 0x000001a535a75dd0,
0x000001a535a762e0
}

Java Threads: ( => current thread )
  0x000001a513991950 JavaThread "main" [_thread_blocked, id=18608, stack(0x0000000e9b300000,0x0000000e9b400000)]
  0x000001a52d963620 JavaThread "Reference Handler" daemon [_thread_blocked, id=10400, stack(0x0000000e9ba00000,0x0000000e9bb00000)]
  0x000001a52d969390 JavaThread "Finalizer" daemon [_thread_blocked, id=11140, stack(0x0000000e9bb00000,0x0000000e9bc00000)]
  0x000001a52d987810 JavaThread "Signal Dispatcher" daemon [_thread_blocked, id=2556, stack(0x0000000e9bc00000,0x0000000e9bd00000)]
  0x000001a52d9880e0 JavaThread "Attach Listener" daemon [_thread_blocked, id=11804, stack(0x0000000e9bd00000,0x0000000e9be00000)]
  0x000001a52d98abc0 JavaThread "Service Thread" daemon [_thread_blocked, id=13356, stack(0x0000000e9be00000,0x0000000e9bf00000)]
  0x000001a52d98d4a0 JavaThread "Monitor Deflation Thread" daemon [_thread_blocked, id=17440, stack(0x0000000e9bf00000,0x0000000e9c000000)]
  0x000001a52d98e150 JavaThread "C2 CompilerThread0" daemon [_thread_in_native, id=18988, stack(0x0000000e9c000000,0x0000000e9c100000)]
  0x000001a52d98ef20 JavaThread "C1 CompilerThread0" daemon [_thread_blocked, id=4600, stack(0x0000000e9c100000,0x0000000e9c200000)]
  0x000001a52d995820 JavaThread "Sweeper thread" daemon [_thread_blocked, id=21056, stack(0x0000000e9c200000,0x0000000e9c300000)]
  0x000001a52da87d30 JavaThread "Common-Cleaner" daemon [_thread_blocked, id=16008, stack(0x0000000e9c300000,0x0000000e9c400000)]
  0x000001a52dc26e80 JavaThread "Notification Thread" daemon [_thread_blocked, id=1228, stack(0x0000000e9c400000,0x0000000e9c500000)]
  0x000001a533328870 JavaThread "Daemon health stats" [_thread_blocked, id=13000, stack(0x0000000e9ca00000,0x0000000e9cb00000)]
  0x000001a53367ac90 JavaThread "Incoming local TCP Connector on port 61411" [_thread_in_native, id=9140, stack(0x0000000e9cb00000,0x0000000e9cc00000)]
  0x000001a533327030 JavaThread "Daemon periodic checks" [_thread_blocked, id=20036, stack(0x0000000e9cc00000,0x0000000e9cd00000)]
  0x000001a533713620 JavaThread "Daemon" [_thread_blocked, id=20944, stack(0x0000000e9cd00000,0x0000000e9ce00000)]
  0x000001a533953020 JavaThread "Handler for socket connection from /127.0.0.1:61411 to /127.0.0.1:61412" [_thread_in_native, id=4416, stack(0x0000000e9ce00000,0x0000000e9cf00000)]
  0x000001a53397ec40 JavaThread "Cancel handler" [_thread_blocked, id=10836, stack(0x0000000e9cf00000,0x0000000e9d000000)]
  0x000001a53397d2f0 JavaThread "Daemon worker" [_thread_blocked, id=18748, stack(0x0000000e9d000000,0x0000000e9d100000)]
  0x000001a53365b360 JavaThread "Asynchronous log dispatcher for DefaultDaemonConnection: socket connection from /127.0.0.1:61411 to /127.0.0.1:61412" [_thread_blocked, id=6640, stack(0x0000000e9d100000,0x0000000e9d200000)]
  0x000001a53365a430 JavaThread "Stdin handler" [_thread_blocked, id=3700, stack(0x0000000e9d200000,0x0000000e9d300000)]
  0x000001a53365a940 JavaThread "Daemon client event forwarder" [_thread_blocked, id=18536, stack(0x0000000e9d300000,0x0000000e9d400000)]
  0x000001a53365ae50 JavaThread "Cache worker for journal cache (C:\Users\HP\.gradle\caches\journal-1)" [_thread_blocked, id=18924, stack(0x0000000e9d800000,0x0000000e9d900000)]
  0x000001a533659f20 JavaThread "File lock request listener" [_thread_in_native, id=14972, stack(0x0000000e9d900000,0x0000000e9da00000)]
  0x000001a53379a0c0 JavaThread "Cache worker for file hash cache (C:\Users\HP\.gradle\caches\8.7\fileHashes)" [_thread_blocked, id=19128, stack(0x0000000e9da00000,0x0000000e9db00000)]
  0x000001a53379ba10 JavaThread "Cache worker for file hash cache (C:\Users\HP\AndroidStudioProjects\LoginApp\.gradle\8.7\fileHashes)" [_thread_blocked, id=3496, stack(0x0000000e9db00000,0x0000000e9dc00000)]
  0x000001a5337a0600 JavaThread "File watcher server" daemon [_thread_blocked, id=10628, stack(0x0000000e9dc00000,0x0000000e9dd00000)]
  0x000001a53379fbe0 JavaThread "File watcher consumer" daemon [_thread_blocked, id=11660, stack(0x0000000e9dd00000,0x0000000e9de00000)]
  0x000001a53379bf20 JavaThread "Cache worker for checksums cache (C:\Users\HP\AndroidStudioProjects\LoginApp\.gradle\8.7\checksums)" [_thread_blocked, id=4408, stack(0x0000000e9de00000,0x0000000e9df00000)]
  0x000001a53379f6d0 JavaThread "Cache worker for cache directory md-supplier (C:\Users\HP\.gradle\caches\8.7\md-supplier)" [_thread_blocked, id=19236, stack(0x0000000e9df00000,0x0000000e9e000000)]
  0x000001a53379c430 JavaThread "Cache worker for cache directory md-rule (C:\Users\HP\.gradle\caches\8.7\md-rule)" [_thread_blocked, id=4388, stack(0x0000000e9e000000,0x0000000e9e100000)]
  0x000001a53379e290 JavaThread "Cache worker for file content cache (C:\Users\HP\.gradle\caches\8.7\fileContent)" [_thread_blocked, id=10040, stack(0x0000000e9e100000,0x0000000e9e200000)]
  0x000001a53379aae0 JavaThread "Cache worker for Build Output Cleanup Cache (C:\Users\HP\AndroidStudioProjects\LoginApp\.gradle\buildOutputCleanup)" [_thread_blocked, id=16700, stack(0x0000000e9e200000,0x0000000e9e300000)]
  0x000001a53379c940 JavaThread "Unconstrained build operations" [_thread_blocked, id=11664, stack(0x0000000e9e300000,0x0000000e9e400000)]
  0x000001a53379ce50 JavaThread "Unconstrained build operations Thread 2" [_thread_blocked, id=10828, stack(0x0000000e9e400000,0x0000000e9e500000)]
  0x000001a53379b500 JavaThread "Unconstrained build operations Thread 3" [_thread_blocked, id=12012, stack(0x0000000e9e500000,0x0000000e9e600000)]
  0x000001a5337a1530 JavaThread "Unconstrained build operations Thread 4" [_thread_blocked, id=17100, stack(0x0000000e9e600000,0x0000000e9e700000)]
  0x000001a53379d360 JavaThread "Unconstrained build operations Thread 5" [_thread_blocked, id=21032, stack(0x0000000e9e700000,0x0000000e9e800000)]
  0x000001a5337a00f0 JavaThread "Unconstrained build operations Thread 6" [_thread_blocked, id=9880, stack(0x0000000e9e800000,0x0000000e9e900000)]
  0x000001a53379e7a0 JavaThread "Unconstrained build operations Thread 7" [_thread_blocked, id=17228, stack(0x0000000e9e900000,0x0000000e9ea00000)]
  0x000001a53379ecb0 JavaThread "Unconstrained build operations Thread 8" [_thread_blocked, id=3868, stack(0x0000000e9ea00000,0x0000000e9eb00000)]
  0x000001a53379d870 JavaThread "Unconstrained build operations Thread 9" [_thread_blocked, id=19736, stack(0x0000000e9eb00000,0x0000000e9ec00000)]
  0x000001a53379a5d0 JavaThread "Unconstrained build operations Thread 10" [_thread_blocked, id=11840, stack(0x0000000e9ec00000,0x0000000e9ed00000)]
  0x000001a53379dd80 JavaThread "Unconstrained build operations Thread 11" [_thread_blocked, id=17868, stack(0x0000000e9ed00000,0x0000000e9ee00000)]
  0x000001a53379f1c0 JavaThread "Unconstrained build operations Thread 12" [_thread_blocked, id=16724, stack(0x0000000e9ee00000,0x0000000e9ef00000)]
  0x000001a53379aff0 JavaThread "Unconstrained build operations Thread 13" [_thread_blocked, id=13924, stack(0x0000000e9ef00000,0x0000000e9f000000)]
  0x000001a5337a0b10 JavaThread "Unconstrained build operations Thread 14" [_thread_blocked, id=1012, stack(0x0000000e9f000000,0x0000000e9f100000)]
  0x000001a535a75dd0 JavaThread "build event listener" [_thread_blocked, id=12368, stack(0x0000000e9f100000,0x0000000e9f200000)]
  0x000001a535a762e0 JavaThread "Memory manager" [_thread_blocked, id=2544, stack(0x0000000e9f200000,0x0000000e9f300000)]

Other Threads:
=>0x000001a52d800af0 VMThread "VM Thread" [stack: 0x0000000e9b900000,0x0000000e9ba00000] [id=2956]
  0x000001a513992820 WatcherThread [stack: 0x0000000e9c500000,0x0000000e9c600000] [id=3680]
  0x000001a5139ec4e0 GCTaskThread "GC Thread#0" [stack: 0x0000000e9b400000,0x0000000e9b500000] [id=9496]
  0x000001a5328867e0 GCTaskThread "GC Thread#1" [stack: 0x0000000e9c600000,0x0000000e9c700000] [id=19852]
  0x000001a53217e090 GCTaskThread "GC Thread#2" [stack: 0x0000000e9c700000,0x0000000e9c800000] [id=14548]
  0x000001a53217e350 GCTaskThread "GC Thread#3" [stack: 0x0000000e9c800000,0x0000000e9c900000] [id=15868]
  0x000001a532aa5000 GCTaskThread "GC Thread#4" [stack: 0x0000000e9c900000,0x0000000e9ca00000] [id=7796]
  0x000001a533886020 GCTaskThread "GC Thread#5" [stack: 0x0000000e9d400000,0x0000000e9d500000] [id=13960]
  0x000001a533713b00 GCTaskThread "GC Thread#6" [stack: 0x0000000e9d500000,0x0000000e9d600000] [id=17592]
  0x000001a533327920 GCTaskThread "GC Thread#7" [stack: 0x0000000e9d600000,0x0000000e9d700000] [id=20128]
  0x000001a5139fdae0 ConcurrentGCThread "G1 Main Marker" [stack: 0x0000000e9b500000,0x0000000e9b600000] [id=12744]
  0x000001a5139fe410 ConcurrentGCThread "G1 Conc#0" [stack: 0x0000000e9b600000,0x0000000e9b700000] [id=20200]
  0x000001a5337e6380 ConcurrentGCThread "G1 Conc#1" [stack: 0x0000000e9d700000,0x0000000e9d800000] [id=4392]
  0x000001a513a4dcb0 ConcurrentGCThread "G1 Refine#0" [stack: 0x0000000e9b700000,0x0000000e9b800000] [id=16472]
  0x000001a513a4e5f0 ConcurrentGCThread "G1 Service" [stack: 0x0000000e9b800000,0x0000000e9b900000] [id=12800]

Threads with active compile tasks:
C2 CompilerThread0     9770 7073       4       java.net.URLClassLoader$1::run (5 bytes)

VM state: at safepoint (normal execution)

VM Mutex/Monitor currently owned by a thread:  ([mutex/lock_event])
[0x000001a51398d5a0] Threads_lock - owner thread: 0x000001a52d800af0
[0x000001a51398c550] Heap_lock - owner thread: 0x000001a5139fdae0

Heap address: 0x0000000080000000, size: 2048 MB, Compressed Oops mode: 32-bit

CDS archive(s) not mapped
Compressed class space mapped at: 0x0000000100000000-0x0000000140000000, reserved size: 1073741824
Narrow klass base: 0x0000000000000000, Narrow klass shift: 3, Narrow klass range: 0x140000000

GC Precious Log:
 CPUs: 8 total, 8 available
 Memory: 7932M
 Large Page Support: Disabled
 NUMA Support: Disabled
 Compressed Oops: Enabled (32-bit)
 Heap Region Size: 1M
 Heap Min Capacity: 8M
 Heap Initial Capacity: 124M
 Heap Max Capacity: 2G
 Pre-touch: Disabled
 Parallel Workers: 8
 Concurrent Workers: 2
 Concurrent Refinement Workers: 8
 Periodic GC: Disabled

Heap:
 garbage-first heap   total 126976K, used 79222K [0x0000000080000000, 0x0000000100000000)
  region size 1024K, 14 young (14336K), 4 survivors (4096K)
 Metaspace       used 68714K, committed 69376K, reserved 1114112K
  class space    used 9287K, committed 9600K, reserved 1048576K

Heap Regions: E=young(eden), S=young(survivor), O=old, HS=humongous(starts), HC=humongous(continues), CS=collection set, F=free, OA=open archive, CA=closed archive, TAMS=top-at-mark-start (previous, next)
|   0|0x0000000080000000, 0x0000000080100000, 0x0000000080100000|100%|HS|  |TAMS 0x0000000080100000, 0x0000000080000000| Complete 
|   1|0x0000000080100000, 0x0000000080200000, 0x0000000080200000|100%|HC|  |TAMS 0x0000000080200000, 0x0000000080100000| Complete 
|   2|0x0000000080200000, 0x0000000080300000, 0x0000000080300000|100%|HC|  |TAMS 0x0000000080300000, 0x0000000080200000| Complete 
|   3|0x0000000080300000, 0x0000000080400000, 0x0000000080400000|100%|HC|  |TAMS 0x0000000080400000, 0x0000000080300000| Complete 
|   4|0x0000000080400000, 0x0000000080500000, 0x0000000080500000|100%| O|  |TAMS 0x0000000080500000, 0x0000000080400000| Untracked 
|   5|0x0000000080500000, 0x0000000080600000, 0x0000000080600000|100%| O|  |TAMS 0x0000000080600000, 0x0000000080500000| Untracked 
|   6|0x0000000080600000, 0x0000000080700000, 0x0000000080700000|100%| O|  |TAMS 0x0000000080700000, 0x0000000080600000| Untracked 
|   7|0x0000000080700000, 0x0000000080800000, 0x0000000080800000|100%| O|  |TAMS 0x0000000080800000, 0x0000000080700000| Untracked 
|   8|0x0000000080800000, 0x0000000080900000, 0x0000000080900000|100%| O|  |TAMS 0x0000000080900000, 0x0000000080800000| Untracked 
|   9|0x0000000080900000, 0x0000000080a00000, 0x0000000080a00000|100%| O|  |TAMS 0x0000000080a00000, 0x0000000080900000| Untracked 
|  10|0x0000000080a00000, 0x0000000080b00000, 0x0000000080b00000|100%| O|  |TAMS 0x0000000080b00000, 0x0000000080a00000| Untracked 
|  11|0x0000000080b00000, 0x0000000080c00000, 0x0000000080c00000|100%| O|  |TAMS 0x0000000080c00000, 0x0000000080b00000| Untracked 
|  12|0x0000000080c00000, 0x0000000080d00000, 0x0000000080d00000|100%| O|  |TAMS 0x0000000080d00000, 0x0000000080c00000| Untracked 
|  13|0x0000000080d00000, 0x0000000080e00000, 0x0000000080e00000|100%| O|  |TAMS 0x0000000080e00000, 0x0000000080d00000| Untracked 
|  14|0x0000000080e00000, 0x0000000080f00000, 0x0000000080f00000|100%| O|  |TAMS 0x0000000080f00000, 0x0000000080e00000| Untracked 
|  15|0x0000000080f00000, 0x0000000081000000, 0x0000000081000000|100%| O|  |TAMS 0x0000000081000000, 0x0000000080f00000| Updating 
|  16|0x0000000081000000, 0x0000000081100000, 0x0000000081100000|100%| O|  |TAMS 0x0000000081100000, 0x0000000081000000| Untracked 
|  17|0x0000000081100000, 0x0000000081200000, 0x0000000081200000|100%| O|  |TAMS 0x0000000081200000, 0x0000000081100000| Untracked 
|  18|0x0000000081200000, 0x0000000081300000, 0x0000000081300000|100%| O|  |TAMS 0x0000000081300000, 0x0000000081200000| Untracked 
|  19|0x0000000081300000, 0x0000000081400000, 0x0000000081400000|100%| O|  |TAMS 0x0000000081400000, 0x0000000081300000| Untracked 
|  20|0x0000000081400000, 0x0000000081500000, 0x0000000081500000|100%| O|  |TAMS 0x0000000081500000, 0x0000000081400000| Updating 
|  21|0x0000000081500000, 0x0000000081600000, 0x0000000081600000|100%| O|  |TAMS 0x0000000081600000, 0x0000000081500000| Updating 
|  22|0x0000000081600000, 0x0000000081700000, 0x0000000081700000|100%| O|  |TAMS 0x0000000081700000, 0x0000000081600000| Updating 
|  23|0x0000000081700000, 0x0000000081800000, 0x0000000081800000|100%| O|  |TAMS 0x0000000081800000, 0x0000000081700000| Untracked 
|  24|0x0000000081800000, 0x0000000081900000, 0x0000000081900000|100%| O|  |TAMS 0x0000000081900000, 0x0000000081800000| Untracked 
|  25|0x0000000081900000, 0x0000000081a00000, 0x0000000081a00000|100%| O|  |TAMS 0x0000000081a00000, 0x0000000081900000| Untracked 
|  26|0x0000000081a00000, 0x0000000081b00000, 0x0000000081b00000|100%| O|  |TAMS 0x0000000081b00000, 0x0000000081a00000| Untracked 
|  27|0x0000000081b00000, 0x0000000081c00000, 0x0000000081c00000|100%| O|  |TAMS 0x0000000081c00000, 0x0000000081b00000| Untracked 
|  28|0x0000000081c00000, 0x0000000081d00000, 0x0000000081d00000|100%| O|  |TAMS 0x0000000081d00000, 0x0000000081c00000| Untracked 
|  29|0x0000000081d00000, 0x0000000081e00000, 0x0000000081e00000|100%| O|  |TAMS 0x0000000081e00000, 0x0000000081d00000| Untracked 
|  30|0x0000000081e00000, 0x0000000081f00000, 0x0000000081f00000|100%| O|  |TAMS 0x0000000081f00000, 0x0000000081e00000| Untracked 
|  31|0x0000000081f00000, 0x0000000082000000, 0x0000000082000000|100%| O|  |TAMS 0x0000000082000000, 0x0000000081f00000| Updating 
|  32|0x0000000082000000, 0x0000000082100000, 0x0000000082100000|100%| O|  |TAMS 0x0000000082100000, 0x0000000082000000| Updating 
|  33|0x0000000082100000, 0x0000000082200000, 0x0000000082200000|100%|HS|  |TAMS 0x0000000082200000, 0x0000000082100000| Complete 
|  34|0x0000000082200000, 0x0000000082300000, 0x0000000082300000|100%|HS|  |TAMS 0x0000000082300000, 0x0000000082200000| Complete 
|  35|0x0000000082300000, 0x0000000082400000, 0x0000000082400000|100%|HS|  |TAMS 0x0000000082400000, 0x0000000082300000| Complete 
|  36|0x0000000082400000, 0x0000000082500000, 0x0000000082500000|100%|HC|  |TAMS 0x0000000082500000, 0x0000000082400000| Complete 
|  37|0x0000000082500000, 0x0000000082600000, 0x0000000082600000|100%|HS|  |TAMS 0x0000000082600000, 0x0000000082500000| Complete 
|  38|0x0000000082600000, 0x0000000082700000, 0x0000000082700000|100%|HC|  |TAMS 0x0000000082700000, 0x0000000082600000| Complete 
|  39|0x0000000082700000, 0x0000000082800000, 0x0000000082800000|100%|HS|  |TAMS 0x0000000082800000, 0x0000000082700000| Complete 
|  40|0x0000000082800000, 0x0000000082900000, 0x0000000082900000|100%| O|  |TAMS 0x0000000082900000, 0x0000000082800000| Untracked 
|  41|0x0000000082900000, 0x0000000082a00000, 0x0000000082a00000|100%| O|  |TAMS 0x0000000082a00000, 0x0000000082900000| Untracked 
|  42|0x0000000082a00000, 0x0000000082b00000, 0x0000000082b00000|100%| O|  |TAMS 0x0000000082b00000, 0x0000000082a00000| Untracked 
|  43|0x0000000082b00000, 0x0000000082c00000, 0x0000000082c00000|100%| O|  |TAMS 0x0000000082c00000, 0x0000000082b00000| Untracked 
|  44|0x0000000082c00000, 0x0000000082d00000, 0x0000000082d00000|100%| O|  |TAMS 0x0000000082d00000, 0x0000000082c00000| Untracked 
|  45|0x0000000082d00000, 0x0000000082e00000, 0x0000000082e00000|100%|HS|  |TAMS 0x0000000082e00000, 0x0000000082d00000| Complete 
|  46|0x0000000082e00000, 0x0000000082f00000, 0x0000000082f00000|100%|HC|  |TAMS 0x0000000082f00000, 0x0000000082e00000| Complete 
|  47|0x0000000082f00000, 0x0000000083000000, 0x0000000083000000|100%|HC|  |TAMS 0x0000000083000000, 0x0000000082f00000| Complete 
|  48|0x0000000083000000, 0x0000000083100000, 0x0000000083100000|100%|HC|  |TAMS 0x0000000083100000, 0x0000000083000000| Complete 
|  49|0x0000000083100000, 0x0000000083200000, 0x0000000083200000|100%|HS|  |TAMS 0x0000000083200000, 0x0000000083100000| Complete 
|  50|0x0000000083200000, 0x0000000083300000, 0x0000000083300000|100%| O|  |TAMS 0x0000000083300000, 0x0000000083200000| Updating 
|  51|0x0000000083300000, 0x0000000083400000, 0x0000000083400000|100%|HS|  |TAMS 0x0000000083400000, 0x0000000083300000| Complete 
|  52|0x0000000083400000, 0x0000000083500000, 0x0000000083500000|100%| O|  |TAMS 0x0000000083500000, 0x0000000083400000| Untracked 
|  53|0x0000000083500000, 0x0000000083600000, 0x0000000083600000|100%| O|  |TAMS 0x0000000083600000, 0x0000000083500000| Updating 
|  54|0x0000000083600000, 0x0000000083700000, 0x0000000083700000|100%| O|  |TAMS 0x0000000083700000, 0x0000000083600000| Untracked 
|  55|0x0000000083700000, 0x0000000083745a00, 0x0000000083800000| 27%| O|  |TAMS 0x0000000083700000, 0x0000000083700000| Updating 
|  56|0x0000000083800000, 0x0000000083900000, 0x0000000083900000|100%| O|  |TAMS 0x0000000083900000, 0x0000000083800000| Untracked 
|  57|0x0000000083900000, 0x0000000083a00000, 0x0000000083a00000|100%| O|  |TAMS 0x0000000083a00000, 0x0000000083900000| Untracked 
|  58|0x0000000083a00000, 0x0000000083b00000, 0x0000000083b00000|100%| O|  |TAMS 0x0000000083b00000, 0x0000000083a00000| Untracked 
|  59|0x0000000083b00000, 0x0000000083c00000, 0x0000000083c00000|100%|HS|  |TAMS 0x0000000083c00000, 0x0000000083b00000| Complete 
|  60|0x0000000083c00000, 0x0000000083d00000, 0x0000000083d00000|100%| O|  |TAMS 0x0000000083d00000, 0x0000000083c00000| Untracked 
|  61|0x0000000083d00000, 0x0000000083e00000, 0x0000000083e00000|100%| O|  |TAMS 0x0000000083db4800, 0x0000000083d00000| Untracked 
|  62|0x0000000083e00000, 0x0000000083f00000, 0x0000000083f00000|100%|HS|  |TAMS 0x0000000083e00000, 0x0000000083e00000| Complete 
|  63|0x0000000083f00000, 0x0000000084000000, 0x0000000084000000|100%|HS|  |TAMS 0x0000000083f00000, 0x0000000083f00000| Complete 
|  64|0x0000000084000000, 0x0000000084100000, 0x0000000084100000|100%|HS|  |TAMS 0x0000000084000000, 0x0000000084000000| Complete 
|  65|0x0000000084100000, 0x0000000084200000, 0x0000000084200000|100%|HS|  |TAMS 0x0000000084100000, 0x0000000084100000| Complete 
|  66|0x0000000084200000, 0x0000000084200000, 0x0000000084300000|  0%| F|  |TAMS 0x0000000084200000, 0x0000000084200000| Untracked 
|  67|0x0000000084300000, 0x0000000084300000, 0x0000000084400000|  0%| F|  |TAMS 0x0000000084300000, 0x0000000084300000| Untracked 
|  68|0x0000000084400000, 0x0000000084400000, 0x0000000084500000|  0%| F|  |TAMS 0x0000000084400000, 0x0000000084400000| Untracked 
|  69|0x0000000084500000, 0x0000000084500000, 0x0000000084600000|  0%| F|  |TAMS 0x0000000084500000, 0x0000000084500000| Untracked 
|  70|0x0000000084600000, 0x0000000084600000, 0x0000000084700000|  0%| F|  |TAMS 0x0000000084600000, 0x0000000084600000| Untracked 
|  71|0x0000000084700000, 0x0000000084700000, 0x0000000084800000|  0%| F|  |TAMS 0x0000000084700000, 0x0000000084700000| Untracked 
|  72|0x0000000084800000, 0x0000000084800000, 0x0000000084900000|  0%| F|  |TAMS 0x0000000084800000, 0x0000000084800000| Untracked 
|  73|0x0000000084900000, 0x0000000084900000, 0x0000000084a00000|  0%| F|  |TAMS 0x0000000084900000, 0x0000000084900000| Untracked 
|  74|0x0000000084a00000, 0x0000000084a00000, 0x0000000084b00000|  0%| F|  |TAMS 0x0000000084a00000, 0x0000000084a00000| Untracked 
|  75|0x0000000084b00000, 0x0000000084b00000, 0x0000000084c00000|  0%| F|  |TAMS 0x0000000084b00000, 0x0000000084b00000| Untracked 
|  76|0x0000000084c00000, 0x0000000084c00000, 0x0000000084d00000|  0%| F|  |TAMS 0x0000000084c00000, 0x0000000084c00000| Untracked 
|  77|0x0000000084d00000, 0x0000000084d00000, 0x0000000084e00000|  0%| F|  |TAMS 0x0000000084d00000, 0x0000000084d00000| Untracked 
|  78|0x0000000084e00000, 0x0000000084e00000, 0x0000000084f00000|  0%| F|  |TAMS 0x0000000084e00000, 0x0000000084e00000| Untracked 
|  79|0x0000000084f00000, 0x0000000084f00000, 0x0000000085000000|  0%| F|  |TAMS 0x0000000084f00000, 0x0000000084f00000| Untracked 
|  80|0x0000000085000000, 0x0000000085000000, 0x0000000085100000|  0%| F|  |TAMS 0x0000000085000000, 0x0000000085000000| Untracked 
|  81|0x0000000085100000, 0x0000000085100000, 0x0000000085200000|  0%| F|  |TAMS 0x0000000085100000, 0x0000000085100000| Untracked 
|  82|0x0000000085200000, 0x0000000085200000, 0x0000000085300000|  0%| F|  |TAMS 0x0000000085200000, 0x0000000085200000| Untracked 
|  83|0x0000000085300000, 0x0000000085300000, 0x0000000085400000|  0%| F|  |TAMS 0x0000000085300000, 0x0000000085300000| Untracked 
|  84|0x0000000085400000, 0x0000000085400000, 0x0000000085500000|  0%| F|  |TAMS 0x0000000085400000, 0x0000000085400000| Untracked 
|  85|0x0000000085500000, 0x0000000085500000, 0x0000000085600000|  0%| F|  |TAMS 0x0000000085500000, 0x0000000085500000| Untracked 
|  86|0x0000000085600000, 0x0000000085600000, 0x0000000085700000|  0%| F|  |TAMS 0x0000000085600000, 0x0000000085600000| Untracked 
|  87|0x0000000085700000, 0x0000000085700000, 0x0000000085800000|  0%| F|  |TAMS 0x0000000085700000, 0x0000000085700000| Untracked 
|  88|0x0000000085800000, 0x0000000085800000, 0x0000000085900000|  0%| F|  |TAMS 0x0000000085800000, 0x0000000085800000| Untracked 
|  89|0x0000000085900000, 0x0000000085900000, 0x0000000085a00000|  0%| F|  |TAMS 0x0000000085900000, 0x0000000085900000| Untracked 
|  90|0x0000000085a00000, 0x0000000085a00000, 0x0000000085b00000|  0%| F|  |TAMS 0x0000000085a00000, 0x0000000085a00000| Untracked 
|  91|0x0000000085b00000, 0x0000000085b00000, 0x0000000085c00000|  0%| F|  |TAMS 0x0000000085b00000, 0x0000000085b00000| Untracked 
|  92|0x0000000085c00000, 0x0000000085c00000, 0x0000000085d00000|  0%| F|  |TAMS 0x0000000085c00000, 0x0000000085c00000| Untracked 
|  93|0x0000000085d00000, 0x0000000085d00000, 0x0000000085e00000|  0%| F|  |TAMS 0x0000000085d00000, 0x0000000085d00000| Untracked 
|  94|0x0000000085e00000, 0x0000000085e00000, 0x0000000085f00000|  0%| F|  |TAMS 0x0000000085e00000, 0x0000000085e00000| Untracked 
|  95|0x0000000085f00000, 0x0000000085f00000, 0x0000000086000000|  0%| F|  |TAMS 0x0000000085f00000, 0x0000000085f00000| Untracked 
|  96|0x0000000086000000, 0x0000000086000000, 0x0000000086100000|  0%| F|  |TAMS 0x0000000086000000, 0x0000000086000000| Untracked 
|  97|0x0000000086100000, 0x0000000086100000, 0x0000000086200000|  0%| F|  |TAMS 0x0000000086100000, 0x0000000086100000| Untracked 
|  98|0x0000000086200000, 0x00000000862f02b8, 0x0000000086300000| 93%| E|  |TAMS 0x0000000086200000, 0x0000000086200000| Complete 
|  99|0x0000000086300000, 0x0000000086400000, 0x0000000086400000|100%| E|CS|TAMS 0x0000000086300000, 0x0000000086300000| Complete 
| 100|0x0000000086400000, 0x0000000086500000, 0x0000000086500000|100%| E|CS|TAMS 0x0000000086400000, 0x0000000086400000| Complete 
| 101|0x0000000086500000, 0x0000000086600000, 0x0000000086600000|100%| E|CS|TAMS 0x0000000086500000, 0x0000000086500000| Complete 
| 102|0x0000000086600000, 0x0000000086700000, 0x0000000086700000|100%| E|CS|TAMS 0x0000000086600000, 0x0000000086600000| Complete 
| 103|0x0000000086700000, 0x0000000086717f50, 0x0000000086800000|  9%| S|CS|TAMS 0x0000000086700000, 0x0000000086700000| Complete 
| 104|0x0000000086800000, 0x0000000086900000, 0x0000000086900000|100%| S|CS|TAMS 0x0000000086800000, 0x0000000086800000| Complete 
| 105|0x0000000086900000, 0x0000000086a00000, 0x0000000086a00000|100%| S|CS|TAMS 0x0000000086900000, 0x0000000086900000| Complete 
| 106|0x0000000086a00000, 0x0000000086b00000, 0x0000000086b00000|100%| S|CS|TAMS 0x0000000086a00000, 0x0000000086a00000| Complete 
| 107|0x0000000086b00000, 0x0000000086c00000, 0x0000000086c00000|100%| E|CS|TAMS 0x0000000086b00000, 0x0000000086b00000| Complete 
| 108|0x0000000086c00000, 0x0000000086d00000, 0x0000000086d00000|100%| E|CS|TAMS 0x0000000086c00000, 0x0000000086c00000| Complete 
| 109|0x0000000086d00000, 0x0000000086e00000, 0x0000000086e00000|100%| E|CS|TAMS 0x0000000086d00000, 0x0000000086d00000| Complete 
| 110|0x0000000086e00000, 0x0000000086f00000, 0x0000000086f00000|100%| E|CS|TAMS 0x0000000086e00000, 0x0000000086e00000| Complete 
| 111|0x0000000086f00000, 0x0000000086f00000, 0x0000000087000000|  0%| F|  |TAMS 0x0000000086f00000, 0x0000000086f00000| Untracked 
| 112|0x0000000087000000, 0x0000000087000000, 0x0000000087100000|  0%| F|  |TAMS 0x0000000087000000, 0x0000000087000000| Untracked 
| 113|0x0000000087100000, 0x0000000087100000, 0x0000000087200000|  0%| F|  |TAMS 0x0000000087100000, 0x0000000087100000| Untracked 
| 114|0x0000000087200000, 0x0000000087200000, 0x0000000087300000|  0%| F|  |TAMS 0x0000000087200000, 0x0000000087200000| Untracked 
| 115|0x0000000087300000, 0x0000000087300000, 0x0000000087400000|  0%| F|  |TAMS 0x0000000087300000, 0x0000000087300000| Untracked 
| 116|0x0000000087400000, 0x0000000087400000, 0x0000000087500000|  0%| F|  |TAMS 0x0000000087400000, 0x0000000087400000| Untracked 
| 117|0x0000000087500000, 0x0000000087500000, 0x0000000087600000|  0%| F|  |TAMS 0x0000000087500000, 0x0000000087500000| Untracked 
| 118|0x0000000087600000, 0x0000000087600000, 0x0000000087700000|  0%| F|  |TAMS 0x0000000087600000, 0x0000000087600000| Untracked 
| 119|0x0000000087700000, 0x0000000087700000, 0x0000000087800000|  0%| F|  |TAMS 0x0000000087700000, 0x0000000087700000| Untracked 
| 120|0x0000000087800000, 0x0000000087800000, 0x0000000087900000|  0%| F|  |TAMS 0x0000000087800000, 0x0000000087800000| Untracked 
| 121|0x0000000087900000, 0x0000000087900000, 0x0000000087a00000|  0%| F|  |TAMS 0x0000000087900000, 0x0000000087900000| Untracked 
| 122|0x0000000087a00000, 0x0000000087a00000, 0x0000000087b00000|  0%| F|  |TAMS 0x0000000087a00000, 0x0000000087a00000| Untracked 
| 123|0x0000000087b00000, 0x0000000087c00000, 0x0000000087c00000|100%| E|CS|TAMS 0x0000000087b00000, 0x0000000087b00000| Complete 

Card table byte_map: [0x000001a5265a0000,0x000001a5269a0000] _byte_map_base: 0x000001a5261a0000

Marking Bits (Prev, Next): (CMBitMap*) 0x000001a5139eca10, (CMBitMap*) 0x000001a5139eca50
 Prev Bits: [0x000001a526da0000, 0x000001a528da0000)
 Next Bits: [0x000001a528da0000, 0x000001a52ada0000)

Polling page: 0x000001a513150000

Metaspace:

Usage:
  Non-class:     58.03 MB used.
      Class:      9.07 MB used.
       Both:     67.10 MB used.

Virtual space:
  Non-class space:       64.00 MB reserved,      58.38 MB ( 91%) committed,  1 nodes.
      Class space:        1.00 GB reserved,       9.38 MB ( <1%) committed,  1 nodes.
             Both:        1.06 GB reserved,      67.75 MB (  6%) committed. 

Chunk freelists:
   Non-Class:  5.00 MB
       Class:  6.61 MB
        Both:  11.61 MB

MaxMetaspaceSize: unlimited
CompressedClassSpaceSize: 1.00 GB
Initial GC threshold: 21.00 MB
Current GC threshold: 111.88 MB
CDS: off
MetaspaceReclaimPolicy: balanced
 - commit_granule_bytes: 65536.
 - commit_granule_words: 8192.
 - virtual_space_node_default_size: 8388608.
 - enlarge_chunks_in_place: 1.
 - new_chunks_are_fully_committed: 0.
 - uncommit_free_chunks: 1.
 - use_allocation_guard: 0.
 - handle_deallocations: 1.


Internal statistics:

num_allocs_failed_limit: 6.
num_arena_births: 768.
num_arena_deaths: 0.
num_vsnodes_births: 2.
num_vsnodes_deaths: 0.
num_space_committed: 1084.
num_space_uncommitted: 0.
num_chunks_returned_to_freelist: 6.
num_chunks_taken_from_freelist: 3163.
num_chunk_merges: 6.
num_chunk_splits: 2081.
num_chunks_enlarged: 1384.
num_inconsistent_stats: 0.

CodeHeap 'non-profiled nmethods': size=120000Kb used=2526Kb max_used=3413Kb free=117473Kb
 bounds [0x000001a51e940000, 0x000001a51eca0000, 0x000001a525e70000]
CodeHeap 'profiled nmethods': size=120000Kb used=11182Kb max_used=13271Kb free=108817Kb
 bounds [0x000001a516e70000, 0x000001a517b70000, 0x000001a51e3a0000]
CodeHeap 'non-nmethods': size=5760Kb used=1661Kb max_used=1696Kb free=4098Kb
 bounds [0x000001a51e3a0000, 0x000001a51e610000, 0x000001a51e940000]
 total_blobs=6974 nmethods=6242 adapters=643
 compilation: enabled
              stopped_count=0, restarted_count=0
 full_count=0

Compilation events (20 events):
Event: 9.663 Thread 0x000001a52d98ef20 7159       2       java.util.regex.ASCII::isUpper (18 bytes)
Event: 9.663 Thread 0x000001a52d98ef20 nmethod 7159 0x000001a516f9e890 code [0x000001a516f9ea20, 0x000001a516f9eb38]
Event: 9.665 Thread 0x000001a52d98ef20 7160  s    2       java.util.Hashtable::put (104 bytes)
Event: 9.666 Thread 0x000001a52d98ef20 nmethod 7160 0x000001a5170f1410 code [0x000001a5170f1600, 0x000001a5170f1ab8]
Event: 9.666 Thread 0x000001a52d98ef20 7161       2       java.util.Hashtable::addEntry (87 bytes)
Event: 9.666 Thread 0x000001a52d98ef20 nmethod 7161 0x000001a516f8ff90 code [0x000001a516f90160, 0x000001a516f905b8]
Event: 9.666 Thread 0x000001a52d98ef20 7162       2       java.util.Hashtable$Entry::<init> (26 bytes)
Event: 9.666 Thread 0x000001a52d98ef20 nmethod 7162 0x000001a516e75190 code [0x000001a516e75320, 0x000001a516e75538]
Event: 9.666 Thread 0x000001a52d98ef20 7163       2       sun.security.util.SignatureFileVerifier::updateSigners (132 bytes)
Event: 9.667 Thread 0x000001a52d98ef20 nmethod 7163 0x000001a517043810 code [0x000001a517043a40, 0x000001a517044198]
Event: 9.667 Thread 0x000001a52d98ef20 7164       2       sun.security.util.SignatureFileVerifier::matches (93 bytes)
Event: 9.667 Thread 0x000001a52d98ef20 nmethod 7164 0x000001a516f4a990 code [0x000001a516f4ab80, 0x000001a516f4b038]
Event: 9.667 Thread 0x000001a52d98ef20 7165       2       java.security.Provider$UString::hashCode (8 bytes)
Event: 9.667 Thread 0x000001a52d98ef20 nmethod 7165 0x000001a516ff8f10 code [0x000001a516ff90a0, 0x000001a516ff91c8]
Event: 9.712 Thread 0x000001a52d98ef20 7172 %     3       java.util.jar.Manifest::read @ 48 (415 bytes)
Event: 9.714 Thread 0x000001a52d98ef20 nmethod 7172% 0x000001a5172a9790 code [0x000001a5172a9ca0, 0x000001a5172ac658]
Event: 9.714 Thread 0x000001a52d98ef20 7174       2       sun.security.util.ObjectIdentifier::equals (33 bytes)
Event: 9.715 Thread 0x000001a52d98ef20 nmethod 7174 0x000001a516e87190 code [0x000001a516e87340, 0x000001a516e87548]
Event: 9.715 Thread 0x000001a52d98ef20 7173       1       sun.util.calendar.CalendarDate::getMonth (5 bytes)
Event: 9.715 Thread 0x000001a52d98ef20 nmethod 7173 0x000001a51e940a10 code [0x000001a51e940ba0, 0x000001a51e940c78]

GC Heap History (20 events):
Event: 8.032 GC heap before
{Heap before GC invocations=16 (full 0):
 garbage-first heap   total 91136K, used 62861K [0x0000000080000000, 0x0000000100000000)
  region size 1024K, 24 young (24576K), 6 survivors (6144K)
 Metaspace       used 57230K, committed 57792K, reserved 1114112K
  class space    used 7870K, committed 8128K, reserved 1048576K
}
Event: 8.038 GC heap after
{Heap after GC invocations=17 (full 0):
 garbage-first heap   total 91136K, used 50981K [0x0000000080000000, 0x0000000100000000)
  region size 1024K, 5 young (5120K), 5 survivors (5120K)
 Metaspace       used 57230K, committed 57792K, reserved 1114112K
  class space    used 7870K, committed 8128K, reserved 1048576K
}
Event: 8.154 GC heap before
{Heap before GC invocations=18 (full 0):
 garbage-first heap   total 96256K, used 61221K [0x0000000080000000, 0x0000000100000000)
  region size 1024K, 10 young (10240K), 5 survivors (5120K)
 Metaspace       used 57246K, committed 57792K, reserved 1114112K
  class space    used 7874K, committed 8128K, reserved 1048576K
}
Event: 8.157 GC heap after
{Heap after GC invocations=19 (full 0):
 garbage-first heap   total 96256K, used 59035K [0x0000000080000000, 0x0000000100000000)
  region size 1024K, 3 young (3072K), 3 survivors (3072K)
 Metaspace       used 57246K, committed 57792K, reserved 1114112K
  class space    used 7874K, committed 8128K, reserved 1048576K
}
Event: 8.301 GC heap before
{Heap before GC invocations=20 (full 0):
 garbage-first heap   total 104448K, used 71323K [0x0000000080000000, 0x0000000100000000)
  region size 1024K, 15 young (15360K), 3 survivors (3072K)
 Metaspace       used 58145K, committed 58688K, reserved 1114112K
  class space    used 8007K, committed 8256K, reserved 1048576K
}
Event: 8.303 GC heap after
{Heap after GC invocations=21 (full 0):
 garbage-first heap   total 104448K, used 60759K [0x0000000080000000, 0x0000000100000000)
  region size 1024K, 1 young (1024K), 1 survivors (1024K)
 Metaspace       used 58145K, committed 58688K, reserved 1114112K
  class space    used 8007K, committed 8256K, reserved 1048576K
}
Event: 8.348 GC heap before
{Heap before GC invocations=21 (full 0):
 garbage-first heap   total 104448K, used 63831K [0x0000000080000000, 0x0000000100000000)
  region size 1024K, 5 young (5120K), 1 survivors (1024K)
 Metaspace       used 58370K, committed 59008K, reserved 1114112K
  class space    used 8027K, committed 8320K, reserved 1048576K
}
Event: 8.350 GC heap after
{Heap after GC invocations=22 (full 0):
 garbage-first heap   total 104448K, used 61089K [0x0000000080000000, 0x0000000100000000)
  region size 1024K, 2 young (2048K), 2 survivors (2048K)
 Metaspace       used 58370K, committed 59008K, reserved 1114112K
  class space    used 8027K, committed 8320K, reserved 1048576K
}
Event: 8.572 GC heap before
{Heap before GC invocations=23 (full 0):
 garbage-first heap   total 111616K, used 79521K [0x0000000080000000, 0x0000000100000000)
  region size 1024K, 19 young (19456K), 2 survivors (2048K)
 Metaspace       used 59717K, committed 60352K, reserved 1114112K
  class space    used 8217K, committed 8512K, reserved 1048576K
}
Event: 8.574 GC heap after
{Heap after GC invocations=24 (full 0):
 garbage-first heap   total 111616K, used 62553K [0x0000000080000000, 0x0000000100000000)
  region size 1024K, 2 young (2048K), 2 survivors (2048K)
 Metaspace       used 59717K, committed 60352K, reserved 1114112K
  class space    used 8217K, committed 8512K, reserved 1048576K
}
Event: 8.608 GC heap before
{Heap before GC invocations=24 (full 0):
 garbage-first heap   total 111616K, used 65625K [0x0000000080000000, 0x0000000100000000)
  region size 1024K, 5 young (5120K), 2 survivors (2048K)
 Metaspace       used 59984K, committed 60544K, reserved 1114112K
  class space    used 8255K, committed 8512K, reserved 1048576K
}
Event: 8.610 GC heap after
{Heap after GC invocations=25 (full 0):
 garbage-first heap   total 111616K, used 62317K [0x0000000080000000, 0x0000000100000000)
  region size 1024K, 1 young (1024K), 1 survivors (1024K)
 Metaspace       used 59984K, committed 60544K, reserved 1114112K
  class space    used 8255K, committed 8512K, reserved 1048576K
}
Event: 8.844 GC heap before
{Heap before GC invocations=25 (full 0):
 garbage-first heap   total 111616K, used 83821K [0x0000000080000000, 0x0000000100000000)
  region size 1024K, 23 young (23552K), 1 survivors (1024K)
 Metaspace       used 62199K, committed 62784K, reserved 1114112K
  class space    used 8483K, committed 8768K, reserved 1048576K
}
Event: 8.846 GC heap after
{Heap after GC invocations=26 (full 0):
 garbage-first heap   total 111616K, used 62772K [0x0000000080000000, 0x0000000100000000)
  region size 1024K, 1 young (1024K), 1 survivors (1024K)
 Metaspace       used 62199K, committed 62784K, reserved 1114112K
  class space    used 8483K, committed 8768K, reserved 1048576K
}
Event: 9.207 GC heap before
{Heap before GC invocations=27 (full 0):
 garbage-first heap   total 112640K, used 86324K [0x0000000080000000, 0x0000000100000000)
  region size 1024K, 25 young (25600K), 1 survivors (1024K)
 Metaspace       used 64859K, committed 65408K, reserved 1114112K
  class space    used 8755K, committed 9024K, reserved 1048576K
}
Event: 9.209 GC heap after
{Heap after GC invocations=28 (full 0):
 garbage-first heap   total 112640K, used 63527K [0x0000000080000000, 0x0000000100000000)
  region size 1024K, 2 young (2048K), 2 survivors (2048K)
 Metaspace       used 64859K, committed 65408K, reserved 1114112K
  class space    used 8755K, committed 9024K, reserved 1048576K
}
Event: 9.542 GC heap before
{Heap before GC invocations=28 (full 0):
 garbage-first heap   total 112640K, used 88103K [0x0000000080000000, 0x0000000100000000)
  region size 1024K, 27 young (27648K), 2 survivors (2048K)
 Metaspace       used 67425K, committed 68032K, reserved 1114112K
  class space    used 9154K, committed 9472K, reserved 1048576K
}
Event: 9.545 GC heap after
{Heap after GC invocations=29 (full 0):
 garbage-first heap   total 112640K, used 64646K [0x0000000080000000, 0x0000000100000000)
  region size 1024K, 3 young (3072K), 3 survivors (3072K)
 Metaspace       used 67425K, committed 68032K, reserved 1114112K
  class space    used 9154K, committed 9472K, reserved 1048576K
}
Event: 9.675 GC heap before
{Heap before GC invocations=30 (full 0):
 garbage-first heap   total 114688K, used 67718K [0x0000000080000000, 0x0000000100000000)
  region size 1024K, 8 young (8192K), 3 survivors (3072K)
 Metaspace       used 68710K, committed 69312K, reserved 1114112K
  class space    used 9287K, committed 9600K, reserved 1048576K
}
Event: 9.678 GC heap after
{Heap after GC invocations=31 (full 0):
 garbage-first heap   total 114688K, used 65910K [0x0000000080000000, 0x0000000100000000)
  region size 1024K, 4 young (4096K), 4 survivors (4096K)
 Metaspace       used 68710K, committed 69312K, reserved 1114112K
  class space    used 9287K, committed 9600K, reserved 1048576K
}

Dll operation events (3 events):
Event: 0.038 Loaded shared library C:\Program Files\Android\Android Studio\jbr\bin\java.dll
Event: 0.289 Loaded shared library C:\Program Files\Android\Android Studio\jbr\bin\zip.dll
Event: 0.726 Loaded shared library C:\Program Files\Android\Android Studio\jbr\bin\verify.dll

Deoptimization events (20 events):
Event: 9.664 Thread 0x000001a53397d2f0 DEOPT PACKING pc=0x000001a51eacfe18 sp=0x0000000e9d0f20e0
Event: 9.664 Thread 0x000001a53397d2f0 DEOPT UNPACKING pc=0x000001a51e3fa1a3 sp=0x0000000e9d0f2020 mode 2
Event: 9.668 Thread 0x000001a53397d2f0 Uncommon trap: trap_request=0xffffff45 fr.pc=0x000001a51ea899f4 relative=0x0000000000000074
Event: 9.668 Thread 0x000001a53397d2f0 Uncommon trap: reason=unstable_if action=reinterpret pc=0x000001a51ea899f4 method=java.security.CodeSource.getCertificates()[Ljava/security/cert/Certificate; @ 22 c2
Event: 9.668 Thread 0x000001a53397d2f0 DEOPT PACKING pc=0x000001a51ea899f4 sp=0x0000000e9d0f28a0
Event: 9.668 Thread 0x000001a53397d2f0 DEOPT UNPACKING pc=0x000001a51e3fa1a3 sp=0x0000000e9d0f2828 mode 2
Event: 9.668 Thread 0x000001a53397d2f0 DEOPT PACKING pc=0x000001a5176475d1 sp=0x0000000e9d0f0d60
Event: 9.668 Thread 0x000001a53397d2f0 DEOPT UNPACKING pc=0x000001a51e3face3 sp=0x0000000e9d0f0258 mode 0
Event: 9.671 Thread 0x000001a53397d2f0 Uncommon trap: trap_request=0xffffff45 fr.pc=0x000001a51ec2f280 relative=0x00000000000001e0
Event: 9.671 Thread 0x000001a53397d2f0 Uncommon trap: reason=unstable_if action=reinterpret pc=0x000001a51ec2f280 method=java.security.CodeSource.matchCerts(Ljava/security/CodeSource;Z)Z @ 11 c2
Event: 9.671 Thread 0x000001a53397d2f0 DEOPT PACKING pc=0x000001a51ec2f280 sp=0x0000000e9d0f0ef0
Event: 9.671 Thread 0x000001a53397d2f0 DEOPT UNPACKING pc=0x000001a51e3fa1a3 sp=0x0000000e9d0f0e00 mode 2
Event: 9.672 Thread 0x000001a53397d2f0 Uncommon trap: trap_request=0xffffff45 fr.pc=0x000001a51e9d0a34 relative=0x0000000000000cb4
Event: 9.672 Thread 0x000001a53397d2f0 Uncommon trap: reason=unstable_if action=reinterpret pc=0x000001a51e9d0a34 method=java.util.jar.JarFile.getEntry(Ljava/lang/String;)Ljava/util/zip/ZipEntry; @ 15 c2
Event: 9.672 Thread 0x000001a53397d2f0 DEOPT PACKING pc=0x000001a51e9d0a34 sp=0x0000000e9d0f2ae0
Event: 9.672 Thread 0x000001a53397d2f0 DEOPT UNPACKING pc=0x000001a51e3fa1a3 sp=0x0000000e9d0f2ac8 mode 2
Event: 9.703 Thread 0x000001a53397d2f0 Uncommon trap: trap_request=0xffffff45 fr.pc=0x000001a51ec090c4 relative=0x00000000000002a4
Event: 9.703 Thread 0x000001a53397d2f0 Uncommon trap: reason=unstable_if action=reinterpret pc=0x000001a51ec090c4 method=java.util.LinkedHashMap.get(Ljava/lang/Object;)Ljava/lang/Object; @ 16 c2
Event: 9.704 Thread 0x000001a53397d2f0 DEOPT PACKING pc=0x000001a51ec090c4 sp=0x0000000e9d0f22d0
Event: 9.704 Thread 0x000001a53397d2f0 DEOPT UNPACKING pc=0x000001a51e3fa1a3 sp=0x0000000e9d0f2288 mode 2

Classes unloaded (0 events):
No events

Classes redefined (0 events):
No events

Internal exceptions (20 events):
Event: 6.892 Thread 0x000001a53397d2f0 Exception <a 'java/lang/NoSuchMethodError'{0x0000000083a573a0}: 'void java.lang.invoke.DirectMethodHandle$Holder.invokeStatic(java.lang.Object, java.lang.Object, java.lang.Object, int, java.lang.Object)'> (0x0000000083a573a0) 
thrown [s\src\hotspot\share\interpreter\linkResolver.cpp, line 771]
Event: 7.563 Thread 0x000001a53397d2f0 Exception <a 'java/lang/NoSuchMethodError'{0x0000000084bc3f50}: 'java.lang.Object java.lang.invoke.DirectMethodHandle$Holder.newInvokeSpecial(java.lang.Object, java.lang.Object, java.lang.Object, java.lang.Object, int, java.lang.Object)'> (0x0000000084bc3f50) 
thrown [s\src\hotspot\share\interpreter\linkResolver.cpp, line 771]
Event: 7.563 Thread 0x000001a53397d2f0 Exception <a 'java/lang/NoSuchMethodError'{0x0000000084bc92a8}: 'java.lang.Object java.lang.invoke.Invokers$Holder.linkToTargetMethod(java.lang.Object, java.lang.Object, java.lang.Object, int, java.lang.Object, java.lang.Object)'> (0x0000000084bc92a8) 
thrown [s\src\hotspot\share\interpreter\linkResolver.cpp, line 771]
Event: 7.768 Thread 0x000001a53397d2f0 Exception <a 'java/lang/NoSuchMethodError'{0x00000000854474f8}: 'long java.lang.invoke.DirectMethodHandle$Holder.invokeVirtual(java.lang.Object, java.lang.Object)'> (0x00000000854474f8) 
thrown [s\src\hotspot\share\interpreter\linkResolver.cpp, line 771]
Event: 7.772 Thread 0x000001a53365a940 Exception <a 'java/lang/NoSuchMethodError'{0x0000000085490748}: static Lorg/gradle/internal/build/event/types/DefaultOperationFinishedProgressEvent;.<clinit>()V> (0x0000000085490748) 
thrown [s\src\hotspot\share\prims\jni.cpp, line 1108]
Event: 7.775 Thread 0x000001a53365a940 Exception <a 'java/lang/NoSuchMethodError'{0x00000000854bb0a0}: static Lorg/gradle/internal/build/event/types/DefaultProjectConfigurationSuccessResult;.<clinit>()V> (0x00000000854bb0a0) 
thrown [s\src\hotspot\share\prims\jni.cpp, line 1108]
Event: 7.776 Thread 0x000001a53365a940 Exception <a 'java/lang/NoSuchMethodError'{0x00000000854bf8a0}: static Lorg/gradle/internal/build/event/types/AbstractProjectConfigurationResult;.<clinit>()V> (0x00000000854bf8a0) 
thrown [s\src\hotspot\share\prims\jni.cpp, line 1108]
Event: 7.776 Thread 0x000001a53365a940 Exception <a 'java/lang/NoSuchMethodError'{0x00000000854c0fe8}: static Lorg/gradle/internal/build/event/types/AbstractOperationResult;.<clinit>()V> (0x00000000854c0fe8) 
thrown [s\src\hotspot\share\prims\jni.cpp, line 1108]
Event: 7.776 Thread 0x000001a53365a940 Exception <a 'java/lang/NoSuchMethodError'{0x00000000854c2450}: static Lorg/gradle/internal/build/event/types/AbstractResult;.<clinit>()V> (0x00000000854c2450) 
thrown [s\src\hotspot\share\prims\jni.cpp, line 1108]
Event: 7.778 Thread 0x000001a53365a940 Exception <a 'java/lang/NoSuchMethodError'{0x0000000085308778}: static Lorg/gradle/internal/build/event/types/DefaultPluginApplicationResult;.<clinit>()V> (0x0000000085308778) 
thrown [s\src\hotspot\share\prims\jni.cpp, line 1108]
Event: 7.779 Thread 0x000001a53365a940 Exception <a 'java/lang/NoSuchMethodError'{0x00000000853158e8}: static Lorg/gradle/internal/build/event/types/DefaultBinaryPluginIdentifier;.<clinit>()V> (0x00000000853158e8) 
thrown [s\src\hotspot\share\prims\jni.cpp, line 1108]
Event: 7.781 Thread 0x000001a53365a940 Exception <a 'java/lang/NoSuchMethodError'{0x000000008532f3f0}: static Lorg/gradle/internal/build/event/types/DefaultScriptPluginIdentifier;.<clinit>()V> (0x000000008532f3f0) 
thrown [s\src\hotspot\share\prims\jni.cpp, line 1108]
Event: 7.839 Thread 0x000001a53397d2f0 Implicit null exception at 0x000001a51eba908f to 0x000001a51eba9794
Event: 7.839 Thread 0x000001a53397d2f0 Implicit null exception at 0x000001a51ebb8414 to 0x000001a51ebb8ad8
Event: 7.938 Thread 0x000001a53397d2f0 Exception <a 'java/lang/NoSuchMethodError'{0x0000000084c6aba8}: 'void java.lang.invoke.Invokers$Holder.invoke_MT(java.lang.Object, java.lang.Object, java.lang.Object, java.lang.Object)'> (0x0000000084c6aba8) 
thrown [s\src\hotspot\share\interpreter\linkResolver.cpp, line 771]
Event: 7.944 Thread 0x000001a53397d2f0 Exception <a 'java/lang/NoSuchMethodError'{0x0000000084ce8220}: 'java.lang.Object java.lang.invoke.DirectMethodHandle$Holder.invokeSpecial(java.lang.Object, java.lang.Object, java.lang.Object, int, java.lang.Object, java.lang.Object)'> (0x0000000084ce8220) 
thrown [s\src\hotspot\share\interpreter\linkResolver.cpp, line 771]
Event: 8.148 Thread 0x000001a53397d2f0 Exception <a 'java/lang/ClassNotFoundException'{0x000000008590c280}: sun/misc/SharedSecrets> (0x000000008590c280) 
thrown [s\src\hotspot\share\classfile\systemDictionary.cpp, line 256]
Event: 8.148 Thread 0x000001a53397d2f0 Exception <a 'java/lang/ClassNotFoundException'{0x000000008590d858}: org/gradle/api/internal/plugins/DefaultObjectConfigurationActionBeanInfo> (0x000000008590d858) 
thrown [s\src\hotspot\share\classfile\systemDictionary.cpp, line 256]
Event: 8.149 Thread 0x000001a53397d2f0 Exception <a 'java/lang/ClassNotFoundException'{0x0000000085923ac8}: org/gradle/api/internal/plugins/DefaultObjectConfigurationActionCustomizer> (0x0000000085923ac8) 
thrown [s\src\hotspot\share\classfile\systemDictionary.cpp, line 256]
Event: 9.602 Thread 0x000001a53397d2f0 Implicit null exception at 0x000001a51eacc80c to 0x000001a51eacc942

VM Operations (20 events):
Event: 9.209 Executing VM operation: G1CollectForAllocation done
Event: 9.542 Executing VM operation: G1CollectForAllocation
Event: 9.545 Executing VM operation: G1CollectForAllocation done
Event: 9.558 Executing VM operation: HandshakeAllThreads
Event: 9.559 Executing VM operation: HandshakeAllThreads done
Event: 9.587 Executing VM operation: G1PauseRemark
Event: 9.591 Executing VM operation: G1PauseRemark done
Event: 9.610 Executing VM operation: G1PauseCleanup
Event: 9.610 Executing VM operation: G1PauseCleanup done
Event: 9.613 Executing VM operation: HandshakeAllThreads
Event: 9.613 Executing VM operation: HandshakeAllThreads done
Event: 9.613 Executing VM operation: HandshakeAllThreads
Event: 9.613 Executing VM operation: HandshakeAllThreads done
Event: 9.627 Executing VM operation: HandshakeAllThreads
Event: 9.627 Executing VM operation: HandshakeAllThreads done
Event: 9.651 Executing VM operation: HandshakeAllThreads
Event: 9.651 Executing VM operation: HandshakeAllThreads done
Event: 9.675 Executing VM operation: G1TryInitiateConcMark
Event: 9.678 Executing VM operation: G1TryInitiateConcMark done
Event: 9.717 Executing VM operation: G1PauseRemark

Events (20 events):
Event: 9.663 loading class java/security/interfaces/ECKey
Event: 9.663 loading class java/security/interfaces/ECKey done
Event: 9.663 loading class java/security/interfaces/XECKey
Event: 9.663 loading class java/security/interfaces/XECKey done
Event: 9.663 loading class sun/security/util/KeyUtil
Event: 9.664 loading class sun/security/util/KeyUtil done
Event: 9.664 loading class sun/security/util/Length
Event: 9.664 loading class sun/security/util/Length done
Event: 9.664 loading class javax/crypto/SecretKey
Event: 9.664 loading class javax/crypto/SecretKey done
Event: 9.664 loading class java/util/Base64
Event: 9.665 loading class java/util/Base64 done
Event: 9.665 loading class java/util/Base64$Decoder
Event: 9.665 loading class java/util/Base64$Decoder done
Event: 9.665 loading class java/util/Base64$Encoder
Event: 9.665 loading class java/util/Base64$Encoder done
Event: 9.666 loading class java/util/jar/JarVerifier$VerifierStream
Event: 9.666 loading class java/util/jar/JarVerifier$VerifierStream done
Event: 9.667 loading class sun/security/util/ManifestEntryVerifier$SunProviderHolder
Event: 9.667 loading class sun/security/util/ManifestEntryVerifier$SunProviderHolder done


Dynamic libraries:
0x00007ff702fb0000 - 0x00007ff702fba000 	C:\Program Files\Android\Android Studio\jbr\bin\java.exe
0x00007ff99d2b0000 - 0x00007ff99d4a8000 	C:\WINDOWS\SYSTEM32\ntdll.dll
0x00007ff99b9d0000 - 0x00007ff99ba8d000 	C:\WINDOWS\System32\KERNEL32.DLL
0x00007ff99a970000 - 0x00007ff99ac66000 	C:\WINDOWS\System32\KERNELBASE.dll
0x00007ff99b090000 - 0x00007ff99b190000 	C:\WINDOWS\System32\ucrtbase.dll
0x00007ff996040000 - 0x00007ff996057000 	C:\Program Files\Android\Android Studio\jbr\bin\jli.dll
0x00007ff995cb0000 - 0x00007ff995ccb000 	C:\Program Files\Android\Android Studio\jbr\bin\VCRUNTIME140.dll
0x00007ff99c2c0000 - 0x00007ff99c45f000 	C:\WINDOWS\System32\USER32.dll
0x00007ff99af10000 - 0x00007ff99af32000 	C:\WINDOWS\System32\win32u.dll
0x00007ff99b430000 - 0x00007ff99b45b000 	C:\WINDOWS\System32\GDI32.dll
0x00007ff99ad40000 - 0x00007ff99ae57000 	C:\WINDOWS\System32\gdi32full.dll
0x00007ff983320000 - 0x00007ff9835ba000 	C:\WINDOWS\WinSxS\amd64_microsoft.windows.common-controls_6595b64144ccf1df_6.0.19041.4355_none_60b8b9eb71f62e16\COMCTL32.dll
0x00007ff99aca0000 - 0x00007ff99ad3d000 	C:\WINDOWS\System32\msvcp_win.dll
0x00007ff99b460000 - 0x00007ff99b4fe000 	C:\WINDOWS\System32\msvcrt.dll
0x00007ff99b2f0000 - 0x00007ff99b31f000 	C:\WINDOWS\System32\IMM32.DLL
0x00007ff995f80000 - 0x00007ff995f8c000 	C:\Program Files\Android\Android Studio\jbr\bin\vcruntime140_1.dll
0x00007ff924510000 - 0x00007ff92459d000 	C:\Program Files\Android\Android Studio\jbr\bin\msvcp140.dll
0x00007ff920410000 - 0x00007ff921093000 	C:\Program Files\Android\Android Studio\jbr\bin\server\jvm.dll
0x00007ff99c210000 - 0x00007ff99c2c0000 	C:\WINDOWS\System32\ADVAPI32.dll
0x00007ff99b680000 - 0x00007ff99b720000 	C:\WINDOWS\System32\sechost.dll
0x00007ff99c9c0000 - 0x00007ff99cae3000 	C:\WINDOWS\System32\RPCRT4.dll
0x00007ff99ac70000 - 0x00007ff99ac97000 	C:\WINDOWS\System32\bcrypt.dll
0x00007ff999ef0000 - 0x00007ff999f3b000 	C:\WINDOWS\SYSTEM32\POWRPROF.dll
0x00007ff993720000 - 0x00007ff99372a000 	C:\WINDOWS\SYSTEM32\VERSION.dll
0x00007ff9796c0000 - 0x00007ff9796c9000 	C:\WINDOWS\SYSTEM32\WSOCK32.dll
0x00007ff97b320000 - 0x00007ff97b347000 	C:\WINDOWS\SYSTEM32\WINMM.dll
0x00007ff99caf0000 - 0x00007ff99cb5b000 	C:\WINDOWS\System32\WS2_32.dll
0x00007ff999d60000 - 0x00007ff999d72000 	C:\WINDOWS\SYSTEM32\UMPDC.dll
0x00007ff999180000 - 0x00007ff999192000 	C:\WINDOWS\SYSTEM32\kernel.appcore.dll
0x00007ff997fd0000 - 0x00007ff997fda000 	C:\Program Files\Android\Android Studio\jbr\bin\jimage.dll
0x00007ff998e90000 - 0x00007ff999074000 	C:\WINDOWS\SYSTEM32\DBGHELP.DLL
0x00007ff96ed10000 - 0x00007ff96ed44000 	C:\WINDOWS\SYSTEM32\dbgcore.DLL
0x00007ff99b000000 - 0x00007ff99b082000 	C:\WINDOWS\System32\bcryptPrimitives.dll
0x00007ff9960c0000 - 0x00007ff9960ce000 	C:\Program Files\Android\Android Studio\jbr\bin\instrument.dll
0x00007ff996440000 - 0x00007ff996465000 	C:\Program Files\Android\Android Studio\jbr\bin\java.dll
0x00007ff9965f0000 - 0x00007ff996608000 	C:\Program Files\Android\Android Studio\jbr\bin\zip.dll
0x00007ff99ba90000 - 0x00007ff99c1fc000 	C:\WINDOWS\System32\SHELL32.dll
0x00007ff998620000 - 0x00007ff998dbd000 	C:\WINDOWS\SYSTEM32\windows.storage.dll
0x00007ff99cbc0000 - 0x00007ff99cf13000 	C:\WINDOWS\System32\combase.dll
0x00007ff99a390000 - 0x00007ff99a3be000 	C:\WINDOWS\SYSTEM32\Wldp.dll
0x00007ff99b5b0000 - 0x00007ff99b67d000 	C:\WINDOWS\System32\OLEAUT32.dll
0x00007ff99b500000 - 0x00007ff99b5ad000 	C:\WINDOWS\System32\SHCORE.dll
0x00007ff99b320000 - 0x00007ff99b375000 	C:\WINDOWS\System32\shlwapi.dll
0x00007ff99a8a0000 - 0x00007ff99a8c4000 	C:\WINDOWS\SYSTEM32\profapi.dll
0x00007ff996420000 - 0x00007ff996439000 	C:\Program Files\Android\Android Studio\jbr\bin\net.dll
0x00007ff997150000 - 0x00007ff99725a000 	C:\WINDOWS\SYSTEM32\WINHTTP.dll
0x00007ff99a0f0000 - 0x00007ff99a15a000 	C:\WINDOWS\system32\mswsock.dll
0x00007ff9962d0000 - 0x00007ff9962e6000 	C:\Program Files\Android\Android Studio\jbr\bin\nio.dll
0x00007ff9960d0000 - 0x00007ff9960e0000 	C:\Program Files\Android\Android Studio\jbr\bin\verify.dll
0x00007ff995d00000 - 0x00007ff995d27000 	C:\Users\HP\.gradle\native\c067742578af261105cb4f569cf0c3c89f3d7b1fecec35dd04571415982c5e48\windows-amd64\native-platform.dll
0x00007ff923be0000 - 0x00007ff923d24000 	C:\Users\HP\.gradle\native\38dada09dfb8b06ba9b0570ebf7e218e3eb74d4ef43ca46872605cf95ebc2f47\windows-amd64\native-platform-file-events.dll
0x00007ff9962c0000 - 0x00007ff9962c9000 	C:\Program Files\Android\Android Studio\jbr\bin\management.dll
0x00007ff9960e0000 - 0x00007ff9960eb000 	C:\Program Files\Android\Android Studio\jbr\bin\management_ext.dll
0x00007ff99c200000 - 0x00007ff99c208000 	C:\WINDOWS\System32\PSAPI.DLL
0x00007ff99a2e0000 - 0x00007ff99a2f8000 	C:\WINDOWS\SYSTEM32\CRYPTSP.dll
0x00007ff9999a0000 - 0x00007ff9999d4000 	C:\WINDOWS\system32\rsaenh.dll
0x00007ff99a810000 - 0x00007ff99a83e000 	C:\WINDOWS\SYSTEM32\USERENV.dll
0x00007ff99a300000 - 0x00007ff99a30c000 	C:\WINDOWS\SYSTEM32\CRYPTBASE.dll
0x00007ff999d80000 - 0x00007ff999dbb000 	C:\WINDOWS\SYSTEM32\IPHLPAPI.DLL
0x00007ff99c460000 - 0x00007ff99c468000 	C:\WINDOWS\System32\NSI.dll
0x00007ff98f3c0000 - 0x00007ff98f3d7000 	C:\WINDOWS\SYSTEM32\dhcpcsvc6.DLL
0x00007ff98ff50000 - 0x00007ff98ff6d000 	C:\WINDOWS\SYSTEM32\dhcpcsvc.DLL
0x00007ff999dc0000 - 0x00007ff999e8a000 	C:\WINDOWS\SYSTEM32\DNSAPI.dll
0x00007ff996410000 - 0x00007ff996419000 	C:\Program Files\Android\Android Studio\jbr\bin\extnet.dll
0x00007ff997c00000 - 0x00007ff997c07000 	C:\WINDOWS\system32\wshunix.dll

dbghelp: loaded successfully - version: 4.0.5 - missing functions: none
symbol engine: initialized successfully - sym options: 0x614 - pdb path: .;C:\Program Files\Android\Android Studio\jbr\bin;C:\WINDOWS\SYSTEM32;C:\WINDOWS\WinSxS\amd64_microsoft.windows.common-controls_6595b64144ccf1df_6.0.19041.4355_none_60b8b9eb71f62e16;C:\Program Files\Android\Android Studio\jbr\bin\server;C:\Users\HP\.gradle\native\c067742578af261105cb4f569cf0c3c89f3d7b1fecec35dd04571415982c5e48\windows-amd64;C:\Users\HP\.gradle\native\38dada09dfb8b06ba9b0570ebf7e218e3eb74d4ef43ca46872605cf95ebc2f47\windows-amd64

VM Arguments:
jvm_args: --add-opens=java.base/java.util=ALL-UNNAMED --add-opens=java.base/java.lang=ALL-UNNAMED --add-opens=java.base/java.lang.invoke=ALL-UNNAMED --add-opens=java.prefs/java.util.prefs=ALL-UNNAMED --add-opens=java.base/java.nio.charset=ALL-UNNAMED --add-opens=java.base/java.net=ALL-UNNAMED --add-opens=java.base/java.util.concurrent.atomic=ALL-UNNAMED -Xmx2048m -Dfile.encoding=UTF-8 -Duser.country=US -Duser.language=en -Duser.variant -javaagent:C:\Users\HP\.gradle\wrapper\dists\gradle-8.7-bin\bhs2wmbdwecv87pi65oeuq5iu\gradle-8.7\lib\agents\gradle-instrumentation-agent-8.7.jar 
java_command: org.gradle.launcher.daemon.bootstrap.GradleDaemon 8.7
java_class_path (initial): C:\Users\HP\.gradle\wrapper\dists\gradle-8.7-bin\bhs2wmbdwecv87pi65oeuq5iu\gradle-8.7\lib\gradle-launcher-8.7.jar
Launcher Type: SUN_STANDARD

[Global flags]
     intx CICompilerCount                          = 4                                         {product} {ergonomic}
     uint ConcGCThreads                            = 2                                         {product} {ergonomic}
     uint G1ConcRefinementThreads                  = 8                                         {product} {ergonomic}
   size_t G1HeapRegionSize                         = 1048576                                   {product} {ergonomic}
    uintx GCDrainStackTargetSize                   = 64                                        {product} {ergonomic}
   size_t InitialHeapSize                          = 130023424                                 {product} {ergonomic}
   size_t MarkStackSize                            = 4194304                                   {product} {ergonomic}
   size_t MaxHeapSize                              = 2147483648                                {product} {command line}
   size_t MaxNewSize                               = 1287651328                                {product} {ergonomic}
   size_t MinHeapDeltaBytes                        = 1048576                                   {product} {ergonomic}
   size_t MinHeapSize                              = 8388608                                   {product} {ergonomic}
    uintx NonNMethodCodeHeapSize                   = 5839372                                {pd product} {ergonomic}
    uintx NonProfiledCodeHeapSize                  = 122909434                              {pd product} {ergonomic}
    uintx ProfiledCodeHeapSize                     = 122909434                              {pd product} {ergonomic}
    uintx ReservedCodeCacheSize                    = 251658240                              {pd product} {ergonomic}
     bool SegmentedCodeCache                       = true                                      {product} {ergonomic}
   size_t SoftMaxHeapSize                          = 2147483648                             {manageable} {ergonomic}
     bool UseCompressedClassPointers               = true                           {product lp64_product} {ergonomic}
     bool UseCompressedOops                        = true                           {product lp64_product} {ergonomic}
     bool UseG1GC                                  = true                                      {product} {ergonomic}
     bool UseLargePagesIndividualAllocation        = false                                  {pd product} {ergonomic}

Logging:
Log output configuration:
 #0: stdout all=warning uptime,level,tags
 #1: stderr all=off uptime,level,tags

Environment Variables:
PATH=C:\Program Files (x86)\SIEMENS\S7-PCT\bin;C:\Program Files (x86)\Common Files\Siemens\Sqlany;C:\Program Files (x86)\Siemens\Step7\S7bin;C:\Program Files\Common Files\Siemens\Automation\Simatic OAM\bin;C:\Program Files (x86)\NVIDIA Corporation\PhysX\Common;C:\Program Files (x86)\Common Files\Intel\Shared Libraries\redist\intel64\compiler;C:\WINDOWS\system32;C:\WINDOWS;C:\WINDOWS\System32\Wbem;C:\WINDOWS\System32\WindowsPowerShell\v1.0\;C:\WINDOWS\System32\OpenSSH\;C:\MinGW\bin;C:\Program Files\dotnet\;C:\Program Files\Microsoft SQL Server\Client SDK\ODBC\110\Tools\Binn\;C:\Program Files (x86)\Microsoft SQL Server\120\Tools\Binn\;C:\Program Files\Microsoft SQL Server\120\Tools\Binn\;C:\Program Files\Microsoft SQL Server\120\DTS\Binn\;C:\Program Files (x86)\Windows Kits\8.1\Windows Performance Toolkit\;C:\Program Files\nodejs\;C:\Program Files\PKWARE\pkzipc;C:\Program Files\Git\cmd;C:\Users\HP\AppData\Local\Programs\Python\Python310\Scripts\;C:\Users\HP\AppData\Local\Programs\Python\Python310\;C:\Users\HP\AppData\Local\Microsoft\WindowsApps;;C:\Users\HP\AppData\Local\Programs\Microsoft VS Code\bin;C:\Users\HP\AppData\Roaming\npm;C:\altera\13.0\modelsim_ase\win32aloem
USERNAME=HP
OS=Windows_NT
PROCESSOR_IDENTIFIER=Intel64 Family 6 Model 140 Stepping 1, GenuineIntel
TMP=C:\Users\HP\AppData\Local\Temp
TEMP=C:\Users\HP\AppData\Local\Temp



Periodic native trim disabled

JNI global refs:
JNI global refs: 26, weak refs: 7

JNI global refs memory usage: 843, weak refs: 841

OOME stack traces (most recent first):
Classloader memory used:
Loader org.gradle.internal.classloader.VisitableURLClassLoader                         : 3624K
Loader bootstrap                                                                       : 2688K
Loader org.gradle.initialization.MixInLegacyTypesClassLoader                           : 1227K
Loader org.gradle.internal.classloader.VisitableURLClassLoader$InstrumentingVisitableURLClassLoader: 911K
Loader jdk.internal.loader.ClassLoaders$PlatformClassLoader                            : 65599B
Loader jdk.internal.reflect.DelegatingClassLoader                                      : 30213B
Loader jdk.internal.loader.ClassLoaders$AppClassLoader                                 : 28714B
Loader org.gradle.internal.classloader.VisitableURLClassLoader                         : 15996B

Classes loaded by more than one classloader:
Class Program                                                                         : loaded 4 times (x 72B)
Class com.google.common.collect.Iterators$MergingIterator                             : loaded 2 times (x 79B)
Class [Lcom.google.common.collect.AbstractMapEntry;                                   : loaded 2 times (x 67B)
Class com.google.common.collect.SingletonImmutableList                                : loaded 2 times (x 167B)
Class com.google.common.cache.CacheLoader$SupplierToCacheLoader                       : loaded 2 times (x 73B)
Class org.gradle.internal.classpath.ClassPath                                         : loaded 2 times (x 68B)
Class com.google.common.cache.RemovalListener                                         : loaded 2 times (x 68B)
Class org.gradle.api.internal.classpath.DefaultModuleRegistry                         : loaded 2 times (x 84B)
Class Settings_gradle$1$1                                                             : loaded 2 times (x 72B)
Class com.google.common.collect.ListMultimap                                          : loaded 2 times (x 68B)
Class com.google.common.base.CharMatcher$JavaDigit                                    : loaded 2 times (x 109B)
Class com.google.common.base.CharMatcher$Digit                                        : loaded 2 times (x 110B)
Class com.google.common.collect.AbstractMultimap                                      : loaded 2 times (x 121B)
Class com.google.common.cache.CacheBuilder$OneWeigher                                 : loaded 2 times (x 80B)
Class org.gradle.api.Action                                                           : loaded 2 times (x 68B)
Class com.google.common.collect.ImmutableEntry                                        : loaded 2 times (x 80B)
Class com.google.common.collect.Lists$StringAsImmutableList                           : loaded 2 times (x 167B)
Class com.google.common.cache.LocalCache$StrongEntry                                  : loaded 2 times (x 106B)
Class com.google.common.base.CharMatcher                                              : loaded 2 times (x 109B)
Class com.google.common.base.CharMatcher$IsNot                                        : loaded 2 times (x 109B)
Class com.google.common.base.Splitter                                                 : loaded 2 times (x 70B)
Class [Lcom.google.common.cache.Weigher;                                              : loaded 2 times (x 67B)
Class com.google.common.collect.Iterators$ArrayItr                                    : loaded 2 times (x 95B)
Class com.google.common.cache.LocalCache$Segment                                      : loaded 2 times (x 152B)
Class org.gradle.api.internal.DefaultClassPathProvider                                : loaded 2 times (x 74B)
Class org.gradle.internal.installation.GradleInstallation$1                           : loaded 2 times (x 73B)
Class com.google.common.cache.LocalCache$AbstractReferenceEntry                       : loaded 2 times (x 105B)
Class com.google.common.util.concurrent.AbstractFuture$Failure                        : loaded 2 times (x 70B)
Class com.google.common.base.CharMatcher$BitSetMatcher                                : loaded 2 times (x 110B)
Class com.google.common.collect.ImmutableMap$IteratorBasedImmutableMap                : loaded 2 times (x 123B)
Class com.google.common.collect.ImmutableMap                                          : loaded 2 times (x 118B)
Class com.google.common.base.Converter                                                : loaded 2 times (x 88B)
Class com.google.common.collect.ImmutableSet$EmptySetBuilderImpl                      : loaded 2 times (x 74B)
Class com.google.common.base.Equivalence                                              : loaded 2 times (x 80B)
Class com.google.common.cache.LocalCache$EntryFactory$1                               : loaded 2 times (x 81B)
Class com.google.common.cache.LocalCache$EntryFactory$2                               : loaded 2 times (x 81B)
Class com.google.common.cache.LocalCache$EntryFactory$3                               : loaded 2 times (x 81B)
Class com.google.common.cache.LocalCache$EntryFactory$4                               : loaded 2 times (x 81B)
Class com.google.common.cache.LocalCache$EntryFactory$5                               : loaded 2 times (x 81B)
Class com.google.common.cache.LocalCache$EntryFactory$6                               : loaded 2 times (x 81B)
Class com.google.common.cache.LocalCache$EntryFactory$7                               : loaded 2 times (x 81B)
Class com.google.common.cache.LocalCache$EntryFactory$8                               : loaded 2 times (x 81B)
Class com.google.common.base.Predicate                                                : loaded 2 times (x 68B)
Class com.google.common.cache.LocalCache$StrongValueReference                         : loaded 2 times (x 88B)
Class org.gradle.internal.classloader.FilteringClassLoader                            : loaded 2 times (x 103B)
Class com.google.common.collect.RegularImmutableSet                                   : loaded 2 times (x 146B)
Class [Lcom.google.common.cache.LocalCache$Strength;                                  : loaded 2 times (x 67B)
Class org.gradle.internal.classpath.DefaultClassPath$ImmutableUniqueList$Builder      : loaded 2 times (x 73B)
Class com.google.common.collect.Maps$8                                                : loaded 2 times (x 80B)
Class [Lcom.google.common.cache.CacheBuilder$NullListener;                            : loaded 2 times (x 67B)
Class com.google.common.base.PatternCompiler                                          : loaded 2 times (x 68B)
Class com.google.common.base.CharMatcher$InRange                                      : loaded 2 times (x 109B)
Class com.google.common.collect.BiMap                                                 : loaded 2 times (x 68B)
Class com.google.common.collect.Lists                                                 : loaded 2 times (x 69B)
Class com.google.common.math.IntMath$1                                                : loaded 2 times (x 69B)
Class org.gradle.internal.classloader.ClassLoaderVisitor                              : loaded 2 times (x 74B)
Class com.google.common.cache.CacheBuilder$NullListener                               : loaded 2 times (x 80B)
Class com.google.common.math.MathPreconditions                                        : loaded 2 times (x 69B)
Class org.gradle.internal.service.DefaultServiceLocator                               : loaded 2 times (x 81B)
Class org.gradle.internal.service.UnknownServiceException                             : loaded 2 times (x 81B)
Class com.google.common.util.concurrent.AbstractFuture$SynchronizedHelper             : loaded 2 times (x 76B)
Class com.google.common.collect.ArrayListMultimap                                     : loaded 2 times (x 170B)
Class com.google.common.base.Strings                                                  : loaded 2 times (x 69B)
Class com.google.common.cache.CacheLoader$InvalidCacheLoadException                   : loaded 2 times (x 80B)
Class org.gradle.internal.classloader.DefaultClassLoaderFactory                       : loaded 2 times (x 80B)
Class com.google.common.collect.UnmodifiableIterator                                  : loaded 2 times (x 78B)
Class com.google.common.base.Stopwatch                                                : loaded 2 times (x 70B)
Class com.google.common.base.Platform$JdkPatternCompiler                              : loaded 2 times (x 73B)
Class com.google.common.cache.LocalCache$LoadingValueReference                        : loaded 2 times (x 94B)
Class com.google.common.base.CharMatcher$SingleWidth                                  : loaded 2 times (x 110B)
Class com.google.common.collect.Hashing                                               : loaded 2 times (x 69B)
Class com.google.common.base.JdkPattern                                               : loaded 2 times (x 73B)
Class com.google.common.collect.Multimap                                              : loaded 2 times (x 68B)
Class com.google.common.base.FunctionalEquivalence                                    : loaded 2 times (x 81B)
Class com.google.common.cache.LocalCache$1                                            : loaded 2 times (x 87B)
Class com.google.common.cache.LocalCache$2                                            : loaded 2 times (x 140B)
Class com.google.common.collect.RegularImmutableBiMap                                 : loaded 2 times (x 146B)
Class org.gradle.internal.classloader.VisitableURLClassLoader$Spec                    : loaded 2 times (x 72B)
Class org.gradle.api.GradleException                                                  : loaded 2 times (x 80B)
Class com.google.common.base.CharMatcher$JavaLetterOrDigit                            : loaded 2 times (x 109B)
Class org.gradle.api.internal.classpath.ModuleRegistry                                : loaded 2 times (x 68B)
Class com.google.common.cache.CacheBuilder                                            : loaded 2 times (x 70B)
Class com.google.common.collect.ImmutableCollection                                   : loaded 2 times (x 123B)
Class com.google.common.base.PairwiseEquivalence                                      : loaded 2 times (x 81B)
Class com.google.common.base.Ticker                                                   : loaded 2 times (x 70B)
Class org.gradle.api.internal.ClassPathProvider                                       : loaded 2 times (x 68B)
Class com.google.common.collect.RegularImmutableMap$Values                            : loaded 2 times (x 167B)
Class org.gradle.internal.classloader.ClasspathUtil$1                                 : loaded 2 times (x 74B)
Class com.google.common.collect.ImmutableEnumMap                                      : loaded 2 times (x 123B)
Class com.google.common.collect.ImmutableList$ReverseImmutableList                    : loaded 2 times (x 168B)
Class com.google.common.cache.AbstractCache$StatsCounter                              : loaded 2 times (x 68B)
Class com.google.common.cache.LocalCache$Strength$1                                   : loaded 2 times (x 79B)
Class com.google.common.cache.LocalCache$Strength$2                                   : loaded 2 times (x 79B)
Class com.google.common.cache.LocalCache$Strength$3                                   : loaded 2 times (x 79B)
Class org.gradle.internal.classloader.ClassLoaderFactory                              : loaded 2 times (x 68B)
Class com.google.common.collect.ObjectArrays                                          : loaded 2 times (x 69B)
Class com.google.common.util.concurrent.AbstractFuture$Waiter                         : loaded 2 times (x 70B)
Class com.google.common.util.concurrent.Uninterruptibles                              : loaded 2 times (x 69B)
Class com.google.common.collect.Iterators$10                                          : loaded 2 times (x 79B)
Class com.google.common.collect.ImmutableList                                         : loaded 2 times (x 166B)
Class org.gradle.api.internal.classpath.ManifestUtil                                  : loaded 2 times (x 69B)
Class org.gradle.api.specs.Spec                                                       : loaded 2 times (x 68B)
Class com.google.common.cache.CacheLoader$UnsupportedLoadingOperationException        : loaded 2 times (x 80B)
Class com.google.common.base.CharMatcher$Whitespace                                   : loaded 2 times (x 110B)
Class com.google.common.util.concurrent.ListenableFuture                              : loaded 2 times (x 68B)
Class com.google.common.collect.Iterators$1                                           : loaded 2 times (x 79B)
Class com.google.common.collect.Iterators$4                                           : loaded 2 times (x 80B)
Class com.google.common.collect.RegularImmutableMap$BucketOverflowException           : loaded 2 times (x 80B)
Class com.google.common.collect.Iterators$5                                           : loaded 2 times (x 80B)
Class com.google.common.util.concurrent.AbstractFuture$UnsafeAtomicHelper             : loaded 2 times (x 76B)
Class com.google.common.base.Equivalence$Equals                                       : loaded 2 times (x 80B)
Class com.google.common.base.Preconditions                                            : loaded 2 times (x 69B)
Class com.google.common.base.Function                                                 : loaded 2 times (x 68B)
Class com.google.common.collect.Iterators$9                                           : loaded 2 times (x 79B)
Class org.gradle.internal.IoActions                                                   : loaded 2 times (x 69B)
Class com.google.common.cache.ReferenceEntry                                          : loaded 2 times (x 68B)
Class com.google.common.collect.RegularImmutableMap$KeySet                            : loaded 2 times (x 148B)
Class com.google.common.collect.CollectPreconditions                                  : loaded 2 times (x 69B)
Class com.google.common.collect.Maps                                                  : loaded 2 times (x 69B)
Class com.google.common.collect.RegularImmutableMap                                   : loaded 2 times (x 119B)
Class com.google.common.collect.AbstractIndexedListIterator                           : loaded 2 times (x 94B)
Class com.google.common.base.CharMatcher$None                                         : loaded 2 times (x 110B)
Class org.gradle.api.internal.classpath.EffectiveClassPath                            : loaded 2 times (x 88B)
Class com.google.common.collect.UnmodifiableListIterator                              : loaded 2 times (x 93B)
Class com.google.common.cache.CacheLoader$FunctionToCacheLoader                       : loaded 2 times (x 73B)
Class com.google.common.cache.CacheBuilder$1                                          : loaded 2 times (x 83B)
Class com.google.common.cache.CacheBuilder$2                                          : loaded 2 times (x 70B)
Class com.google.common.collect.ImmutableList$1                                       : loaded 2 times (x 95B)
Class com.google.common.base.Splitter$Strategy                                        : loaded 2 times (x 68B)
Class com.google.common.collect.ImmutableMapEntrySet$RegularEntrySet                  : loaded 2 times (x 149B)
Class [Lcom.google.common.cache.RemovalListener;                                      : loaded 2 times (x 67B)
Class [Lcom.google.common.collect.ImmutableMapEntry;                                  : loaded 2 times (x 67B)
Class org.gradle.internal.installation.CurrentGradleInstallation                      : loaded 2 times (x 71B)
Class org.gradle.internal.agents.InstrumentingClassLoader                             : loaded 2 times (x 68B)
Class org.gradle.internal.installation.CurrentGradleInstallationLocator               : loaded 2 times (x 69B)
Class [Lcom.google.common.cache.LocalCache$Segment;                                   : loaded 2 times (x 67B)
Class org.gradle.api.internal.classpath.Module                                        : loaded 2 times (x 68B)
Class com.google.common.base.Splitter$1$1                                             : loaded 2 times (x 84B)
Class com.google.common.collect.ImmutableSet$JdkBackedSetBuilderImpl                  : loaded 2 times (x 74B)
Class com.google.common.collect.ImmutableSet$RegularSetBuilderImpl                    : loaded 2 times (x 75B)
Class org.gradle.internal.service.CachingServiceLocator                               : loaded 2 times (x 80B)
Class [Lcom.google.common.collect.ImmutableEntry;                                     : loaded 2 times (x 67B)
Class org.gradle.internal.classpath.DefaultClassPath                                  : loaded 2 times (x 88B)
Class com.google.common.util.concurrent.AbstractFuture$SetFuture                      : loaded 2 times (x 73B)
Class com.google.common.base.Splitter$SplittingIterator                               : loaded 2 times (x 82B)
Class com.google.common.cache.LocalCache$LocalManualCache$1                           : loaded 2 times (x 73B)
Class Build_gradle$1                                                                  : loaded 2 times (x 76B)
Class [Lcom.google.common.cache.LocalCache$EntryFactory;                              : loaded 2 times (x 67B)
Class com.google.common.base.CharMatcher$Is                                           : loaded 2 times (x 109B)
Class com.google.common.base.Platform                                                 : loaded 2 times (x 69B)
Class com.google.common.collect.RegularImmutableAsList                                : loaded 2 times (x 176B)
Class com.google.common.collect.PeekingIterator                                       : loaded 2 times (x 68B)
Class com.google.common.collect.ImmutableMapEntrySet                                  : loaded 2 times (x 149B)
Class com.google.common.cache.CacheLoader                                             : loaded 2 times (x 72B)
Class com.google.common.collect.ImmutableBiMapFauxverideShim                          : loaded 2 times (x 118B)
Class com.google.common.cache.Cache                                                   : loaded 2 times (x 68B)
Class org.gradle.internal.classloader.SystemClassLoaderSpec                           : loaded 2 times (x 69B)
Class com.google.common.util.concurrent.internal.InternalFutureFailureAccess          : loaded 2 times (x 70B)
Class com.google.common.collect.SingletonImmutableSet                                 : loaded 2 times (x 144B)
Class [Lcom.google.common.base.AbstractIterator$State;                                : loaded 2 times (x 67B)
Class com.google.common.collect.ImmutableMap$Builder                                  : loaded 2 times (x 80B)
Class com.google.common.base.AbstractIterator                                         : loaded 2 times (x 78B)
Class com.google.common.base.AbstractIterator$1                                       : loaded 2 times (x 69B)
Class [Lcom.google.common.cache.CacheBuilder$OneWeigher;                              : loaded 2 times (x 67B)
Class com.google.common.collect.Iterators                                             : loaded 2 times (x 69B)
Class com.google.common.base.CharMatcher$1                                            : loaded 2 times (x 111B)
Class com.google.common.base.CharMatcher$Ascii                                        : loaded 2 times (x 110B)
Class com.google.common.cache.LocalCache$ComputingValueReference                      : loaded 2 times (x 94B)
Class org.gradle.api.UncheckedIOException                                             : loaded 2 times (x 80B)
Class com.google.common.base.CharMatcher$And                                          : loaded 2 times (x 110B)
Class com.google.common.collect.IndexedImmutableSet                                   : loaded 2 times (x 148B)
Class com.google.common.collect.IndexedImmutableSet$1                                 : loaded 2 times (x 172B)
Class com.google.common.collect.AbstractListMultimap                                  : loaded 2 times (x 170B)
Class com.google.common.base.CharMatcher$Any                                          : loaded 2 times (x 110B)
Class org.gradle.internal.installation.GradleInstallation                             : loaded 2 times (x 73B)
Class com.google.common.cache.LocalCache$Strength                                     : loaded 2 times (x 79B)
Class com.google.common.collect.ArrayListMultimapGwtSerializationDependencies         : loaded 2 times (x 170B)
Class com.google.common.base.CharMatcher$RangesMatcher                                : loaded 2 times (x 110B)
Class com.google.common.collect.ImmutableList$SubList                                 : loaded 2 times (x 168B)
Class com.google.common.cache.LocalCache$ValueReference                               : loaded 2 times (x 68B)
Class org.gradle.internal.classloader.ClasspathUtil                                   : loaded 2 times (x 69B)
Class com.google.common.util.concurrent.AbstractFuture                                : loaded 2 times (x 93B)
Class com.google.common.base.Splitter$1                                               : loaded 2 times (x 75B)
Class com.google.common.base.Ticker$1                                                 : loaded 2 times (x 70B)
Class com.google.common.collect.Maps$BiMapConverter                                   : loaded 2 times (x 88B)
Class org.gradle.api.internal.DefaultClassPathRegistry                                : loaded 2 times (x 74B)
Class com.google.common.util.concurrent.AbstractFuture$Cancellation                   : loaded 2 times (x 70B)
Class com.google.common.collect.ImmutableSet$SetBuilderImpl                           : loaded 2 times (x 74B)
Class org.gradle.api.internal.classpath.DefaultModuleRegistry$DefaultModule           : loaded 2 times (x 84B)
Class com.google.common.base.CharMatcher$JavaIsoControl                               : loaded 2 times (x 110B)
Class com.google.common.collect.ImmutableMap$1                                        : loaded 2 times (x 79B)
Class com.google.common.base.CharMatcher$Or                                           : loaded 2 times (x 110B)
Class org.gradle.kotlin.dsl.VersionCatalogAccessorsKt                                 : loaded 2 times (x 69B)
Class com.google.common.base.Suppliers$SupplierOfInstance                             : loaded 2 times (x 77B)
Class com.google.common.collect.Iterables                                             : loaded 2 times (x 69B)
Class com.google.common.base.CharMatcher$JavaLowerCase                                : loaded 2 times (x 109B)
Class org.gradle.api.internal.classpath.UnknownModuleException                        : loaded 2 times (x 80B)
Class com.google.common.util.concurrent.AbstractFuture$Listener                       : loaded 2 times (x 70B)
Class com.google.common.collect.Maps$EntryTransformer                                 : loaded 2 times (x 68B)
Class com.google.common.collect.ImmutableCollection$Builder                           : loaded 2 times (x 74B)
Class com.google.common.collect.SingletonImmutableBiMap                               : loaded 2 times (x 141B)
Class com.google.common.base.CommonPattern                                            : loaded 2 times (x 72B)
Class com.google.common.base.Suppliers                                                : loaded 2 times (x 69B)
Class com.google.common.cache.LoadingCache                                            : loaded 2 times (x 68B)
Class org.gradle.internal.service.ServiceLookupException                              : loaded 2 times (x 80B)
Class org.gradle.cache.GlobalCache                                                    : loaded 2 times (x 68B)
Class com.google.common.base.CharMatcher$NegatedFastMatcher                           : loaded 2 times (x 111B)
Class [Lorg.gradle.api.internal.ClassPathProvider;                                    : loaded 2 times (x 67B)
Class com.google.common.util.concurrent.AbstractFuture$SafeAtomicHelper               : loaded 2 times (x 77B)
Class org.gradle.util.internal.GUtil                                                  : loaded 2 times (x 69B)
Class com.google.common.math.IntMath                                                  : loaded 2 times (x 69B)
Class com.google.common.collect.AbstractIterator                                      : loaded 2 times (x 80B)
Class org.gradle.internal.classloader.ClassLoaderSpec                                 : loaded 2 times (x 69B)
Class com.google.common.base.NullnessCasts                                            : loaded 2 times (x 69B)
Class com.google.common.cache.LocalCache$LocalManualCache                             : loaded 2 times (x 97B)
Class com.google.common.collect.AbstractMapEntry                                      : loaded 2 times (x 79B)
Class com.google.common.base.CharMatcher$Negated                                      : loaded 2 times (x 111B)
Class com.google.common.cache.CacheLoader$1                                           : loaded 2 times (x 73B)
Class com.google.common.util.concurrent.AbstractFuture$TrustedFuture                  : loaded 2 times (x 95B)
Class com.google.common.collect.ImmutableSet$Builder                                  : loaded 2 times (x 83B)
Class com.google.common.base.CharMatcher$ForPredicate                                 : loaded 2 times (x 110B)
Class com.google.common.collect.ImmutableMap$MapViewOfValuesAsSingletonSets           : loaded 2 times (x 123B)
Class com.google.common.base.MoreObjects                                              : loaded 2 times (x 69B)
Class com.google.common.collect.SortedMapDifference                                   : loaded 2 times (x 68B)
Class com.google.common.cache.CacheStats                                              : loaded 2 times (x 69B)
Class org.gradle.internal.classloader.VisitableURLClassLoader                         : loaded 2 times (x 115B)
Class com.google.common.cache.LocalCache$LocalLoadingCache                            : loaded 2 times (x 132B)
Class com.google.common.base.Supplier                                                 : loaded 2 times (x 68B)
Class com.google.common.util.concurrent.AbstractFuture$AtomicHelper                   : loaded 2 times (x 76B)
Class com.google.common.collect.ImmutableBiMap                                        : loaded 2 times (x 141B)
Class org.gradle.internal.Cast                                                        : loaded 2 times (x 69B)
Class Build_gradle                                                                    : loaded 2 times (x 70B)
Class org.gradle.api.internal.ClassPathRegistry                                       : loaded 2 times (x 68B)
Class com.google.common.cache.LocalCache$EntryFactory                                 : loaded 2 times (x 81B)
Class com.google.common.util.concurrent.UncheckedExecutionException                   : loaded 2 times (x 80B)
Class com.google.common.collect.ImmutableSet                                          : loaded 2 times (x 143B)
Class org.gradle.internal.classloader.VisitableURLClassLoader$InstrumentingVisitableURLClassLoader: loaded 2 times (x 121B)
Class org.gradle.internal.classloader.ClassLoaderHierarchy                            : loaded 2 times (x 68B)
Class com.google.common.base.AbstractIterator$State                                   : loaded 2 times (x 77B)
Class com.google.common.cache.Weigher                                                 : loaded 2 times (x 68B)
Class com.google.common.base.CharMatcher$NamedFastMatcher                             : loaded 2 times (x 110B)
Class org.gradle.internal.InternalTransformer                                         : loaded 2 times (x 68B)
Class org.gradle.internal.service.ServiceLocator                                      : loaded 2 times (x 68B)
Class Settings_gradle$1                                                               : loaded 2 times (x 72B)
Class com.google.common.util.concurrent.SettableFuture                                : loaded 2 times (x 95B)
Class com.google.common.collect.ImmutableMapEntry                                     : loaded 2 times (x 83B)
Class com.google.common.base.CharMatcher$Invisible                                    : loaded 2 times (x 110B)
Class com.google.common.base.CharMatcher$FastMatcher                                  : loaded 2 times (x 109B)
Class org.gradle.internal.classpath.DefaultClassPath$ImmutableUniqueList              : loaded 2 times (x 159B)
Class com.google.common.base.CharMatcher$JavaLetter                                   : loaded 2 times (x 109B)
Class org.gradle.internal.classpath.TransformedClassPath                              : loaded 2 times (x 94B)
Class com.google.common.collect.MapDifference                                         : loaded 2 times (x 68B)
Class com.google.common.util.concurrent.AbstractFuture$Trusted                        : loaded 2 times (x 68B)
Class Settings_gradle                                                                 : loaded 2 times (x 126B)
Class com.google.common.collect.Platform                                              : loaded 2 times (x 69B)
Class com.google.common.collect.ImmutableAsList                                       : loaded 2 times (x 169B)
Class com.google.common.util.concurrent.ExecutionError                                : loaded 2 times (x 80B)
Class com.google.common.base.Equivalence$Identity                                     : loaded 2 times (x 80B)
Class com.google.common.base.CharMatcher$AnyOf                                        : loaded 2 times (x 110B)
Class com.google.common.base.CharMatcher$IsEither                                     : loaded 2 times (x 109B)
Class com.google.common.cache.LocalCache                                              : loaded 2 times (x 185B)
Class com.google.common.collect.RegularImmutableList                                  : loaded 2 times (x 172B)
Class com.google.common.util.concurrent.AbstractFuture$UnsafeAtomicHelper$1           : loaded 2 times (x 74B)
Class com.google.common.base.CharMatcher$JavaUpperCase                                : loaded 2 times (x 109B)
Class com.google.common.collect.Multiset                                              : loaded 2 times (x 68B)
Class com.google.common.collect.ImmutableSet$CachingAsList                            : loaded 2 times (x 145B)
Class com.google.common.collect.ImmutableMapEntry$NonTerminalImmutableMapEntry        : loaded 2 times (x 83B)
Class com.google.common.collect.AbstractMapBasedMultimap                              : loaded 2 times (x 137B)


---------------  S Y S T E M  ---------------

OS:
 Windows 10 , 64 bit Build 19041 (10.0.19041.3636)
OS uptime: 4 days 16:22 hours

CPU: total 8 (initial active 8) (4 cores per cpu, 2 threads per core) family 6 model 140 stepping 1 microcode 0x86, cx8, cmov, fxsr, ht, mmx, 3dnowpref, sse, sse2, sse3, ssse3, sse4.1, sse4.2, popcnt, lzcnt, tsc, tscinvbit, avx, avx2, aes, erms, clmul, bmi1, bmi2, adx, avx512f, avx512dq, avx512cd, avx512bw, avx512vl, sha, fma, vzeroupper, avx512_vpopcntdq, avx512_vpclmulqdq, avx512_vaes, avx512_vnni, clflush, clflushopt, clwb, avx512_vbmi2, avx512_vbmi
Processor Information for all 8 processors :
  Max Mhz: 2419, Current Mhz: 2419, Mhz Limit: 2419

Memory: 4k page, system-wide physical 7932M (238M free)
TotalPageFile size 14076M (AvailPageFile size 9M)
current process WorkingSet (physical memory assigned to process): 270M, peak: 270M
current process commit charge ("private bytes"): 353M, peak: 361M

vm_info: OpenJDK 64-Bit Server VM (17.0.10+0--11609105) for windows-amd64 JRE (17.0.10+0--11609105), built on Mar 21 2024 19:10:56 by "androidbuild" with MS VC++ 16.10 / 16.11 (VS2019)

END.
