#
# There is insufficient memory for the Java Runtime Environment to continue.
# Native memory allocation (mmap) failed to map 23068672 bytes for G1 virtual space
# Possible reasons:
#   The system is out of physical RAM or swap space
#   The process is running with CompressedOops enabled, and the Java Heap may be blocking the growth of the native heap
# Possible solutions:
#   Reduce memory load on the system
#   Increase physical memory or swap space
#   Check if swap backing store is full
#   Decrease Java heap size (-Xmx/-Xms)
#   Decrease number of Java threads
#   Decrease Java thread stack sizes (-Xss)
#   Set larger code cache with -XX:ReservedCodeCacheSize=
#   JVM is running with Unscaled Compressed Oops mode in which the Java heap is
#     placed in the first 4GB address space. The Java Heap base address is the
#     maximum limit for the native heap growth. Please use -XX:HeapBaseMinAddress
#     to set the Java Heap base and to place the Java Heap above 4GB virtual address.
# This output file may be truncated or incomplete.
#
#  Out of Memory Error (os_windows.cpp:3825), pid=16276, tid=15332
#
# JRE version: OpenJDK Runtime Environment (17.0.10) (build 17.0.10+0--11609105)
# Java VM: OpenJDK 64-Bit Server VM (17.0.10+0--11609105, mixed mode, tiered, compressed oops, compressed class ptrs, g1 gc, windows-amd64)
# No core dump will be written. Minidumps are not enabled by default on client versions of Windows
#

---------------  S U M M A R Y ------------

Command Line: --add-opens=java.base/java.util=ALL-UNNAMED --add-opens=java.base/java.lang=ALL-UNNAMED --add-opens=java.base/java.lang.invoke=ALL-UNNAMED --add-opens=java.prefs/java.util.prefs=ALL-UNNAMED --add-opens=java.base/java.nio.charset=ALL-UNNAMED --add-opens=java.base/java.net=ALL-UNNAMED --add-opens=java.base/java.util.concurrent.atomic=ALL-UNNAMED -Xmx2048m -Dfile.encoding=UTF-8 -Duser.country=US -Duser.language=en -Duser.variant -javaagent:C:\Users\HP\.gradle\wrapper\dists\gradle-8.7-bin\bhs2wmbdwecv87pi65oeuq5iu\gradle-8.7\lib\agents\gradle-instrumentation-agent-8.7.jar org.gradle.launcher.daemon.bootstrap.GradleDaemon 8.7

Host: 11th Gen Intel(R) Core(TM) i5-1135G7 @ 2.40GHz, 8 cores, 7G,  Windows 10 , 64 bit Build 19041 (10.0.19041.3636)
Time: Tue Jun 25 09:04:51 2024 Sri Lanka Standard Time elapsed time: 10.054333 seconds (0d 0h 0m 10s)

---------------  T H R E A D  ---------------

Current thread (0x0000026f307c1af0):  VMThread "VM Thread" [stack: 0x00000073b3800000,0x00000073b3900000] [id=15332]

Stack: [0x00000073b3800000,0x00000073b3900000]
Native frames: (J=compiled Java code, j=interpreted, Vv=VM code, C=native code)
V  [jvm.dll+0x688de9]
V  [jvm.dll+0x8423da]
V  [jvm.dll+0x84401e]
V  [jvm.dll+0x844683]
V  [jvm.dll+0x24be0f]
V  [jvm.dll+0x685bb9]
V  [jvm.dll+0x67a46a]
V  [jvm.dll+0x30cbab]
V  [jvm.dll+0x314056]
V  [jvm.dll+0x363dce]
V  [jvm.dll+0x363fff]
V  [jvm.dll+0x2e2978]
V  [jvm.dll+0x2e5a66]
V  [jvm.dll+0x2f027a]
V  [jvm.dll+0x325240]
V  [jvm.dll+0x848d7b]
V  [jvm.dll+0x849ac1]
V  [jvm.dll+0x849fdd]
V  [jvm.dll+0x84a3b4]
V  [jvm.dll+0x84a480]
V  [jvm.dll+0x7f0c7a]
V  [jvm.dll+0x687c65]
C  [ucrtbase.dll+0x21bb2]
C  [KERNEL32.DLL+0x17344]
C  [ntdll.dll+0x4cc91]

VM_Operation (0x00000073b34ff480): G1PauseRemark, mode: safepoint, requested by thread 0x0000026f149dda40


---------------  P R O C E S S  ---------------

Threads class SMR info:
_java_thread_list=0x0000026f39d32c10, length=47, elements={
0x0000026f149701d0, 0x0000026f30923620, 0x0000026f309259e0, 0x0000026f307dcd20,
0x0000026f307dd7f0, 0x0000026f307de0c0, 0x0000026f307de990, 0x0000026f30950680,
0x0000026f30950f90, 0x0000026f30952040, 0x0000026f3074ca30, 0x0000026f30bcab80,
0x0000026f360394b0, 0x0000026f3678ea30, 0x0000026f360ba7b0, 0x0000026f36833de0,
0x0000026f36834b10, 0x0000026f35fda6d0, 0x0000026f369d0250, 0x0000026f36517060,
0x0000026f369a2a80, 0x0000026f369a2f90, 0x0000026f369a2570, 0x0000026f369a34a0,
0x0000026f369a5300, 0x0000026f369a48e0, 0x0000026f369a4df0, 0x0000026f369a5810,
0x0000026f369a2060, 0x0000026f369a39b0, 0x0000026f369a3ec0, 0x0000026f37d60810,
0x0000026f37d61c50, 0x0000026f37d60d20, 0x0000026f37d5fdf0, 0x0000026f37d63ab0,
0x0000026f37d63fc0, 0x0000026f37d5f3d0, 0x0000026f37d5f8e0, 0x0000026f37d5d570,
0x0000026f37d5e9b0, 0x0000026f37d62160, 0x0000026f37d60300, 0x0000026f37d5eec0,
0x0000026f37d5e4a0, 0x0000026f37d644d0, 0x0000026f37d5d060
}

Java Threads: ( => current thread )
  0x0000026f149701d0 JavaThread "main" [_thread_blocked, id=620, stack(0x00000073b3200000,0x00000073b3300000)]
  0x0000026f30923620 JavaThread "Reference Handler" daemon [_thread_blocked, id=10852, stack(0x00000073b3900000,0x00000073b3a00000)]
  0x0000026f309259e0 JavaThread "Finalizer" daemon [_thread_blocked, id=11580, stack(0x00000073b3a00000,0x00000073b3b00000)]
  0x0000026f307dcd20 JavaThread "Signal Dispatcher" daemon [_thread_blocked, id=5376, stack(0x00000073b3b00000,0x00000073b3c00000)]
  0x0000026f307dd7f0 JavaThread "Attach Listener" daemon [_thread_blocked, id=12704, stack(0x00000073b3c00000,0x00000073b3d00000)]
  0x0000026f307de0c0 JavaThread "Service Thread" daemon [_thread_blocked, id=1040, stack(0x00000073b3d00000,0x00000073b3e00000)]
  0x0000026f307de990 JavaThread "Monitor Deflation Thread" daemon [_thread_blocked, id=6576, stack(0x00000073b3e00000,0x00000073b3f00000)]
  0x0000026f30950680 JavaThread "C2 CompilerThread0" daemon [_thread_blocked, id=12464, stack(0x00000073b3f00000,0x00000073b4000000)]
  0x0000026f30950f90 JavaThread "C1 CompilerThread0" daemon [_thread_blocked, id=20456, stack(0x00000073b4000000,0x00000073b4100000)]
  0x0000026f30952040 JavaThread "Sweeper thread" daemon [_thread_blocked, id=1548, stack(0x00000073b4100000,0x00000073b4200000)]
  0x0000026f3074ca30 JavaThread "Common-Cleaner" daemon [_thread_blocked, id=8988, stack(0x00000073b4200000,0x00000073b4300000)]
  0x0000026f30bcab80 JavaThread "Notification Thread" daemon [_thread_blocked, id=2860, stack(0x00000073b4300000,0x00000073b4400000)]
  0x0000026f360394b0 JavaThread "Daemon health stats" [_thread_blocked, id=16456, stack(0x00000073b4900000,0x00000073b4a00000)]
  0x0000026f3678ea30 JavaThread "Incoming local TCP Connector on port 61427" [_thread_in_native, id=4476, stack(0x00000073b4a00000,0x00000073b4b00000)]
  0x0000026f360ba7b0 JavaThread "Daemon periodic checks" [_thread_blocked, id=15604, stack(0x00000073b4b00000,0x00000073b4c00000)]
  0x0000026f36833de0 JavaThread "Daemon" [_thread_blocked, id=18860, stack(0x00000073b4c00000,0x00000073b4d00000)]
  0x0000026f36834b10 JavaThread "Handler for socket connection from /127.0.0.1:61427 to /127.0.0.1:61428" [_thread_in_native, id=13336, stack(0x00000073b4d00000,0x00000073b4e00000)]
  0x0000026f35fda6d0 JavaThread "Cancel handler" [_thread_blocked, id=15748, stack(0x00000073b4e00000,0x00000073b4f00000)]
  0x0000026f369d0250 JavaThread "Daemon worker" [_thread_blocked, id=17616, stack(0x00000073b4f00000,0x00000073b5000000)]
  0x0000026f36517060 JavaThread "Asynchronous log dispatcher for DefaultDaemonConnection: socket connection from /127.0.0.1:61427 to /127.0.0.1:61428" [_thread_blocked, id=13620, stack(0x00000073b5000000,0x00000073b5100000)]
  0x0000026f369a2a80 JavaThread "Stdin handler" [_thread_blocked, id=16280, stack(0x00000073b5100000,0x00000073b5200000)]
  0x0000026f369a2f90 JavaThread "Daemon client event forwarder" [_thread_blocked, id=3252, stack(0x00000073b5200000,0x00000073b5300000)]
  0x0000026f369a2570 JavaThread "Cache worker for journal cache (C:\Users\HP\.gradle\caches\journal-1)" [_thread_blocked, id=10004, stack(0x00000073b5700000,0x00000073b5800000)]
  0x0000026f369a34a0 JavaThread "File lock request listener" [_thread_in_native, id=9912, stack(0x00000073b5800000,0x00000073b5900000)]
  0x0000026f369a5300 JavaThread "Cache worker for file hash cache (C:\Users\HP\.gradle\caches\8.7\fileHashes)" [_thread_blocked, id=1192, stack(0x00000073b5900000,0x00000073b5a00000)]
  0x0000026f369a48e0 JavaThread "Cache worker for file hash cache (C:\Users\HP\AndroidStudioProjects\LoginApp\.gradle\8.7\fileHashes)" [_thread_blocked, id=3760, stack(0x00000073b5a00000,0x00000073b5b00000)]
  0x0000026f369a4df0 JavaThread "File watcher server" daemon [_thread_blocked, id=3248, stack(0x00000073b5b00000,0x00000073b5c00000)]
  0x0000026f369a5810 JavaThread "File watcher consumer" daemon [_thread_blocked, id=3512, stack(0x00000073b5c00000,0x00000073b5d00000)]
  0x0000026f369a2060 JavaThread "Cache worker for checksums cache (C:\Users\HP\AndroidStudioProjects\LoginApp\.gradle\8.7\checksums)" [_thread_blocked, id=11556, stack(0x00000073b5d00000,0x00000073b5e00000)]
  0x0000026f369a39b0 JavaThread "Cache worker for cache directory md-supplier (C:\Users\HP\.gradle\caches\8.7\md-supplier)" [_thread_blocked, id=7472, stack(0x00000073b5e00000,0x00000073b5f00000)]
  0x0000026f369a3ec0 JavaThread "Cache worker for cache directory md-rule (C:\Users\HP\.gradle\caches\8.7\md-rule)" [_thread_blocked, id=20504, stack(0x00000073b5f00000,0x00000073b6000000)]
  0x0000026f37d60810 JavaThread "Cache worker for file content cache (C:\Users\HP\.gradle\caches\8.7\fileContent)" [_thread_blocked, id=3580, stack(0x00000073b6000000,0x00000073b6100000)]
  0x0000026f37d61c50 JavaThread "Cache worker for Build Output Cleanup Cache (C:\Users\HP\AndroidStudioProjects\LoginApp\.gradle\buildOutputCleanup)" [_thread_blocked, id=14116, stack(0x00000073b6200000,0x00000073b6300000)]
  0x0000026f37d60d20 JavaThread "Unconstrained build operations" [_thread_blocked, id=604, stack(0x00000073b6300000,0x00000073b6400000)]
  0x0000026f37d5fdf0 JavaThread "Unconstrained build operations Thread 2" [_thread_blocked, id=1160, stack(0x00000073b6400000,0x00000073b6500000)]
  0x0000026f37d63ab0 JavaThread "Unconstrained build operations Thread 3" [_thread_blocked, id=2704, stack(0x00000073b6500000,0x00000073b6600000)]
  0x0000026f37d63fc0 JavaThread "Unconstrained build operations Thread 4" [_thread_blocked, id=15388, stack(0x00000073b6600000,0x00000073b6700000)]
  0x0000026f37d5f3d0 JavaThread "Unconstrained build operations Thread 5" [_thread_blocked, id=14300, stack(0x00000073b6700000,0x00000073b6800000)]
  0x0000026f37d5f8e0 JavaThread "Unconstrained build operations Thread 6" [_thread_blocked, id=16896, stack(0x00000073b6800000,0x00000073b6900000)]
  0x0000026f37d5d570 JavaThread "Unconstrained build operations Thread 7" [_thread_blocked, id=16444, stack(0x00000073b6900000,0x00000073b6a00000)]
  0x0000026f37d5e9b0 JavaThread "Unconstrained build operations Thread 8" [_thread_blocked, id=13964, stack(0x00000073b6a00000,0x00000073b6b00000)]
  0x0000026f37d62160 JavaThread "Unconstrained build operations Thread 9" [_thread_blocked, id=8600, stack(0x00000073b6b00000,0x00000073b6c00000)]
  0x0000026f37d60300 JavaThread "Unconstrained build operations Thread 10" [_thread_blocked, id=21292, stack(0x00000073b6c00000,0x00000073b6d00000)]
  0x0000026f37d5eec0 JavaThread "Unconstrained build operations Thread 11" [_thread_blocked, id=4804, stack(0x00000073b6d00000,0x00000073b6e00000)]
  0x0000026f37d5e4a0 JavaThread "Unconstrained build operations Thread 12" [_thread_blocked, id=14296, stack(0x00000073b6e00000,0x00000073b6f00000)]
  0x0000026f37d644d0 JavaThread "Unconstrained build operations Thread 13" [_thread_blocked, id=18272, stack(0x00000073b6f00000,0x00000073b7000000)]
  0x0000026f37d5d060 JavaThread "Unconstrained build operations Thread 14" [_thread_blocked, id=4652, stack(0x00000073b7000000,0x00000073b7100000)]

Other Threads:
=>0x0000026f307c1af0 VMThread "VM Thread" [stack: 0x00000073b3800000,0x00000073b3900000] [id=15332]
  0x0000026f149710a0 WatcherThread [stack: 0x00000073b4400000,0x00000073b4500000] [id=17656]
  0x0000026f149ccbe0 GCTaskThread "GC Thread#0" [stack: 0x00000073b3300000,0x00000073b3400000] [id=4708]
  0x0000026f3591b410 GCTaskThread "GC Thread#1" [stack: 0x00000073b4500000,0x00000073b4600000] [id=10988]
  0x0000026f35705240 GCTaskThread "GC Thread#2" [stack: 0x00000073b4600000,0x00000073b4700000] [id=2872]
  0x0000026f355aab80 GCTaskThread "GC Thread#3" [stack: 0x00000073b4700000,0x00000073b4800000] [id=14192]
  0x0000026f35a430d0 GCTaskThread "GC Thread#4" [stack: 0x00000073b4800000,0x00000073b4900000] [id=20168]
  0x0000026f365fd780 GCTaskThread "GC Thread#5" [stack: 0x00000073b5300000,0x00000073b5400000] [id=17212]
  0x0000026f36619a10 GCTaskThread "GC Thread#6" [stack: 0x00000073b5400000,0x00000073b5500000] [id=13192]
  0x0000026f36a0d820 GCTaskThread "GC Thread#7" [stack: 0x00000073b5500000,0x00000073b5600000] [id=1948]
  0x0000026f149dda40 ConcurrentGCThread "G1 Main Marker" [stack: 0x00000073b3400000,0x00000073b3500000] [id=17924]
  0x0000026f149deb10 ConcurrentGCThread "G1 Conc#0" [stack: 0x00000073b3500000,0x00000073b3600000] [id=12992]
  0x0000026f36a16ce0 ConcurrentGCThread "G1 Conc#1" [stack: 0x00000073b5600000,0x00000073b5700000] [id=16080]
  0x0000026f14a2d720 ConcurrentGCThread "G1 Refine#0" [stack: 0x00000073b3600000,0x00000073b3700000] [id=14244]
  0x0000026f14a2e060 ConcurrentGCThread "G1 Service" [stack: 0x00000073b3700000,0x00000073b3800000] [id=11088]

Threads with active compile tasks:
C2 CompilerThread0    10110 6827   !   4       jdk.internal.loader.BuiltinClassLoader::loadClassOrNull (143 bytes)

VM state: at safepoint (normal execution)

VM Mutex/Monitor currently owned by a thread:  ([mutex/lock_event])
[0x0000026f1496a5a0] Threads_lock - owner thread: 0x0000026f307c1af0
[0x0000026f1496a120] Heap_lock - owner thread: 0x0000026f149dda40

Heap address: 0x0000000080000000, size: 2048 MB, Compressed Oops mode: 32-bit

CDS archive(s) not mapped
Compressed class space mapped at: 0x0000000100000000-0x0000000140000000, reserved size: 1073741824
Narrow klass base: 0x0000000000000000, Narrow klass shift: 3, Narrow klass range: 0x140000000

GC Precious Log:
 CPUs: 8 total, 8 available
 Memory: 7932M
 Large Page Support: Disabled
 NUMA Support: Disabled
 Compressed Oops: Enabled (32-bit)
 Heap Region Size: 1M
 Heap Min Capacity: 8M
 Heap Initial Capacity: 124M
 Heap Max Capacity: 2G
 Pre-touch: Disabled
 Parallel Workers: 8
 Concurrent Workers: 2
 Concurrent Refinement Workers: 8
 Periodic GC: Disabled

Heap:
 garbage-first heap   total 89088K, used 64034K [0x0000000080000000, 0x0000000100000000)
  region size 1024K, 4 young (4096K), 1 survivors (1024K)
 Metaspace       used 58686K, committed 59200K, reserved 1114112K
  class space    used 8052K, committed 8320K, reserved 1048576K

Heap Regions: E=young(eden), S=young(survivor), O=old, HS=humongous(starts), HC=humongous(continues), CS=collection set, F=free, OA=open archive, CA=closed archive, TAMS=top-at-mark-start (previous, next)
|   0|0x0000000080000000, 0x0000000080100000, 0x0000000080100000|100%|HS|  |TAMS 0x0000000080100000, 0x0000000080000000| Complete 
|   1|0x0000000080100000, 0x0000000080200000, 0x0000000080200000|100%|HC|  |TAMS 0x0000000080200000, 0x0000000080100000| Complete 
|   2|0x0000000080200000, 0x0000000080300000, 0x0000000080300000|100%|HC|  |TAMS 0x0000000080300000, 0x0000000080200000| Complete 
|   3|0x0000000080300000, 0x0000000080400000, 0x0000000080400000|100%|HC|  |TAMS 0x0000000080400000, 0x0000000080300000| Complete 
|   4|0x0000000080400000, 0x0000000080500000, 0x0000000080500000|100%| O|  |TAMS 0x0000000080500000, 0x0000000080400000| Untracked 
|   5|0x0000000080500000, 0x0000000080600000, 0x0000000080600000|100%| O|  |TAMS 0x0000000080600000, 0x0000000080500000| Updating 
|   6|0x0000000080600000, 0x0000000080700000, 0x0000000080700000|100%| O|  |TAMS 0x0000000080700000, 0x0000000080600000| Untracked 
|   7|0x0000000080700000, 0x0000000080800000, 0x0000000080800000|100%| O|  |TAMS 0x0000000080800000, 0x0000000080700000| Updating 
|   8|0x0000000080800000, 0x0000000080900000, 0x0000000080900000|100%| O|  |TAMS 0x0000000080900000, 0x0000000080800000| Untracked 
|   9|0x0000000080900000, 0x0000000080a00000, 0x0000000080a00000|100%| O|  |TAMS 0x0000000080a00000, 0x0000000080900000| Untracked 
|  10|0x0000000080a00000, 0x0000000080a77a00, 0x0000000080b00000| 46%| O|  |TAMS 0x0000000080a77a00, 0x0000000080a00000| Updating 
|  11|0x0000000080b00000, 0x0000000080c00000, 0x0000000080c00000|100%| O|  |TAMS 0x0000000080c00000, 0x0000000080b00000| Untracked 
|  12|0x0000000080c00000, 0x0000000080d00000, 0x0000000080d00000|100%| O|  |TAMS 0x0000000080d00000, 0x0000000080c00000| Untracked 
|  13|0x0000000080d00000, 0x0000000080e00000, 0x0000000080e00000|100%| O|  |TAMS 0x0000000080e00000, 0x0000000080d00000| Untracked 
|  14|0x0000000080e00000, 0x0000000080f00000, 0x0000000080f00000|100%| O|  |TAMS 0x0000000080f00000, 0x0000000080e00000| Untracked 
|  15|0x0000000080f00000, 0x0000000081000000, 0x0000000081000000|100%| O|  |TAMS 0x0000000081000000, 0x0000000080f00000| Untracked 
|  16|0x0000000081000000, 0x0000000081100000, 0x0000000081100000|100%| O|  |TAMS 0x0000000081100000, 0x0000000081000000| Untracked 
|  17|0x0000000081100000, 0x0000000081200000, 0x0000000081200000|100%| O|  |TAMS 0x0000000081200000, 0x0000000081100000| Untracked 
|  18|0x0000000081200000, 0x0000000081300000, 0x0000000081300000|100%| O|  |TAMS 0x0000000081300000, 0x0000000081200000| Untracked 
|  19|0x0000000081300000, 0x0000000081400000, 0x0000000081400000|100%| O|  |TAMS 0x0000000081400000, 0x0000000081300000| Untracked 
|  20|0x0000000081400000, 0x0000000081500000, 0x0000000081500000|100%| O|  |TAMS 0x0000000081500000, 0x0000000081400000| Untracked 
|  21|0x0000000081500000, 0x0000000081600000, 0x0000000081600000|100%| O|  |TAMS 0x0000000081600000, 0x0000000081500000| Untracked 
|  22|0x0000000081600000, 0x0000000081700000, 0x0000000081700000|100%| O|  |TAMS 0x0000000081700000, 0x0000000081600000| Updating 
|  23|0x0000000081700000, 0x0000000081800000, 0x0000000081800000|100%|HS|  |TAMS 0x0000000081700000, 0x0000000081700000| Complete 
|  24|0x0000000081800000, 0x0000000081900000, 0x0000000081900000|100%| O|  |TAMS 0x0000000081900000, 0x0000000081800000| Untracked 
|  25|0x0000000081900000, 0x0000000081a00000, 0x0000000081a00000|100%| O|  |TAMS 0x0000000081a00000, 0x0000000081900000| Untracked 
|  26|0x0000000081a00000, 0x0000000081b00000, 0x0000000081b00000|100%| O|  |TAMS 0x0000000081b00000, 0x0000000081a00000| Untracked 
|  27|0x0000000081b00000, 0x0000000081c00000, 0x0000000081c00000|100%| O|  |TAMS 0x0000000081c00000, 0x0000000081b00000| Untracked 
|  28|0x0000000081c00000, 0x0000000081d00000, 0x0000000081d00000|100%| O|  |TAMS 0x0000000081d00000, 0x0000000081c00000| Updating 
|  29|0x0000000081d00000, 0x0000000081e00000, 0x0000000081e00000|100%| O|  |TAMS 0x0000000081e00000, 0x0000000081d00000| Updating 
|  30|0x0000000081e00000, 0x0000000081f00000, 0x0000000081f00000|100%| O|  |TAMS 0x0000000081f00000, 0x0000000081e00000| Untracked 
|  31|0x0000000081f00000, 0x0000000082000000, 0x0000000082000000|100%| O|  |TAMS 0x0000000082000000, 0x0000000081f00000| Updating 
|  32|0x0000000082000000, 0x0000000082100000, 0x0000000082100000|100%| O|  |TAMS 0x0000000082100000, 0x0000000082000000| Untracked 
|  33|0x0000000082100000, 0x0000000082200000, 0x0000000082200000|100%| O|  |TAMS 0x0000000082200000, 0x0000000082100000| Untracked 
|  34|0x0000000082200000, 0x0000000082300000, 0x0000000082300000|100%| O|  |TAMS 0x0000000082300000, 0x0000000082200000| Untracked 
|  35|0x0000000082300000, 0x0000000082400000, 0x0000000082400000|100%| O|  |TAMS 0x0000000082400000, 0x0000000082300000| Untracked 
|  36|0x0000000082400000, 0x0000000082500000, 0x0000000082500000|100%| O|  |TAMS 0x0000000082500000, 0x0000000082400000| Untracked 
|  37|0x0000000082500000, 0x0000000082600000, 0x0000000082600000|100%| O|  |TAMS 0x0000000082600000, 0x0000000082500000| Untracked 
|  38|0x0000000082600000, 0x0000000082700000, 0x0000000082700000|100%| O|  |TAMS 0x0000000082700000, 0x0000000082600000| Untracked 
|  39|0x0000000082700000, 0x0000000082800000, 0x0000000082800000|100%| O|  |TAMS 0x0000000082800000, 0x0000000082700000| Updating 
|  40|0x0000000082800000, 0x0000000082900000, 0x0000000082900000|100%|HS|  |TAMS 0x0000000082900000, 0x0000000082800000| Complete 
|  41|0x0000000082900000, 0x0000000082a00000, 0x0000000082a00000|100%|HS|  |TAMS 0x0000000082a00000, 0x0000000082900000| Complete 
|  42|0x0000000082a00000, 0x0000000082b00000, 0x0000000082b00000|100%|HS|  |TAMS 0x0000000082b00000, 0x0000000082a00000| Complete 
|  43|0x0000000082b00000, 0x0000000082c00000, 0x0000000082c00000|100%|HC|  |TAMS 0x0000000082c00000, 0x0000000082b00000| Complete 
|  44|0x0000000082c00000, 0x0000000082d00000, 0x0000000082d00000|100%|HS|  |TAMS 0x0000000082d00000, 0x0000000082c00000| Complete 
|  45|0x0000000082d00000, 0x0000000082e00000, 0x0000000082e00000|100%|HC|  |TAMS 0x0000000082e00000, 0x0000000082d00000| Complete 
|  46|0x0000000082e00000, 0x0000000082f00000, 0x0000000082f00000|100%| O|  |TAMS 0x0000000082f00000, 0x0000000082e00000| Updating 
|  47|0x0000000082f00000, 0x0000000083000000, 0x0000000083000000|100%|HS|  |TAMS 0x0000000083000000, 0x0000000082f00000| Complete 
|  48|0x0000000083000000, 0x0000000083100000, 0x0000000083100000|100%|HS|  |TAMS 0x0000000083100000, 0x0000000083000000| Complete 
|  49|0x0000000083100000, 0x0000000083200000, 0x0000000083200000|100%|HC|  |TAMS 0x0000000083200000, 0x0000000083100000| Complete 
|  50|0x0000000083200000, 0x0000000083300000, 0x0000000083300000|100%|HC|  |TAMS 0x0000000083300000, 0x0000000083200000| Complete 
|  51|0x0000000083300000, 0x0000000083400000, 0x0000000083400000|100%|HC|  |TAMS 0x0000000083400000, 0x0000000083300000| Complete 
|  52|0x0000000083400000, 0x0000000083500000, 0x0000000083500000|100%|HS|  |TAMS 0x0000000083500000, 0x0000000083400000| Complete 
|  53|0x0000000083500000, 0x0000000083600000, 0x0000000083600000|100%| O|  |TAMS 0x0000000083600000, 0x0000000083500000| Untracked 
|  54|0x0000000083600000, 0x0000000083700000, 0x0000000083700000|100%|HS|  |TAMS 0x0000000083700000, 0x0000000083600000| Complete 
|  55|0x0000000083700000, 0x0000000083800000, 0x0000000083800000|100%| O|  |TAMS 0x0000000083800000, 0x0000000083700000| Untracked 
|  56|0x0000000083800000, 0x0000000083900000, 0x0000000083900000|100%| O|  |TAMS 0x0000000083900000, 0x0000000083800000| Untracked 
|  57|0x0000000083900000, 0x0000000083a00000, 0x0000000083a00000|100%| O|  |TAMS 0x0000000083a00000, 0x0000000083900000| Untracked 
|  58|0x0000000083a00000, 0x0000000083b00000, 0x0000000083b00000|100%| O|  |TAMS 0x0000000083b00000, 0x0000000083a00000| Untracked 
|  59|0x0000000083b00000, 0x0000000083c00000, 0x0000000083c00000|100%| O|  |TAMS 0x0000000083c00000, 0x0000000083b00000| Untracked 
|  60|0x0000000083c00000, 0x0000000083c6f400, 0x0000000083d00000| 43%| O|  |TAMS 0x0000000083c6f400, 0x0000000083c00000| Updating 
|  61|0x0000000083d00000, 0x0000000083d00000, 0x0000000083e00000|  0%| F|  |TAMS 0x0000000083d00000, 0x0000000083d00000| Untracked 
|  62|0x0000000083e00000, 0x0000000083e00000, 0x0000000083f00000|  0%| F|  |TAMS 0x0000000083e00000, 0x0000000083e00000| Untracked 
|  63|0x0000000083f00000, 0x0000000083f00000, 0x0000000084000000|  0%| F|  |TAMS 0x0000000083f00000, 0x0000000083f00000| Untracked 
|  64|0x0000000084000000, 0x0000000084000000, 0x0000000084100000|  0%| F|  |TAMS 0x0000000084000000, 0x0000000084000000| Untracked 
|  65|0x0000000084100000, 0x0000000084100000, 0x0000000084200000|  0%| F|  |TAMS 0x0000000084100000, 0x0000000084100000| Untracked 
|  66|0x0000000084200000, 0x0000000084200000, 0x0000000084300000|  0%| F|  |TAMS 0x0000000084200000, 0x0000000084200000| Untracked 
|  67|0x0000000084300000, 0x0000000084300000, 0x0000000084400000|  0%| F|  |TAMS 0x0000000084300000, 0x0000000084300000| Untracked 
|  68|0x0000000084400000, 0x0000000084400000, 0x0000000084500000|  0%| F|  |TAMS 0x0000000084400000, 0x0000000084400000| Untracked 
|  69|0x0000000084500000, 0x0000000084500000, 0x0000000084600000|  0%| F|  |TAMS 0x0000000084500000, 0x0000000084500000| Untracked 
|  70|0x0000000084600000, 0x0000000084600000, 0x0000000084700000|  0%| F|  |TAMS 0x0000000084600000, 0x0000000084600000| Untracked 
|  71|0x0000000084700000, 0x0000000084700000, 0x0000000084800000|  0%| F|  |TAMS 0x0000000084700000, 0x0000000084700000| Untracked 
|  72|0x0000000084800000, 0x0000000084800000, 0x0000000084900000|  0%| F|  |TAMS 0x0000000084800000, 0x0000000084800000| Untracked 
|  73|0x0000000084900000, 0x0000000084900000, 0x0000000084a00000|  0%| F|  |TAMS 0x0000000084900000, 0x0000000084900000| Untracked 
|  74|0x0000000084a00000, 0x0000000084a00000, 0x0000000084b00000|  0%| F|  |TAMS 0x0000000084a00000, 0x0000000084a00000| Untracked 
|  75|0x0000000084b00000, 0x0000000084b00000, 0x0000000084c00000|  0%| F|  |TAMS 0x0000000084b00000, 0x0000000084b00000| Untracked 
|  76|0x0000000084c00000, 0x0000000084c00000, 0x0000000084d00000|  0%| F|  |TAMS 0x0000000084c00000, 0x0000000084c00000| Untracked 
|  77|0x0000000084d00000, 0x0000000084da1d68, 0x0000000084e00000| 63%| S|CS|TAMS 0x0000000084d00000, 0x0000000084d00000| Complete 
|  78|0x0000000084e00000, 0x0000000084e00000, 0x0000000084f00000|  0%| F|  |TAMS 0x0000000084e00000, 0x0000000084e00000| Untracked 
|  79|0x0000000084f00000, 0x0000000084f00000, 0x0000000085000000|  0%| F|  |TAMS 0x0000000084f00000, 0x0000000084f00000| Untracked 
|  80|0x0000000085000000, 0x0000000085000000, 0x0000000085100000|  0%| F|  |TAMS 0x0000000085000000, 0x0000000085000000| Untracked 
|  81|0x0000000085100000, 0x0000000085100000, 0x0000000085200000|  0%| F|  |TAMS 0x0000000085100000, 0x0000000085100000| Untracked 
|  82|0x0000000085200000, 0x0000000085200000, 0x0000000085300000|  0%| F|  |TAMS 0x0000000085200000, 0x0000000085200000| Untracked 
|  83|0x0000000085300000, 0x0000000085300000, 0x0000000085400000|  0%| F|  |TAMS 0x0000000085300000, 0x0000000085300000| Untracked 
|  84|0x0000000085400000, 0x00000000854a8598, 0x0000000085500000| 65%| E|  |TAMS 0x0000000085400000, 0x0000000085400000| Complete 
|  85|0x0000000085500000, 0x0000000085600000, 0x0000000085600000|100%| E|CS|TAMS 0x0000000085500000, 0x0000000085500000| Complete 
| 123|0x0000000087b00000, 0x0000000087c00000, 0x0000000087c00000|100%| E|CS|TAMS 0x0000000087b00000, 0x0000000087b00000| Complete 

Card table byte_map: [0x0000026f294c0000,0x0000026f298c0000] _byte_map_base: 0x0000026f290c0000

Marking Bits (Prev, Next): (CMBitMap*) 0x0000026f149cd110, (CMBitMap*) 0x0000026f149cd150
 Prev Bits: [0x0000026f29cc0000, 0x0000026f2bcc0000)
 Next Bits: [0x0000026f2bcc0000, 0x0000026f2dcc0000)

Polling page: 0x0000026f14a30000

Metaspace:

Usage:
  Non-class:     49.45 MB used.
      Class:      7.86 MB used.
       Both:     57.31 MB used.

Virtual space:
  Non-class space:       64.00 MB reserved,      49.69 MB ( 78%) committed,  1 nodes.
      Class space:        1.00 GB reserved,       8.12 MB ( <1%) committed,  1 nodes.
             Both:        1.06 GB reserved,      57.81 MB (  5%) committed. 

Chunk freelists:
   Non-Class:  14.00 MB
       Class:  7.77 MB
        Both:  21.77 MB

MaxMetaspaceSize: unlimited
CompressedClassSpaceSize: 1.00 GB
Initial GC threshold: 21.00 MB
Current GC threshold: 94.19 MB
CDS: off
MetaspaceReclaimPolicy: balanced
 - commit_granule_bytes: 65536.
 - commit_granule_words: 8192.
 - virtual_space_node_default_size: 8388608.
 - enlarge_chunks_in_place: 1.
 - new_chunks_are_fully_committed: 0.
 - uncommit_free_chunks: 1.
 - use_allocation_guard: 0.
 - handle_deallocations: 1.


Internal statistics:

num_allocs_failed_limit: 6.
num_arena_births: 658.
num_arena_deaths: 0.
num_vsnodes_births: 2.
num_vsnodes_deaths: 0.
num_space_committed: 925.
num_space_uncommitted: 0.
num_chunks_returned_to_freelist: 6.
num_chunks_taken_from_freelist: 2639.
num_chunk_merges: 6.
num_chunk_splits: 1730.
num_chunks_enlarged: 1173.
num_inconsistent_stats: 0.

CodeHeap 'non-profiled nmethods': size=120000Kb used=2708Kb max_used=3423Kb free=117291Kb
 bounds [0x0000026f21120000, 0x0000026f21480000, 0x0000026f28650000]
CodeHeap 'profiled nmethods': size=120000Kb used=10860Kb max_used=12839Kb free=109139Kb
 bounds [0x0000026f19650000, 0x0000026f1a2e0000, 0x0000026f20b80000]
CodeHeap 'non-nmethods': size=5760Kb used=1640Kb max_used=1696Kb free=4119Kb
 bounds [0x0000026f20b80000, 0x0000026f20df0000, 0x0000026f21120000]
 total_blobs=6655 nmethods=5953 adapters=613
 compilation: enabled
              stopped_count=0, restarted_count=0
 full_count=0

Compilation events (20 events):
Event: 9.983 Thread 0x0000026f30950680 nmethod 6819 0x0000026f2128cc10 code [0x0000026f2128cd80, 0x0000026f2128cfb8]
Event: 9.985 Thread 0x0000026f30950f90 6820       3       com.google.common.collect.MapMakerInternalMap$WeakValueReferenceImpl::<init> (12 bytes)
Event: 9.986 Thread 0x0000026f30950f90 nmethod 6820 0x0000026f19e3b590 code [0x0000026f19e3b740, 0x0000026f19e3bad8]
Event: 9.986 Thread 0x0000026f30950f90 6821       3       com.google.common.collect.MapMakerInternalMap$StrongKeyWeakValueEntry::access$402 (7 bytes)
Event: 9.986 Thread 0x0000026f30950f90 nmethod 6821 0x0000026f19ace810 code [0x0000026f19ace9a0, 0x0000026f19aceaf8]
Event: 10.000 Thread 0x0000026f30950f90 6822       3       java.util.TreeMap::rotateLeft (96 bytes)
Event: 10.001 Thread 0x0000026f30950f90 nmethod 6822 0x0000026f196a6b10 code [0x0000026f196a6ce0, 0x0000026f196a7218]
Event: 10.001 Thread 0x0000026f30950f90 6823       3       sun.reflect.generics.reflectiveObjects.LazyReflectiveObjectGenerator::<init> (10 bytes)
Event: 10.001 Thread 0x0000026f30950f90 nmethod 6823 0x0000026f19cfdf10 code [0x0000026f19cfe0a0, 0x0000026f19cfe258]
Event: 10.005 Thread 0x0000026f30950f90 6824   !   3       com.google.common.collect.MapMakerInternalMap$Segment::get (58 bytes)
Event: 10.005 Thread 0x0000026f30950680 6827   !   4       jdk.internal.loader.BuiltinClassLoader::loadClassOrNull (143 bytes)
Event: 10.006 Thread 0x0000026f30950f90 nmethod 6824 0x0000026f19b7ff90 code [0x0000026f19b80280, 0x0000026f19b817b8]
Event: 10.006 Thread 0x0000026f30950f90 6825       3       com.google.common.collect.MapMakerInternalMap$Segment::getLiveEntry (7 bytes)
Event: 10.007 Thread 0x0000026f30950f90 nmethod 6825 0x0000026f19d0ce90 code [0x0000026f19d0d020, 0x0000026f19d0d1c8]
Event: 10.007 Thread 0x0000026f30950f90 6826       3       com.google.common.collect.MapMakerInternalMap$Segment::postReadCleanup (18 bytes)
Event: 10.007 Thread 0x0000026f30950f90 nmethod 6826 0x0000026f19669190 code [0x0000026f19669340, 0x0000026f19669658]
Event: 10.022 Thread 0x0000026f30950f90 6828       3       com.google.common.collect.MapMakerInternalMap$StrongKeyWeakValueEntry$LinkedStrongKeyWeakValueEntry::getNext (5 bytes)
Event: 10.022 Thread 0x0000026f30950f90 nmethod 6828 0x0000026f19829190 code [0x0000026f19829320, 0x0000026f19829438]
Event: 10.033 Thread 0x0000026f30950f90 6831       3       java.lang.ClassLoader::findClass (9 bytes)
Event: 10.034 Thread 0x0000026f30950f90 nmethod 6831 0x0000026f19de2110 code [0x0000026f19de22a0, 0x0000026f19de2428]

GC Heap History (20 events):
Event: 6.566 GC heap before
{Heap before GC invocations=12 (full 0):
 garbage-first heap   total 71680K, used 55395K [0x0000000080000000, 0x0000000100000000)
  region size 1024K, 27 young (27648K), 4 survivors (4096K)
 Metaspace       used 48350K, committed 48832K, reserved 1114112K
  class space    used 6607K, committed 6848K, reserved 1048576K
}
Event: 6.570 GC heap after
{Heap after GC invocations=13 (full 0):
 garbage-first heap   total 71680K, used 32859K [0x0000000080000000, 0x0000000100000000)
  region size 1024K, 3 young (3072K), 3 survivors (3072K)
 Metaspace       used 48350K, committed 48832K, reserved 1114112K
  class space    used 6607K, committed 6848K, reserved 1048576K
}
Event: 7.046 GC heap before
{Heap before GC invocations=13 (full 0):
 garbage-first heap   total 71680K, used 57435K [0x0000000080000000, 0x0000000100000000)
  region size 1024K, 27 young (27648K), 3 survivors (3072K)
 Metaspace       used 51629K, committed 52096K, reserved 1114112K
  class space    used 7151K, committed 7360K, reserved 1048576K
}
Event: 7.051 GC heap after
{Heap after GC invocations=14 (full 0):
 garbage-first heap   total 86016K, used 34540K [0x0000000080000000, 0x0000000100000000)
  region size 1024K, 3 young (3072K), 3 survivors (3072K)
 Metaspace       used 51629K, committed 52096K, reserved 1114112K
  class space    used 7151K, committed 7360K, reserved 1048576K
}
Event: 8.416 GC heap before
{Heap before GC invocations=14 (full 0):
 garbage-first heap   total 86016K, used 69356K [0x0000000080000000, 0x0000000100000000)
  region size 1024K, 35 young (35840K), 3 survivors (3072K)
 Metaspace       used 55578K, committed 56128K, reserved 1114112K
  class space    used 7629K, committed 7872K, reserved 1048576K
}
Event: 8.422 GC heap after
{Heap after GC invocations=15 (full 0):
 garbage-first heap   total 86016K, used 36969K [0x0000000080000000, 0x0000000100000000)
  region size 1024K, 5 young (5120K), 5 survivors (5120K)
 Metaspace       used 55578K, committed 56128K, reserved 1114112K
  class space    used 7629K, committed 7872K, reserved 1048576K
}
Event: 9.194 GC heap before
{Heap before GC invocations=15 (full 0):
 garbage-first heap   total 86016K, used 66665K [0x0000000080000000, 0x0000000100000000)
  region size 1024K, 35 young (35840K), 5 survivors (5120K)
 Metaspace       used 56620K, committed 57088K, reserved 1114112K
  class space    used 7761K, committed 8000K, reserved 1048576K
}
Event: 9.205 GC heap after
{Heap after GC invocations=16 (full 0):
 garbage-first heap   total 86016K, used 40558K [0x0000000080000000, 0x0000000100000000)
  region size 1024K, 4 young (4096K), 4 survivors (4096K)
 Metaspace       used 56620K, committed 57088K, reserved 1114112K
  class space    used 7761K, committed 8000K, reserved 1048576K
}
Event: 9.414 GC heap before
{Heap before GC invocations=16 (full 0):
 garbage-first heap   total 86016K, used 53870K [0x0000000080000000, 0x0000000100000000)
  region size 1024K, 19 young (19456K), 4 survivors (4096K)
 Metaspace       used 56996K, committed 57536K, reserved 1114112K
  class space    used 7800K, committed 8064K, reserved 1048576K
}
Event: 9.419 GC heap after
{Heap after GC invocations=17 (full 0):
 garbage-first heap   total 86016K, used 41503K [0x0000000080000000, 0x0000000100000000)
  region size 1024K, 2 young (2048K), 2 survivors (2048K)
 Metaspace       used 56996K, committed 57536K, reserved 1114112K
  class space    used 7800K, committed 8064K, reserved 1048576K
}
Event: 9.482 GC heap before
{Heap before GC invocations=18 (full 0):
 garbage-first heap   total 86016K, used 44575K [0x0000000080000000, 0x0000000100000000)
  region size 1024K, 4 young (4096K), 2 survivors (2048K)
 Metaspace       used 57012K, committed 57600K, reserved 1114112K
  class space    used 7804K, committed 8064K, reserved 1048576K
}
Event: 9.484 GC heap after
{Heap after GC invocations=19 (full 0):
 garbage-first heap   total 86016K, used 44713K [0x0000000080000000, 0x0000000100000000)
  region size 1024K, 3 young (3072K), 3 survivors (3072K)
 Metaspace       used 57012K, committed 57600K, reserved 1114112K
  class space    used 7804K, committed 8064K, reserved 1048576K
}
Event: 9.559 GC heap before
{Heap before GC invocations=20 (full 0):
 garbage-first heap   total 87040K, used 51881K [0x0000000080000000, 0x0000000100000000)
  region size 1024K, 7 young (7168K), 3 survivors (3072K)
 Metaspace       used 57296K, committed 57856K, reserved 1114112K
  class space    used 7867K, committed 8128K, reserved 1048576K
}
Event: 9.561 GC heap after
{Heap after GC invocations=21 (full 0):
 garbage-first heap   total 87040K, used 49336K [0x0000000080000000, 0x0000000100000000)
  region size 1024K, 2 young (2048K), 2 survivors (2048K)
 Metaspace       used 57296K, committed 57856K, reserved 1114112K
  class space    used 7867K, committed 8128K, reserved 1048576K
}
Event: 9.888 GC heap before
{Heap before GC invocations=22 (full 0):
 garbage-first heap   total 89088K, used 70840K [0x0000000080000000, 0x0000000100000000)
  region size 1024K, 16 young (16384K), 2 survivors (2048K)
 Metaspace       used 57873K, committed 58432K, reserved 1114112K
  class space    used 7966K, committed 8256K, reserved 1048576K
}
Event: 9.890 GC heap after
{Heap after GC invocations=23 (full 0):
 garbage-first heap   total 89088K, used 61137K [0x0000000080000000, 0x0000000100000000)
  region size 1024K, 2 young (2048K), 2 survivors (2048K)
 Metaspace       used 57873K, committed 58432K, reserved 1114112K
  class space    used 7966K, committed 8256K, reserved 1048576K
}
Event: 9.915 GC heap before
{Heap before GC invocations=23 (full 0):
 garbage-first heap   total 89088K, used 62161K [0x0000000080000000, 0x0000000100000000)
  region size 1024K, 4 young (4096K), 2 survivors (2048K)
 Metaspace       used 57993K, committed 58560K, reserved 1114112K
  class space    used 7977K, committed 8256K, reserved 1048576K
}
Event: 9.916 GC heap after
{Heap after GC invocations=24 (full 0):
 garbage-first heap   total 89088K, used 60498K [0x0000000080000000, 0x0000000100000000)
  region size 1024K, 1 young (1024K), 1 survivors (1024K)
 Metaspace       used 57993K, committed 58560K, reserved 1114112K
  class space    used 7977K, committed 8256K, reserved 1048576K
}
Event: 9.993 GC heap before
{Heap before GC invocations=24 (full 0):
 garbage-first heap   total 89088K, used 66642K [0x0000000080000000, 0x0000000100000000)
  region size 1024K, 9 young (9216K), 1 survivors (1024K)
 Metaspace       used 58499K, committed 59072K, reserved 1114112K
  class space    used 8025K, committed 8320K, reserved 1048576K
}
Event: 9.994 GC heap after
{Heap after GC invocations=25 (full 0):
 garbage-first heap   total 89088K, used 60962K [0x0000000080000000, 0x0000000100000000)
  region size 1024K, 1 young (1024K), 1 survivors (1024K)
 Metaspace       used 58499K, committed 59072K, reserved 1114112K
  class space    used 8025K, committed 8320K, reserved 1048576K
}

Dll operation events (3 events):
Event: 0.038 Loaded shared library C:\Program Files\Android\Android Studio\jbr\bin\java.dll
Event: 0.340 Loaded shared library C:\Program Files\Android\Android Studio\jbr\bin\zip.dll
Event: 0.837 Loaded shared library C:\Program Files\Android\Android Studio\jbr\bin\verify.dll

Deoptimization events (20 events):
Event: 9.888 Thread 0x0000026f369d0250 Uncommon trap: trap_request=0xffffffde fr.pc=0x0000026f212d58dc relative=0x000000000000085c
Event: 9.888 Thread 0x0000026f369d0250 Uncommon trap: reason=class_check action=maybe_recompile pc=0x0000026f212d58dc method=java.io.BufferedInputStream.read1([BII)I @ 39 c2
Event: 9.888 Thread 0x0000026f369d0250 DEOPT PACKING pc=0x0000026f212d58dc sp=0x00000073b4ff6de0
Event: 9.888 Thread 0x0000026f369d0250 DEOPT UNPACKING pc=0x0000026f20bda1a3 sp=0x00000073b4ff6cf8 mode 2
Event: 9.888 Thread 0x0000026f369d0250 Uncommon trap: trap_request=0xffffffc6 fr.pc=0x0000026f211eb88c relative=0x0000000000000c8c
Event: 9.888 Thread 0x0000026f369d0250 Uncommon trap: reason=bimorphic_or_optimized_type_check action=maybe_recompile pc=0x0000026f211eb88c method=java.util.Properties$LineReader.readLine()I @ 479 c2
Event: 9.888 Thread 0x0000026f369d0250 DEOPT PACKING pc=0x0000026f211eb88c sp=0x00000073b4ff6eb0
Event: 9.888 Thread 0x0000026f369d0250 DEOPT UNPACKING pc=0x0000026f20bda1a3 sp=0x00000073b4ff6e38 mode 2
Event: 9.888 Thread 0x0000026f369d0250 Uncommon trap: trap_request=0xffffffde fr.pc=0x0000026f212d58dc relative=0x000000000000085c
Event: 9.888 Thread 0x0000026f369d0250 Uncommon trap: reason=class_check action=maybe_recompile pc=0x0000026f212d58dc method=java.io.BufferedInputStream.read1([BII)I @ 39 c2
Event: 9.888 Thread 0x0000026f369d0250 DEOPT PACKING pc=0x0000026f212d58dc sp=0x00000073b4ff6d90
Event: 9.888 Thread 0x0000026f369d0250 DEOPT UNPACKING pc=0x0000026f20bda1a3 sp=0x00000073b4ff6ca8 mode 2
Event: 9.888 Thread 0x0000026f369d0250 Uncommon trap: trap_request=0xffffffde fr.pc=0x0000026f212d58dc relative=0x000000000000085c
Event: 9.888 Thread 0x0000026f369d0250 Uncommon trap: reason=class_check action=maybe_recompile pc=0x0000026f212d58dc method=java.io.BufferedInputStream.read1([BII)I @ 39 c2
Event: 9.888 Thread 0x0000026f369d0250 DEOPT PACKING pc=0x0000026f212d58dc sp=0x00000073b4ff6de0
Event: 9.888 Thread 0x0000026f369d0250 DEOPT UNPACKING pc=0x0000026f20bda1a3 sp=0x00000073b4ff6cf8 mode 2
Event: 9.958 Thread 0x0000026f369d0250 Uncommon trap: trap_request=0xffffffde fr.pc=0x0000026f213ac3a4 relative=0x0000000000006684
Event: 9.958 Thread 0x0000026f369d0250 Uncommon trap: reason=class_check action=maybe_recompile pc=0x0000026f213ac3a4 method=java.util.jar.JarFile.getManifestFromReference()Ljava/util/jar/Manifest; @ 152 c2
Event: 9.958 Thread 0x0000026f369d0250 DEOPT PACKING pc=0x0000026f213ac3a4 sp=0x00000073b4ff6800
Event: 9.958 Thread 0x0000026f369d0250 DEOPT UNPACKING pc=0x0000026f20bda1a3 sp=0x00000073b4ff64c0 mode 2

Classes unloaded (0 events):
No events

Classes redefined (0 events):
No events

Internal exceptions (20 events):
Event: 7.763 Thread 0x0000026f369d0250 Exception <a 'java/lang/NoSuchMethodError'{0x0000000083b588f8}: 'java.lang.Object java.lang.invoke.DirectMethodHandle$Holder.invokeSpecial(java.lang.Object, java.lang.Object, java.lang.Object, java.lang.Object, java.lang.Object, long)'> (0x0000000083b588f8) 
thrown [s\src\hotspot\share\interpreter\linkResolver.cpp, line 771]
Event: 7.767 Thread 0x0000026f369d0250 Exception <a 'java/lang/NoSuchMethodError'{0x0000000083b7b990}: 'void java.lang.invoke.DirectMethodHandle$Holder.invokeStatic(java.lang.Object, java.lang.Object, java.lang.Object, int, java.lang.Object)'> (0x0000000083b7b990) 
thrown [s\src\hotspot\share\interpreter\linkResolver.cpp, line 771]
Event: 9.007 Thread 0x0000026f369d0250 Exception <a 'java/lang/NoSuchMethodError'{0x0000000084796728}: 'java.lang.Object java.lang.invoke.DirectMethodHandle$Holder.newInvokeSpecial(java.lang.Object, java.lang.Object, java.lang.Object, java.lang.Object, int, java.lang.Object)'> (0x0000000084796728) 
thrown [s\src\hotspot\share\interpreter\linkResolver.cpp, line 771]
Event: 9.007 Thread 0x0000026f369d0250 Exception <a 'java/lang/NoSuchMethodError'{0x000000008479ba80}: 'java.lang.Object java.lang.invoke.Invokers$Holder.linkToTargetMethod(java.lang.Object, java.lang.Object, java.lang.Object, int, java.lang.Object, java.lang.Object)'> (0x000000008479ba80) 
thrown [s\src\hotspot\share\interpreter\linkResolver.cpp, line 771]
Event: 9.312 Thread 0x0000026f369d0250 Exception <a 'java/lang/NoSuchMethodError'{0x0000000084a24428}: 'long java.lang.invoke.DirectMethodHandle$Holder.invokeVirtual(java.lang.Object, java.lang.Object)'> (0x0000000084a24428) 
thrown [s\src\hotspot\share\interpreter\linkResolver.cpp, line 771]
Event: 9.317 Thread 0x0000026f369a2f90 Exception <a 'java/lang/NoSuchMethodError'{0x0000000084a6c5f8}: static Lorg/gradle/internal/build/event/types/DefaultOperationFinishedProgressEvent;.<clinit>()V> (0x0000000084a6c5f8) 
thrown [s\src\hotspot\share\prims\jni.cpp, line 1108]
Event: 9.322 Thread 0x0000026f369a2f90 Exception <a 'java/lang/NoSuchMethodError'{0x0000000084a96ed0}: static Lorg/gradle/internal/build/event/types/DefaultProjectConfigurationSuccessResult;.<clinit>()V> (0x0000000084a96ed0) 
thrown [s\src\hotspot\share\prims\jni.cpp, line 1108]
Event: 9.322 Thread 0x0000026f369a2f90 Exception <a 'java/lang/NoSuchMethodError'{0x0000000084a9b8b0}: static Lorg/gradle/internal/build/event/types/AbstractProjectConfigurationResult;.<clinit>()V> (0x0000000084a9b8b0) 
thrown [s\src\hotspot\share\prims\jni.cpp, line 1108]
Event: 9.322 Thread 0x0000026f369a2f90 Exception <a 'java/lang/NoSuchMethodError'{0x0000000084a9cff8}: static Lorg/gradle/internal/build/event/types/AbstractOperationResult;.<clinit>()V> (0x0000000084a9cff8) 
thrown [s\src\hotspot\share\prims\jni.cpp, line 1108]
Event: 9.322 Thread 0x0000026f369a2f90 Exception <a 'java/lang/NoSuchMethodError'{0x0000000084a9e448}: static Lorg/gradle/internal/build/event/types/AbstractResult;.<clinit>()V> (0x0000000084a9e448) 
thrown [s\src\hotspot\share\prims\jni.cpp, line 1108]
Event: 9.324 Thread 0x0000026f369a2f90 Exception <a 'java/lang/NoSuchMethodError'{0x000000008490a828}: static Lorg/gradle/internal/build/event/types/DefaultPluginApplicationResult;.<clinit>()V> (0x000000008490a828) 
thrown [s\src\hotspot\share\prims\jni.cpp, line 1108]
Event: 9.325 Thread 0x0000026f369a2f90 Exception <a 'java/lang/NoSuchMethodError'{0x0000000084917218}: static Lorg/gradle/internal/build/event/types/DefaultBinaryPluginIdentifier;.<clinit>()V> (0x0000000084917218) 
thrown [s\src\hotspot\share\prims\jni.cpp, line 1108]
Event: 9.327 Thread 0x0000026f369a2f90 Exception <a 'java/lang/NoSuchMethodError'{0x0000000084931150}: static Lorg/gradle/internal/build/event/types/DefaultScriptPluginIdentifier;.<clinit>()V> (0x0000000084931150) 
thrown [s\src\hotspot\share\prims\jni.cpp, line 1108]
Event: 9.401 Thread 0x0000026f369d0250 Implicit null exception at 0x0000026f213d7412 to 0x0000026f213d7a78
Event: 9.401 Thread 0x0000026f369d0250 Implicit null exception at 0x0000026f213d6514 to 0x0000026f213d6b8c
Event: 9.516 Thread 0x0000026f369d0250 Exception <a 'java/lang/NoSuchMethodError'{0x0000000087bdb798}: 'void java.lang.invoke.Invokers$Holder.invoke_MT(java.lang.Object, java.lang.Object, java.lang.Object, java.lang.Object)'> (0x0000000087bdb798) 
thrown [s\src\hotspot\share\interpreter\linkResolver.cpp, line 771]
Event: 9.528 Thread 0x0000026f369d0250 Exception <a 'java/lang/NoSuchMethodError'{0x000000008525a9b8}: 'java.lang.Object java.lang.invoke.DirectMethodHandle$Holder.invokeSpecial(java.lang.Object, java.lang.Object, java.lang.Object, int, java.lang.Object, java.lang.Object)'> (0x000000008525a9b8) 
thrown [s\src\hotspot\share\interpreter\linkResolver.cpp, line 771]
Event: 9.747 Thread 0x0000026f369d0250 Exception <a 'java/lang/ClassNotFoundException'{0x00000000850d2b78}: sun/misc/SharedSecrets> (0x00000000850d2b78) 
thrown [s\src\hotspot\share\classfile\systemDictionary.cpp, line 256]
Event: 9.748 Thread 0x0000026f369d0250 Exception <a 'java/lang/ClassNotFoundException'{0x00000000850d4150}: org/gradle/api/internal/plugins/DefaultObjectConfigurationActionBeanInfo> (0x00000000850d4150) 
thrown [s\src\hotspot\share\classfile\systemDictionary.cpp, line 256]
Event: 9.748 Thread 0x0000026f369d0250 Exception <a 'java/lang/ClassNotFoundException'{0x00000000850ec8b8}: org/gradle/api/internal/plugins/DefaultObjectConfigurationActionCustomizer> (0x00000000850ec8b8) 
thrown [s\src\hotspot\share\classfile\systemDictionary.cpp, line 256]

VM Operations (20 events):
Event: 9.484 Executing VM operation: G1TryInitiateConcMark done
Event: 9.523 Executing VM operation: G1PauseRemark
Event: 9.525 Executing VM operation: G1PauseRemark done
Event: 9.544 Executing VM operation: G1PauseCleanup
Event: 9.544 Executing VM operation: G1PauseCleanup done
Event: 9.544 Executing VM operation: HandshakeAllThreads
Event: 9.544 Executing VM operation: HandshakeAllThreads done
Event: 9.559 Executing VM operation: G1TryInitiateConcMark
Event: 9.561 Executing VM operation: G1TryInitiateConcMark done
Event: 9.599 Executing VM operation: G1PauseRemark
Event: 9.602 Executing VM operation: G1PauseRemark done
Event: 9.623 Executing VM operation: G1PauseCleanup
Event: 9.623 Executing VM operation: G1PauseCleanup done
Event: 9.888 Executing VM operation: G1CollectForAllocation
Event: 9.890 Executing VM operation: G1CollectForAllocation done
Event: 9.915 Executing VM operation: G1CollectForAllocation
Event: 9.916 Executing VM operation: G1CollectForAllocation done
Event: 9.993 Executing VM operation: G1TryInitiateConcMark
Event: 9.994 Executing VM operation: G1TryInitiateConcMark done
Event: 10.036 Executing VM operation: G1PauseRemark

Events (20 events):
Event: 9.552 Thread 0x0000026f30952040 flushing nmethod 0x0000026f1a044010
Event: 9.552 Thread 0x0000026f30952040 flushing nmethod 0x0000026f1a0a3910
Event: 9.552 Thread 0x0000026f30952040 flushing nmethod 0x0000026f1a0b3e90
Event: 9.553 Thread 0x0000026f30952040 flushing nmethod 0x0000026f1a13d390
Event: 9.553 Thread 0x0000026f30952040 flushing nmethod 0x0000026f1a141410
Event: 9.553 Thread 0x0000026f30952040 flushing nmethod 0x0000026f1a143f90
Event: 9.553 Thread 0x0000026f30952040 flushing nmethod 0x0000026f1a151d10
Event: 9.553 Thread 0x0000026f30952040 flushing nmethod 0x0000026f1a152090
Event: 9.553 Thread 0x0000026f30952040 flushing nmethod 0x0000026f1a15b210
Event: 9.553 Thread 0x0000026f30952040 flushing nmethod 0x0000026f1a193210
Event: 9.553 Thread 0x0000026f30952040 flushing nmethod 0x0000026f1a194990
Event: 9.553 Thread 0x0000026f30952040 flushing nmethod 0x0000026f1a194d10
Event: 9.553 Thread 0x0000026f30952040 flushing nmethod 0x0000026f1a1a6e90
Event: 9.553 Thread 0x0000026f30952040 flushing nmethod 0x0000026f1a1bae90
Event: 9.553 Thread 0x0000026f30952040 flushing nmethod 0x0000026f1a253510
Event: 9.746 loading class sun/misc/SharedSecrets
Event: 9.747 loading class sun/misc/SharedSecrets done
Event: 9.750 loading class jdk/internal/reflect/UnsafeObjectFieldAccessorImpl
Event: 9.751 loading class jdk/internal/reflect/UnsafeObjectFieldAccessorImpl done
Event: 10.022 Thread 0x0000026f387b7850 Thread exited: 0x0000026f387b7850


Dynamic libraries:
0x00007ff704e90000 - 0x00007ff704e9a000 	C:\Program Files\Android\Android Studio\jbr\bin\java.exe
0x00007ff99d2b0000 - 0x00007ff99d4a8000 	C:\WINDOWS\SYSTEM32\ntdll.dll
0x00007ff99b9d0000 - 0x00007ff99ba8d000 	C:\WINDOWS\System32\KERNEL32.DLL
0x00007ff99a970000 - 0x00007ff99ac66000 	C:\WINDOWS\System32\KERNELBASE.dll
0x00007ff99b090000 - 0x00007ff99b190000 	C:\WINDOWS\System32\ucrtbase.dll
0x00007ff996040000 - 0x00007ff996057000 	C:\Program Files\Android\Android Studio\jbr\bin\jli.dll
0x00007ff995cb0000 - 0x00007ff995ccb000 	C:\Program Files\Android\Android Studio\jbr\bin\VCRUNTIME140.dll
0x00007ff99c2c0000 - 0x00007ff99c45f000 	C:\WINDOWS\System32\USER32.dll
0x00007ff99af10000 - 0x00007ff99af32000 	C:\WINDOWS\System32\win32u.dll
0x00007ff983320000 - 0x00007ff9835ba000 	C:\WINDOWS\WinSxS\amd64_microsoft.windows.common-controls_6595b64144ccf1df_6.0.19041.4355_none_60b8b9eb71f62e16\COMCTL32.dll
0x00007ff99b430000 - 0x00007ff99b45b000 	C:\WINDOWS\System32\GDI32.dll
0x00007ff99ad40000 - 0x00007ff99ae57000 	C:\WINDOWS\System32\gdi32full.dll
0x00007ff99b460000 - 0x00007ff99b4fe000 	C:\WINDOWS\System32\msvcrt.dll
0x00007ff99aca0000 - 0x00007ff99ad3d000 	C:\WINDOWS\System32\msvcp_win.dll
0x00007ff99b2f0000 - 0x00007ff99b31f000 	C:\WINDOWS\System32\IMM32.DLL
0x00007ff995f80000 - 0x00007ff995f8c000 	C:\Program Files\Android\Android Studio\jbr\bin\vcruntime140_1.dll
0x00007ff987490000 - 0x00007ff98751d000 	C:\Program Files\Android\Android Studio\jbr\bin\msvcp140.dll
0x00007ff920410000 - 0x00007ff921093000 	C:\Program Files\Android\Android Studio\jbr\bin\server\jvm.dll
0x00007ff99c210000 - 0x00007ff99c2c0000 	C:\WINDOWS\System32\ADVAPI32.dll
0x00007ff99b680000 - 0x00007ff99b720000 	C:\WINDOWS\System32\sechost.dll
0x00007ff99c9c0000 - 0x00007ff99cae3000 	C:\WINDOWS\System32\RPCRT4.dll
0x00007ff99ac70000 - 0x00007ff99ac97000 	C:\WINDOWS\System32\bcrypt.dll
0x00007ff999ef0000 - 0x00007ff999f3b000 	C:\WINDOWS\SYSTEM32\POWRPROF.dll
0x00007ff9796c0000 - 0x00007ff9796c9000 	C:\WINDOWS\SYSTEM32\WSOCK32.dll
0x00007ff97b320000 - 0x00007ff97b347000 	C:\WINDOWS\SYSTEM32\WINMM.dll
0x00007ff993720000 - 0x00007ff99372a000 	C:\WINDOWS\SYSTEM32\VERSION.dll
0x00007ff99caf0000 - 0x00007ff99cb5b000 	C:\WINDOWS\System32\WS2_32.dll
0x00007ff999d60000 - 0x00007ff999d72000 	C:\WINDOWS\SYSTEM32\UMPDC.dll
0x00007ff999180000 - 0x00007ff999192000 	C:\WINDOWS\SYSTEM32\kernel.appcore.dll
0x00007ff997fd0000 - 0x00007ff997fda000 	C:\Program Files\Android\Android Studio\jbr\bin\jimage.dll
0x00007ff998e90000 - 0x00007ff999074000 	C:\WINDOWS\SYSTEM32\DBGHELP.DLL
0x00007ff96ed10000 - 0x00007ff96ed44000 	C:\WINDOWS\SYSTEM32\dbgcore.DLL
0x00007ff99b000000 - 0x00007ff99b082000 	C:\WINDOWS\System32\bcryptPrimitives.dll
0x00007ff9960c0000 - 0x00007ff9960ce000 	C:\Program Files\Android\Android Studio\jbr\bin\instrument.dll
0x00007ff996440000 - 0x00007ff996465000 	C:\Program Files\Android\Android Studio\jbr\bin\java.dll
0x00007ff9965f0000 - 0x00007ff996608000 	C:\Program Files\Android\Android Studio\jbr\bin\zip.dll
0x00007ff99ba90000 - 0x00007ff99c1fc000 	C:\WINDOWS\System32\SHELL32.dll
0x00007ff998620000 - 0x00007ff998dbd000 	C:\WINDOWS\SYSTEM32\windows.storage.dll
0x00007ff99cbc0000 - 0x00007ff99cf13000 	C:\WINDOWS\System32\combase.dll
0x00007ff99a390000 - 0x00007ff99a3be000 	C:\WINDOWS\SYSTEM32\Wldp.dll
0x00007ff99b5b0000 - 0x00007ff99b67d000 	C:\WINDOWS\System32\OLEAUT32.dll
0x00007ff99b500000 - 0x00007ff99b5ad000 	C:\WINDOWS\System32\SHCORE.dll
0x00007ff99b320000 - 0x00007ff99b375000 	C:\WINDOWS\System32\shlwapi.dll
0x00007ff99a8a0000 - 0x00007ff99a8c4000 	C:\WINDOWS\SYSTEM32\profapi.dll
0x00007ff996420000 - 0x00007ff996439000 	C:\Program Files\Android\Android Studio\jbr\bin\net.dll
0x00007ff997150000 - 0x00007ff99725a000 	C:\WINDOWS\SYSTEM32\WINHTTP.dll
0x00007ff99a0f0000 - 0x00007ff99a15a000 	C:\WINDOWS\system32\mswsock.dll
0x00007ff9962d0000 - 0x00007ff9962e6000 	C:\Program Files\Android\Android Studio\jbr\bin\nio.dll
0x00007ff9960d0000 - 0x00007ff9960e0000 	C:\Program Files\Android\Android Studio\jbr\bin\verify.dll
0x00007ff995d00000 - 0x00007ff995d27000 	C:\Users\HP\.gradle\native\c067742578af261105cb4f569cf0c3c89f3d7b1fecec35dd04571415982c5e48\windows-amd64\native-platform.dll
0x00007ff923be0000 - 0x00007ff923d24000 	C:\Users\HP\.gradle\native\38dada09dfb8b06ba9b0570ebf7e218e3eb74d4ef43ca46872605cf95ebc2f47\windows-amd64\native-platform-file-events.dll
0x00007ff9962c0000 - 0x00007ff9962c9000 	C:\Program Files\Android\Android Studio\jbr\bin\management.dll
0x00007ff9960e0000 - 0x00007ff9960eb000 	C:\Program Files\Android\Android Studio\jbr\bin\management_ext.dll
0x00007ff99c200000 - 0x00007ff99c208000 	C:\WINDOWS\System32\PSAPI.DLL
0x00007ff99a2e0000 - 0x00007ff99a2f8000 	C:\WINDOWS\SYSTEM32\CRYPTSP.dll
0x00007ff9999a0000 - 0x00007ff9999d4000 	C:\WINDOWS\system32\rsaenh.dll
0x00007ff99a810000 - 0x00007ff99a83e000 	C:\WINDOWS\SYSTEM32\USERENV.dll
0x00007ff99a300000 - 0x00007ff99a30c000 	C:\WINDOWS\SYSTEM32\CRYPTBASE.dll
0x00007ff999d80000 - 0x00007ff999dbb000 	C:\WINDOWS\SYSTEM32\IPHLPAPI.DLL
0x00007ff99c460000 - 0x00007ff99c468000 	C:\WINDOWS\System32\NSI.dll
0x00007ff98f3c0000 - 0x00007ff98f3d7000 	C:\WINDOWS\SYSTEM32\dhcpcsvc6.DLL
0x00007ff98ff50000 - 0x00007ff98ff6d000 	C:\WINDOWS\SYSTEM32\dhcpcsvc.DLL
0x00007ff999dc0000 - 0x00007ff999e8a000 	C:\WINDOWS\SYSTEM32\DNSAPI.dll
0x00007ff996410000 - 0x00007ff996419000 	C:\Program Files\Android\Android Studio\jbr\bin\extnet.dll
0x00007ff997c00000 - 0x00007ff997c07000 	C:\WINDOWS\system32\wshunix.dll

dbghelp: loaded successfully - version: 4.0.5 - missing functions: none
symbol engine: initialized successfully - sym options: 0x614 - pdb path: .;C:\Program Files\Android\Android Studio\jbr\bin;C:\WINDOWS\SYSTEM32;C:\WINDOWS\WinSxS\amd64_microsoft.windows.common-controls_6595b64144ccf1df_6.0.19041.4355_none_60b8b9eb71f62e16;C:\Program Files\Android\Android Studio\jbr\bin\server;C:\Users\HP\.gradle\native\c067742578af261105cb4f569cf0c3c89f3d7b1fecec35dd04571415982c5e48\windows-amd64;C:\Users\HP\.gradle\native\38dada09dfb8b06ba9b0570ebf7e218e3eb74d4ef43ca46872605cf95ebc2f47\windows-amd64

VM Arguments:
jvm_args: --add-opens=java.base/java.util=ALL-UNNAMED --add-opens=java.base/java.lang=ALL-UNNAMED --add-opens=java.base/java.lang.invoke=ALL-UNNAMED --add-opens=java.prefs/java.util.prefs=ALL-UNNAMED --add-opens=java.base/java.nio.charset=ALL-UNNAMED --add-opens=java.base/java.net=ALL-UNNAMED --add-opens=java.base/java.util.concurrent.atomic=ALL-UNNAMED -Xmx2048m -Dfile.encoding=UTF-8 -Duser.country=US -Duser.language=en -Duser.variant -javaagent:C:\Users\HP\.gradle\wrapper\dists\gradle-8.7-bin\bhs2wmbdwecv87pi65oeuq5iu\gradle-8.7\lib\agents\gradle-instrumentation-agent-8.7.jar 
java_command: org.gradle.launcher.daemon.bootstrap.GradleDaemon 8.7
java_class_path (initial): C:\Users\HP\.gradle\wrapper\dists\gradle-8.7-bin\bhs2wmbdwecv87pi65oeuq5iu\gradle-8.7\lib\gradle-launcher-8.7.jar
Launcher Type: SUN_STANDARD

[Global flags]
     intx CICompilerCount                          = 4                                         {product} {ergonomic}
     uint ConcGCThreads                            = 2                                         {product} {ergonomic}
     uint G1ConcRefinementThreads                  = 8                                         {product} {ergonomic}
   size_t G1HeapRegionSize                         = 1048576                                   {product} {ergonomic}
    uintx GCDrainStackTargetSize                   = 64                                        {product} {ergonomic}
   size_t InitialHeapSize                          = 130023424                                 {product} {ergonomic}
   size_t MarkStackSize                            = 4194304                                   {product} {ergonomic}
   size_t MaxHeapSize                              = 2147483648                                {product} {command line}
   size_t MaxNewSize                               = 1287651328                                {product} {ergonomic}
   size_t MinHeapDeltaBytes                        = 1048576                                   {product} {ergonomic}
   size_t MinHeapSize                              = 8388608                                   {product} {ergonomic}
    uintx NonNMethodCodeHeapSize                   = 5839372                                {pd product} {ergonomic}
    uintx NonProfiledCodeHeapSize                  = 122909434                              {pd product} {ergonomic}
    uintx ProfiledCodeHeapSize                     = 122909434                              {pd product} {ergonomic}
    uintx ReservedCodeCacheSize                    = 251658240                              {pd product} {ergonomic}
     bool SegmentedCodeCache                       = true                                      {product} {ergonomic}
   size_t SoftMaxHeapSize                          = 2147483648                             {manageable} {ergonomic}
     bool UseCompressedClassPointers               = true                           {product lp64_product} {ergonomic}
     bool UseCompressedOops                        = true                           {product lp64_product} {ergonomic}
     bool UseG1GC                                  = true                                      {product} {ergonomic}
     bool UseLargePagesIndividualAllocation        = false                                  {pd product} {ergonomic}

Logging:
Log output configuration:
 #0: stdout all=warning uptime,level,tags
 #1: stderr all=off uptime,level,tags

Environment Variables:
PATH=C:\Program Files (x86)\SIEMENS\S7-PCT\bin;C:\Program Files (x86)\Common Files\Siemens\Sqlany;C:\Program Files (x86)\Siemens\Step7\S7bin;C:\Program Files\Common Files\Siemens\Automation\Simatic OAM\bin;C:\Program Files (x86)\NVIDIA Corporation\PhysX\Common;C:\Program Files (x86)\Common Files\Intel\Shared Libraries\redist\intel64\compiler;C:\WINDOWS\system32;C:\WINDOWS;C:\WINDOWS\System32\Wbem;C:\WINDOWS\System32\WindowsPowerShell\v1.0\;C:\WINDOWS\System32\OpenSSH\;C:\MinGW\bin;C:\Program Files\dotnet\;C:\Program Files\Microsoft SQL Server\Client SDK\ODBC\110\Tools\Binn\;C:\Program Files (x86)\Microsoft SQL Server\120\Tools\Binn\;C:\Program Files\Microsoft SQL Server\120\Tools\Binn\;C:\Program Files\Microsoft SQL Server\120\DTS\Binn\;C:\Program Files (x86)\Windows Kits\8.1\Windows Performance Toolkit\;C:\Program Files\nodejs\;C:\Program Files\PKWARE\pkzipc;C:\Program Files\Git\cmd;C:\Users\HP\AppData\Local\Programs\Python\Python310\Scripts\;C:\Users\HP\AppData\Local\Programs\Python\Python310\;C:\Users\HP\AppData\Local\Microsoft\WindowsApps;;C:\Users\HP\AppData\Local\Programs\Microsoft VS Code\bin;C:\Users\HP\AppData\Roaming\npm;C:\altera\13.0\modelsim_ase\win32aloem
USERNAME=HP
OS=Windows_NT
PROCESSOR_IDENTIFIER=Intel64 Family 6 Model 140 Stepping 1, GenuineIntel
TMP=C:\Users\HP\AppData\Local\Temp
TEMP=C:\Users\HP\AppData\Local\Temp



Periodic native trim disabled

JNI global refs:
JNI global refs: 26, weak refs: 0

JNI global refs memory usage: 843, weak refs: 209

OOME stack traces (most recent first):
Classloader memory used:
Loader org.gradle.internal.classloader.VisitableURLClassLoader                         : 3485K
Loader bootstrap                                                                       : 2456K
Loader org.gradle.initialization.MixInLegacyTypesClassLoader                           : 1117K
Loader org.gradle.internal.classloader.VisitableURLClassLoader$InstrumentingVisitableURLClassLoader: 147K
Loader jdk.internal.loader.ClassLoaders$PlatformClassLoader                            : 65604B
Loader jdk.internal.loader.ClassLoaders$AppClassLoader                                 : 28714B
Loader jdk.internal.reflect.DelegatingClassLoader                                      : 21350B
Loader org.gradle.internal.classloader.VisitableURLClassLoader                         : 15925B

Classes loaded by more than one classloader:
Class Program                                                                         : loaded 4 times (x 72B)
Class com.google.common.collect.SingletonImmutableList                                : loaded 2 times (x 167B)
Class org.gradle.internal.classpath.ClassPath                                         : loaded 2 times (x 68B)
Class org.gradle.api.internal.classpath.DefaultModuleRegistry                         : loaded 2 times (x 84B)
Class Settings_gradle$1$1                                                             : loaded 2 times (x 72B)
Class com.google.common.base.CharMatcher$JavaDigit                                    : loaded 2 times (x 109B)
Class com.google.common.base.CharMatcher$Digit                                        : loaded 2 times (x 110B)
Class org.gradle.api.Action                                                           : loaded 2 times (x 68B)
Class com.google.common.collect.Lists$StringAsImmutableList                           : loaded 2 times (x 167B)
Class com.google.common.base.CharMatcher                                              : loaded 2 times (x 109B)
Class com.google.common.base.CharMatcher$IsNot                                        : loaded 2 times (x 109B)
Class com.google.common.base.Splitter                                                 : loaded 2 times (x 70B)
Class org.gradle.api.internal.DefaultClassPathProvider                                : loaded 2 times (x 74B)
Class org.gradle.internal.installation.GradleInstallation$1                           : loaded 2 times (x 73B)
Class com.google.common.base.CharMatcher$BitSetMatcher                                : loaded 2 times (x 110B)
Class com.google.common.base.Predicate                                                : loaded 2 times (x 68B)
Class org.gradle.internal.classloader.FilteringClassLoader                            : loaded 2 times (x 103B)
Class org.gradle.internal.classpath.DefaultClassPath$ImmutableUniqueList$Builder      : loaded 2 times (x 73B)
Class com.google.common.base.CharMatcher$InRange                                      : loaded 2 times (x 109B)
Class com.google.common.collect.Lists                                                 : loaded 2 times (x 69B)
Class org.gradle.internal.classloader.ClassLoaderVisitor                              : loaded 2 times (x 74B)
Class org.gradle.internal.service.DefaultServiceLocator                               : loaded 2 times (x 81B)
Class org.gradle.internal.service.UnknownServiceException                             : loaded 2 times (x 81B)
Class org.gradle.internal.classloader.DefaultClassLoaderFactory                       : loaded 2 times (x 80B)
Class com.google.common.collect.UnmodifiableIterator                                  : loaded 2 times (x 78B)
Class com.google.common.base.CharMatcher$SingleWidth                                  : loaded 2 times (x 110B)
Class com.google.common.base.JdkPattern                                               : loaded 2 times (x 73B)
Class org.gradle.internal.classloader.VisitableURLClassLoader$Spec                    : loaded 2 times (x 72B)
Class org.gradle.api.GradleException                                                  : loaded 2 times (x 80B)
Class com.google.common.base.CharMatcher$JavaLetterOrDigit                            : loaded 2 times (x 109B)
Class org.gradle.api.internal.classpath.ModuleRegistry                                : loaded 2 times (x 68B)
Class com.google.common.collect.ImmutableCollection                                   : loaded 2 times (x 123B)
Class org.gradle.api.internal.ClassPathProvider                                       : loaded 2 times (x 68B)
Class org.gradle.internal.classloader.ClasspathUtil$1                                 : loaded 2 times (x 74B)
Class com.google.common.collect.ImmutableList$ReverseImmutableList                    : loaded 2 times (x 168B)
Class org.gradle.internal.classloader.ClassLoaderFactory                              : loaded 2 times (x 68B)
Class com.google.common.collect.ObjectArrays                                          : loaded 2 times (x 69B)
Class com.google.common.collect.ImmutableList                                         : loaded 2 times (x 166B)
Class org.gradle.api.internal.classpath.ManifestUtil                                  : loaded 2 times (x 69B)
Class org.gradle.api.specs.Spec                                                       : loaded 2 times (x 68B)
Class com.google.common.base.CharMatcher$Whitespace                                   : loaded 2 times (x 110B)
Class com.google.common.base.Preconditions                                            : loaded 2 times (x 69B)
Class org.gradle.internal.IoActions                                                   : loaded 2 times (x 69B)
Class com.google.common.collect.CollectPreconditions                                  : loaded 2 times (x 69B)
Class com.google.common.collect.AbstractIndexedListIterator                           : loaded 2 times (x 94B)
Class com.google.common.base.CharMatcher$None                                         : loaded 2 times (x 110B)
Class org.gradle.api.internal.classpath.EffectiveClassPath                            : loaded 2 times (x 88B)
Class com.google.common.collect.UnmodifiableListIterator                              : loaded 2 times (x 93B)
Class com.google.common.collect.ImmutableList$1                                       : loaded 2 times (x 95B)
Class com.google.common.base.Splitter$Strategy                                        : loaded 2 times (x 68B)
Class org.gradle.internal.installation.CurrentGradleInstallation                      : loaded 2 times (x 71B)
Class org.gradle.internal.agents.InstrumentingClassLoader                             : loaded 2 times (x 68B)
Class org.gradle.internal.installation.CurrentGradleInstallationLocator               : loaded 2 times (x 69B)
Class org.gradle.api.internal.classpath.Module                                        : loaded 2 times (x 68B)
Class com.google.common.base.Splitter$1$1                                             : loaded 2 times (x 84B)
Class org.gradle.internal.service.CachingServiceLocator                               : loaded 2 times (x 80B)
Class org.gradle.internal.classpath.DefaultClassPath                                  : loaded 2 times (x 88B)
Class com.google.common.base.Splitter$SplittingIterator                               : loaded 2 times (x 82B)
Class Build_gradle$1                                                                  : loaded 2 times (x 76B)
Class com.google.common.base.CharMatcher$Is                                           : loaded 2 times (x 109B)
Class com.google.common.collect.RegularImmutableAsList                                : loaded 2 times (x 176B)
Class org.gradle.internal.classloader.SystemClassLoaderSpec                           : loaded 2 times (x 69B)
Class [Lcom.google.common.base.AbstractIterator$State;                                : loaded 2 times (x 67B)
Class com.google.common.base.AbstractIterator                                         : loaded 2 times (x 78B)
Class com.google.common.base.AbstractIterator$1                                       : loaded 2 times (x 69B)
Class com.google.common.base.CharMatcher$1                                            : loaded 2 times (x 111B)
Class com.google.common.base.CharMatcher$Ascii                                        : loaded 2 times (x 110B)
Class org.gradle.api.UncheckedIOException                                             : loaded 2 times (x 80B)
Class com.google.common.base.CharMatcher$And                                          : loaded 2 times (x 110B)
Class com.google.common.base.CharMatcher$Any                                          : loaded 2 times (x 110B)
Class org.gradle.internal.installation.GradleInstallation                             : loaded 2 times (x 73B)
Class com.google.common.base.CharMatcher$RangesMatcher                                : loaded 2 times (x 110B)
Class com.google.common.collect.ImmutableList$SubList                                 : loaded 2 times (x 168B)
Class org.gradle.internal.classloader.ClasspathUtil                                   : loaded 2 times (x 69B)
Class com.google.common.base.Splitter$1                                               : loaded 2 times (x 75B)
Class org.gradle.api.internal.DefaultClassPathRegistry                                : loaded 2 times (x 74B)
Class org.gradle.api.internal.classpath.DefaultModuleRegistry$DefaultModule           : loaded 2 times (x 84B)
Class com.google.common.base.CharMatcher$JavaIsoControl                               : loaded 2 times (x 110B)
Class com.google.common.base.CharMatcher$Or                                           : loaded 2 times (x 110B)
Class org.gradle.kotlin.dsl.VersionCatalogAccessorsKt                                 : loaded 2 times (x 69B)
Class com.google.common.base.CharMatcher$JavaLowerCase                                : loaded 2 times (x 109B)
Class org.gradle.api.internal.classpath.UnknownModuleException                        : loaded 2 times (x 80B)
Class com.google.common.base.CommonPattern                                            : loaded 2 times (x 72B)
Class org.gradle.internal.service.ServiceLookupException                              : loaded 2 times (x 80B)
Class org.gradle.cache.GlobalCache                                                    : loaded 2 times (x 68B)
Class com.google.common.base.CharMatcher$NegatedFastMatcher                           : loaded 2 times (x 111B)
Class [Lorg.gradle.api.internal.ClassPathProvider;                                    : loaded 2 times (x 67B)
Class org.gradle.util.internal.GUtil                                                  : loaded 2 times (x 69B)
Class org.gradle.internal.classloader.ClassLoaderSpec                                 : loaded 2 times (x 69B)
Class com.google.common.base.NullnessCasts                                            : loaded 2 times (x 69B)
Class com.google.common.base.CharMatcher$Negated                                      : loaded 2 times (x 111B)
Class com.google.common.base.CharMatcher$ForPredicate                                 : loaded 2 times (x 110B)
Class org.gradle.internal.classloader.VisitableURLClassLoader                         : loaded 2 times (x 115B)
Class org.gradle.internal.Cast                                                        : loaded 2 times (x 69B)
Class Build_gradle                                                                    : loaded 2 times (x 70B)
Class org.gradle.api.internal.ClassPathRegistry                                       : loaded 2 times (x 68B)
Class org.gradle.internal.classloader.VisitableURLClassLoader$InstrumentingVisitableURLClassLoader: loaded 2 times (x 121B)
Class org.gradle.internal.classloader.ClassLoaderHierarchy                            : loaded 2 times (x 68B)
Class com.google.common.base.AbstractIterator$State                                   : loaded 2 times (x 77B)
Class com.google.common.base.CharMatcher$NamedFastMatcher                             : loaded 2 times (x 110B)
Class org.gradle.internal.InternalTransformer                                         : loaded 2 times (x 68B)
Class org.gradle.internal.service.ServiceLocator                                      : loaded 2 times (x 68B)
Class Settings_gradle$1                                                               : loaded 2 times (x 72B)
Class com.google.common.base.CharMatcher$Invisible                                    : loaded 2 times (x 110B)
Class com.google.common.base.CharMatcher$FastMatcher                                  : loaded 2 times (x 109B)
Class org.gradle.internal.classpath.DefaultClassPath$ImmutableUniqueList              : loaded 2 times (x 159B)
Class com.google.common.base.CharMatcher$JavaLetter                                   : loaded 2 times (x 109B)
Class org.gradle.internal.classpath.TransformedClassPath                              : loaded 2 times (x 94B)
Class Settings_gradle                                                                 : loaded 2 times (x 126B)
Class com.google.common.collect.ImmutableAsList                                       : loaded 2 times (x 169B)
Class com.google.common.base.CharMatcher$AnyOf                                        : loaded 2 times (x 110B)
Class com.google.common.base.CharMatcher$IsEither                                     : loaded 2 times (x 109B)
Class com.google.common.collect.RegularImmutableList                                  : loaded 2 times (x 172B)
Class com.google.common.base.CharMatcher$JavaUpperCase                                : loaded 2 times (x 109B)


---------------  S Y S T E M  ---------------

OS:
 Windows 10 , 64 bit Build 19041 (10.0.19041.3636)
OS uptime: 4 days 16:22 hours

CPU: total 8 (initial active 8) (4 cores per cpu, 2 threads per core) family 6 model 140 stepping 1 microcode 0x86, cx8, cmov, fxsr, ht, mmx, 3dnowpref, sse, sse2, sse3, ssse3, sse4.1, sse4.2, popcnt, lzcnt, tsc, tscinvbit, avx, avx2, aes, erms, clmul, bmi1, bmi2, adx, avx512f, avx512dq, avx512cd, avx512bw, avx512vl, sha, fma, vzeroupper, avx512_vpopcntdq, avx512_vpclmulqdq, avx512_vaes, avx512_vnni, clflush, clflushopt, clwb, avx512_vbmi2, avx512_vbmi
Processor Information for all 8 processors :
  Max Mhz: 2419, Current Mhz: 2419, Mhz Limit: 2419

Memory: 4k page, system-wide physical 7932M (245M free)
TotalPageFile size 14076M (AvailPageFile size 10M)
current process WorkingSet (physical memory assigned to process): 198M, peak: 223M
current process commit charge ("private bytes"): 305M, peak: 328M

vm_info: OpenJDK 64-Bit Server VM (17.0.10+0--11609105) for windows-amd64 JRE (17.0.10+0--11609105), built on Mar 21 2024 19:10:56 by "androidbuild" with MS VC++ 16.10 / 16.11 (VS2019)

END.
